2025-05-10T23:06:23Z	INFO	setup	starting manager
2025-05-10T23:06:24Z	INFO	starting server	{"name": "health probe", "addr": "[::]:8081"}
2025-05-10T23:06:24Z	INFO	Starting EventSource	{"controller": "migration", "controllerGroup": "vjailbreak.k8s.pf9.io", "controllerKind": "Migration", "source": "kind source: *v1.Pod"}
2025-05-10T23:06:24Z	INFO	Starting EventSource	{"controller": "migration", "controllerGroup": "vjailbreak.k8s.pf9.io", "controllerKind": "Migration", "source": "kind source: *v1alpha1.Migration"}
2025-05-10T23:06:24Z	INFO	Starting EventSource	{"controller": "migrationplan", "controllerGroup": "vjailbreak.k8s.pf9.io", "controllerKind": "MigrationPlan", "source": "kind source: *v1alpha1.Migration"}
2025-05-10T23:06:24Z	INFO	Starting EventSource	{"controller": "vjailbreaknode", "controllerGroup": "vjailbreak.k8s.pf9.io", "controllerKind": "VjailbreakNode", "source": "kind source: *v1alpha1.VjailbreakNode"}
2025-05-10T23:06:24Z	INFO	Starting EventSource	{"controller": "vmwarecreds", "controllerGroup": "vjailbreak.k8s.pf9.io", "controllerKind": "VMwareCreds", "source": "kind source: *v1alpha1.VMwareCreds"}
2025-05-10T23:06:24Z	INFO	Starting EventSource	{"controller": "migrationplan", "controllerGroup": "vjailbreak.k8s.pf9.io", "controllerKind": "MigrationPlan", "source": "kind source: *v1alpha1.MigrationPlan"}
2025-05-10T23:06:24Z	INFO	Starting EventSource	{"controller": "networkmapping", "controllerGroup": "vjailbreak.k8s.pf9.io", "controllerKind": "NetworkMapping", "source": "kind source: *v1alpha1.NetworkMapping"}
2025-05-10T23:06:24Z	INFO	Starting EventSource	{"controller": "storagemapping", "controllerGroup": "vjailbreak.k8s.pf9.io", "controllerKind": "StorageMapping", "source": "kind source: *v1alpha1.StorageMapping"}
2025-05-10T23:06:24Z	INFO	Starting EventSource	{"controller": "openstackcreds", "controllerGroup": "vjailbreak.k8s.pf9.io", "controllerKind": "OpenstackCreds", "source": "kind source: *v1alpha1.OpenstackCreds"}
2025-05-10T23:06:24Z	INFO	Starting EventSource	{"controller": "migrationtemplate", "controllerGroup": "vjailbreak.k8s.pf9.io", "controllerKind": "MigrationTemplate", "source": "kind source: *v1alpha1.MigrationTemplate"}
2025-05-10T23:06:24Z	INFO	Starting Controller	{"controller": "storagemapping", "controllerGroup": "vjailbreak.k8s.pf9.io", "controllerKind": "StorageMapping"}
2025-05-10T23:06:24Z	INFO	Starting workers	{"controller": "storagemapping", "controllerGroup": "vjailbreak.k8s.pf9.io", "controllerKind": "StorageMapping", "worker count": 1}
2025-05-10T23:06:24Z	INFO	Starting Controller	{"controller": "vmwarecreds", "controllerGroup": "vjailbreak.k8s.pf9.io", "controllerKind": "VMwareCreds"}
2025-05-10T23:06:24Z	INFO	Starting workers	{"controller": "vmwarecreds", "controllerGroup": "vjailbreak.k8s.pf9.io", "controllerKind": "VMwareCreds", "worker count": 1}
2025-05-10T23:06:24Z	INFO	Starting Controller	{"controller": "openstackcreds", "controllerGroup": "vjailbreak.k8s.pf9.io", "controllerKind": "OpenstackCreds"}
2025-05-10T23:06:24Z	INFO	Starting workers	{"controller": "openstackcreds", "controllerGroup": "vjailbreak.k8s.pf9.io", "controllerKind": "OpenstackCreds", "worker count": 1}
2025-05-10T23:06:24Z	INFO	Starting Controller	{"controller": "networkmapping", "controllerGroup": "vjailbreak.k8s.pf9.io", "controllerKind": "NetworkMapping"}
2025-05-10T23:06:24Z	INFO	Starting workers	{"controller": "networkmapping", "controllerGroup": "vjailbreak.k8s.pf9.io", "controllerKind": "NetworkMapping", "worker count": 1}
2025-05-10T23:06:24Z	INFO	Starting Controller	{"controller": "migrationplan", "controllerGroup": "vjailbreak.k8s.pf9.io", "controllerKind": "MigrationPlan"}
2025-05-10T23:06:24Z	INFO	Starting workers	{"controller": "migrationplan", "controllerGroup": "vjailbreak.k8s.pf9.io", "controllerKind": "MigrationPlan", "worker count": 1}
2025-05-10T23:06:24Z	INFO	Starting Controller	{"controller": "vjailbreaknode", "controllerGroup": "vjailbreak.k8s.pf9.io", "controllerKind": "VjailbreakNode"}
2025-05-10T23:06:24Z	INFO	Starting workers	{"controller": "vjailbreaknode", "controllerGroup": "vjailbreak.k8s.pf9.io", "controllerKind": "VjailbreakNode", "worker count": 1}
2025-05-10T23:06:24Z	INFO	Starting Controller	{"controller": "migration", "controllerGroup": "vjailbreak.k8s.pf9.io", "controllerKind": "Migration"}
2025-05-10T23:06:24Z	INFO	Starting workers	{"controller": "migration", "controllerGroup": "vjailbreak.k8s.pf9.io", "controllerKind": "Migration", "worker count": 1}
2025-05-10T23:06:24Z	INFO	Starting Controller	{"controller": "migrationtemplate", "controllerGroup": "vjailbreak.k8s.pf9.io", "controllerKind": "MigrationTemplate"}
2025-05-10T23:06:24Z	INFO	Starting workers	{"controller": "migrationtemplate", "controllerGroup": "vjailbreak.k8s.pf9.io", "controllerKind": "MigrationTemplate", "worker count": 1}
2025-05-10T23:06:24Z	INFO	Reconciling VMwareCreds 'pf9-qa-vcenter-01' object	{"controller": "vmwarecreds", "controllerGroup": "vjailbreak.k8s.pf9.io", "controllerKind": "VMwareCreds", "VMwareCreds": {"name":"pf9-qa-vcenter-01","namespace":"migration-system"}, "namespace": "migration-system", "name": "pf9-qa-vcenter-01", "reconcileID": "afe24951-0a48-45af-98db-bddee8704496"}
2025-05-10T23:06:24Z	INFO	Reconciling networkmapping 'a98ec802-29ea-4ba5-8557-a5328900d1c0'	{"controller": "networkmapping", "controllerGroup": "vjailbreak.k8s.pf9.io", "controllerKind": "NetworkMapping", "NetworkMapping": {"name":"a98ec802-29ea-4ba5-8557-a5328900d1c0","namespace":"migration-system"}, "namespace": "migration-system", "name": "a98ec802-29ea-4ba5-8557-a5328900d1c0", "reconcileID": "46d8a385-4291-490e-b55c-34c773cdb09f"}
2025-05-10T23:06:24Z	INFO	Reconciling MigrationTemplate	{"controller": "migrationtemplate", "controllerGroup": "vjailbreak.k8s.pf9.io", "controllerKind": "MigrationTemplate", "MigrationTemplate": {"name":"9e1801db-95ed-46c3-a131-fd57643cfee5","namespace":"migration-system"}, "namespace": "migration-system", "name": "9e1801db-95ed-46c3-a131-fd57643cfee5", "reconcileID": "79ad9674-bcd3-4d90-9a6a-08fb4ded3060"}
2025-05-10T23:06:24Z	INFO	Reconciling storagemapping 'd8b7d356-b05a-4156-9b90-4538715c97d8'	{"controller": "storagemapping", "controllerGroup": "vjailbreak.k8s.pf9.io", "controllerKind": "StorageMapping", "StorageMapping": {"name":"d8b7d356-b05a-4156-9b90-4538715c97d8","namespace":"migration-system"}, "namespace": "migration-system", "name": "d8b7d356-b05a-4156-9b90-4538715c97d8", "reconcileID": "53831c1a-e56b-4d03-aefc-681e70da1d84"}
2025-05-10T23:06:24Z	INFO	openstackcreds-controller	Reconciling OpenstackCreds 'pf9-qa-local-01'	{"controller": "openstackcreds", "controllerGroup": "vjailbreak.k8s.pf9.io", "controllerKind": "OpenstackCreds", "OpenstackCreds": {"name":"pf9-qa-local-01","namespace":"migration-system"}, "namespace": "migration-system", "name": "pf9-qa-local-01", "reconcileID": "9c7a7a24-58bf-4933-8cec-b89b0333f085"}
2025-05-10T23:06:24Z	INFO	openstackcreds-controller	OpenstackCreds 'pf9-qa-local-01' CR is being created or updated	{"controller": "openstackcreds", "controllerGroup": "vjailbreak.k8s.pf9.io", "controllerKind": "OpenstackCreds", "OpenstackCreds": {"name":"pf9-qa-local-01","namespace":"migration-system"}, "namespace": "migration-system", "name": "pf9-qa-local-01", "reconcileID": "9c7a7a24-58bf-4933-8cec-b89b0333f085"}
2025-05-10T23:06:24Z	INFO	openstackcreds-controller	Validating OpenstackCreds 'pf9-qa-local-01' object	{"controller": "openstackcreds", "controllerGroup": "vjailbreak.k8s.pf9.io", "controllerKind": "OpenstackCreds", "OpenstackCreds": {"name":"pf9-qa-local-01","namespace":"migration-system"}, "namespace": "migration-system", "name": "pf9-qa-local-01", "reconcileID": "9c7a7a24-58bf-4933-8cec-b89b0333f085"}
2025-05-10T23:06:24Z	INFO	Reconciling MigrationPlan '63f0bd87-b319-40cb-9d78-c43652d576b0'	{"controller": "migrationplan", "controllerGroup": "vjailbreak.k8s.pf9.io", "controllerKind": "MigrationPlan", "MigrationPlan": {"name":"63f0bd87-b319-40cb-9d78-c43652d576b0","namespace":"migration-system"}, "namespace": "migration-system", "name": "63f0bd87-b319-40cb-9d78-c43652d576b0", "reconcileID": "d93d43ff-d926-4cab-861f-6dcb7aaa0467"}
2025-05-10T23:06:24Z	INFO	migration-controller	Reconciling Migration object	{"controller": "migration", "controllerGroup": "vjailbreak.k8s.pf9.io", "controllerKind": "Migration", "Migration": {"name":"migration-pf9-testdb-mysql-01","namespace":"migration-system"}, "namespace": "migration-system", "name": "migration-pf9-testdb-mysql-01", "reconcileID": "0e34d794-a929-4821-a0e5-612ee55c8e2e"}
2025-05-10T23:06:24Z	ERROR	Reconciler error	{"controller": "migration", "controllerGroup": "vjailbreak.k8s.pf9.io", "controllerKind": "Migration", "Migration": {"name":"migration-pf9-testdb-mysql-01","namespace":"migration-system"}, "namespace": "migration-system", "name": "migration-pf9-testdb-mysql-01", "reconcileID": "0e34d794-a929-4821-a0e5-612ee55c8e2e", "error": "pod is not Running nor Succeeded for migration migration-pf9-testdb-mysql-01"}
sigs.k8s.io/controller-runtime/pkg/internal/controller.(*Controller[...]).reconcileHandler
	/go/pkg/mod/sigs.k8s.io/controller-runtime@v0.20.1/pkg/internal/controller/controller.go:341
sigs.k8s.io/controller-runtime/pkg/internal/controller.(*Controller[...]).processNextWorkItem
	/go/pkg/mod/sigs.k8s.io/controller-runtime@v0.20.1/pkg/internal/controller/controller.go:288
sigs.k8s.io/controller-runtime/pkg/internal/controller.(*Controller[...]).Start.func2.2
	/go/pkg/mod/sigs.k8s.io/controller-runtime@v0.20.1/pkg/internal/controller/controller.go:249
2025-05-10T23:06:24Z	INFO	vjailbreaknode-controller	Reconciling VjailbreakNode	{"controller": "vjailbreaknode", "controllerGroup": "vjailbreak.k8s.pf9.io", "controllerKind": "VjailbreakNode", "VjailbreakNode": {"name":"vjailbreak-master","namespace":"migration-system"}, "namespace": "migration-system", "name": "vjailbreak-master", "reconcileID": "9f294309-be62-48ea-beb4-6f6200599156"}
2025-05-10T23:06:24Z	INFO	migration-controller	Reconciling Migration object	{"controller": "migration", "controllerGroup": "vjailbreak.k8s.pf9.io", "controllerKind": "Migration", "Migration": {"name":"migration-pf9-testdb-mysql-01","namespace":"migration-system"}, "namespace": "migration-system", "name": "migration-pf9-testdb-mysql-01", "reconcileID": "e3ea8296-36c2-44e4-a08e-6ce88c0a781e"}
2025-05-10T23:06:24Z	ERROR	Reconciler error	{"controller": "migration", "controllerGroup": "vjailbreak.k8s.pf9.io", "controllerKind": "Migration", "Migration": {"name":"migration-pf9-testdb-mysql-01","namespace":"migration-system"}, "namespace": "migration-system", "name": "migration-pf9-testdb-mysql-01", "reconcileID": "e3ea8296-36c2-44e4-a08e-6ce88c0a781e", "error": "pod is not Running nor Succeeded for migration migration-pf9-testdb-mysql-01"}
sigs.k8s.io/controller-runtime/pkg/internal/controller.(*Controller[...]).reconcileHandler
	/go/pkg/mod/sigs.k8s.io/controller-runtime@v0.20.1/pkg/internal/controller/controller.go:341
sigs.k8s.io/controller-runtime/pkg/internal/controller.(*Controller[...]).processNextWorkItem
	/go/pkg/mod/sigs.k8s.io/controller-runtime@v0.20.1/pkg/internal/controller/controller.go:288
sigs.k8s.io/controller-runtime/pkg/internal/controller.(*Controller[...]).Start.func2.2
	/go/pkg/mod/sigs.k8s.io/controller-runtime@v0.20.1/pkg/internal/controller/controller.go:249
2025-05-10T23:06:24Z	INFO	migration-controller	Reconciling Migration object	{"controller": "migration", "controllerGroup": "vjailbreak.k8s.pf9.io", "controllerKind": "Migration", "Migration": {"name":"migration-pf9-testdb-mysql-01","namespace":"migration-system"}, "namespace": "migration-system", "name": "migration-pf9-testdb-mysql-01", "reconcileID": "3dd1016c-94d0-489b-9d03-bb72996ed95c"}
2025-05-10T23:06:24Z	ERROR	Reconciler error	{"controller": "migration", "controllerGroup": "vjailbreak.k8s.pf9.io", "controllerKind": "Migration", "Migration": {"name":"migration-pf9-testdb-mysql-01","namespace":"migration-system"}, "namespace": "migration-system", "name": "migration-pf9-testdb-mysql-01", "reconcileID": "3dd1016c-94d0-489b-9d03-bb72996ed95c", "error": "pod is not Running nor Succeeded for migration migration-pf9-testdb-mysql-01"}
sigs.k8s.io/controller-runtime/pkg/internal/controller.(*Controller[...]).reconcileHandler
	/go/pkg/mod/sigs.k8s.io/controller-runtime@v0.20.1/pkg/internal/controller/controller.go:341
sigs.k8s.io/controller-runtime/pkg/internal/controller.(*Controller[...]).processNextWorkItem
	/go/pkg/mod/sigs.k8s.io/controller-runtime@v0.20.1/pkg/internal/controller/controller.go:288
sigs.k8s.io/controller-runtime/pkg/internal/controller.(*Controller[...]).Start.func2.2
	/go/pkg/mod/sigs.k8s.io/controller-runtime@v0.20.1/pkg/internal/controller/controller.go:249
2025-05-10T23:06:24Z	INFO	migration-controller	Reconciling Migration object	{"controller": "migration", "controllerGroup": "vjailbreak.k8s.pf9.io", "controllerKind": "Migration", "Migration": {"name":"migration-pf9-testdb-mysql-01","namespace":"migration-system"}, "namespace": "migration-system", "name": "migration-pf9-testdb-mysql-01", "reconcileID": "74b174a4-840e-4178-a207-3f19f79dc3d0"}
2025-05-10T23:06:24Z	ERROR	Reconciler error	{"controller": "migration", "controllerGroup": "vjailbreak.k8s.pf9.io", "controllerKind": "Migration", "Migration": {"name":"migration-pf9-testdb-mysql-01","namespace":"migration-system"}, "namespace": "migration-system", "name": "migration-pf9-testdb-mysql-01", "reconcileID": "74b174a4-840e-4178-a207-3f19f79dc3d0", "error": "pod is not Running nor Succeeded for migration migration-pf9-testdb-mysql-01"}
sigs.k8s.io/controller-runtime/pkg/internal/controller.(*Controller[...]).reconcileHandler
	/go/pkg/mod/sigs.k8s.io/controller-runtime@v0.20.1/pkg/internal/controller/controller.go:341
sigs.k8s.io/controller-runtime/pkg/internal/controller.(*Controller[...]).processNextWorkItem
	/go/pkg/mod/sigs.k8s.io/controller-runtime@v0.20.1/pkg/internal/controller/controller.go:288
sigs.k8s.io/controller-runtime/pkg/internal/controller.(*Controller[...]).Start.func2.2
	/go/pkg/mod/sigs.k8s.io/controller-runtime@v0.20.1/pkg/internal/controller/controller.go:249
2025-05-10T23:06:24Z	INFO	Trusting certificate for 'https://disw-qa-wilsonville.app.pcd.platform9.com/keystone/v3'	{"controller": "openstackcreds", "controllerGroup": "vjailbreak.k8s.pf9.io", "controllerKind": "OpenstackCreds", "OpenstackCreds": {"name":"pf9-qa-local-01","namespace":"migration-system"}, "namespace": "migration-system", "name": "pf9-qa-local-01", "reconcileID": "9c7a7a24-58bf-4933-8cec-b89b0333f085"}
2025-05-10T23:06:24Z	INFO	-----BEGIN CERTIFICATE-----
MIIFUjCCBDqgAwIBAgISBtr0cvTPioVFBXTV2A7aHNIqMA0GCSqGSIb3DQEBCwUA
MDMxCzAJBgNVBAYTAlVTMRYwFAYDVQQKEw1MZXQncyBFbmNyeXB0MQwwCgYDVQQD
EwNSMTAwHhcNMjUwNDAxMDU0MzQwWhcNMjUwNjMwMDU0MzM5WjA0MTIwMAYDVQQD
EylkaXN3LXFhLXdpbHNvbnZpbGxlLmFwcC5wY2QucGxhdGZvcm05LmNvbTCCASIw
DQYJKoZIhvcNAQEBBQADggEPADCCAQoCggEBALkN/jDgtAulvkiZwlgHwXK1XqnB
VABMnwqNdtkpscJnVPdxjziMJe4KCFthPxz3jpiwvbDa/TKzYwnksQpmtNWK11+k
r6a1dPzOmRX0hNKx8uTFxyi6hQG3ijCY+f6BA1akjaT3fdeTJXDSRA8wze/YbKLS
TDGuIV56NFqlc9ke9PS0Yk73WNJ6GZCMOsi0VF4Z66PTnqARQNHKPcymbu80I9R6
7zsw/nYrF2NJB+41EX5DCcrrQVZZGuMAmi0SZJZlUQuGdLkFtgXmVf+zAqGMVshm
C2kRiUjgpwXnrHTV+wM1Clz1UGhWFPq+9QXroCz0bS3+r/f/ycC1w6C+SQUCAwEA
AaOCAl0wggJZMA4GA1UdDwEB/wQEAwIFoDAdBgNVHSUEFjAUBggrBgEFBQcDAQYI
KwYBBQUHAwIwDAYDVR0TAQH/BAIwADAdBgNVHQ4EFgQU2APiC15a5j0k9PqSEVfi
DOYqDz8wHwYDVR0jBBgwFoAUu7zDR6XkvKnGw6RyDBCNojXhyOgwVwYIKwYBBQUH
AQEESzBJMCIGCCsGAQUFBzABhhZodHRwOi8vcjEwLm8ubGVuY3Iub3JnMCMGCCsG
AQUFBzAChhdodHRwOi8vcjEwLmkubGVuY3Iub3JnLzA0BgNVHREELTArgilkaXN3
LXFhLXdpbHNvbnZpbGxlLmFwcC5wY2QucGxhdGZvcm05LmNvbTATBgNVHSAEDDAK
MAgGBmeBDAECATAuBgNVHR8EJzAlMCOgIaAfhh1odHRwOi8vcjEwLmMubGVuY3Iu
b3JnLzQzLmNybDCCAQQGCisGAQQB1nkCBAIEgfUEgfIA8AB3AMz7D2qFcQll/pWb
U87psnwi6YVcDZeNtql+VMD+TA2wAAABlfAWB/EAAAQDAEgwRgIhAPR1cLYz2pLK
NqxihFqe3OynBLnabR2cixIf0GojCrrOAiEAyqWvXKtsnhL9lNA8IFIDlN4kZaFu
xngnmRDCv9KFgwYAdQATSt8atZhCCXgMb+9MepGkFrcjSc5YV2rfrtqnwqvgIgAA
AZXwFgifAAAEAwBGMEQCIBBecg4dylE/UD6AEF4wkHKmmvMrd8zcj2wPHebixBO4
AiBvzdYCSBmbdzpotD+gMneNxP9qzp2a6lQznLMgAJc9jDANBgkqhkiG9w0BAQsF
AAOCAQEAmnvatKp5xLncQzS57Y3LJU36BdI0sU9K3XmK/bEWvW2YjghYEPXyOH/t
pKva+nrdLClbOIS0uaPR0MJnkWXwG3zeDVakeYHLelz8CWUE6ahThOQK4Hmm43Fy
cuaGq1/b+pPjFpJ4XF+o60aoPWmuDVkkInGE1bWpeFUEqPciM84evifgb9U0N8jy
bv/fLxBhvy9rXrS+8oPO4roD2Bc4D2dtbA4gqq93QabQMZ1Vbvc3Mty6gQhy7AfH
j7BkjINymlJZhYH3SF3QOZn+Pa3X9YxybUFWudiCf9D/ivAETgIYU3GW/WwCdseF
L+T2aNSIqdfmk+6ufK+3+ZI7uNmaMA==
-----END CERTIFICATE-----
	{"controller": "openstackcreds", "controllerGroup": "vjailbreak.k8s.pf9.io", "controllerKind": "OpenstackCreds", "OpenstackCreds": {"name":"pf9-qa-local-01","namespace":"migration-system"}, "namespace": "migration-system", "name": "pf9-qa-local-01", "reconcileID": "9c7a7a24-58bf-4933-8cec-b89b0333f085"}
2025-05-10T23:06:24Z	INFO	migration-controller	Reconciling Migration object	{"controller": "migration", "controllerGroup": "vjailbreak.k8s.pf9.io", "controllerKind": "Migration", "Migration": {"name":"migration-pf9-testdb-mysql-01","namespace":"migration-system"}, "namespace": "migration-system", "name": "migration-pf9-testdb-mysql-01", "reconcileID": "22efea17-b70e-4479-bfae-2955ce286371"}
2025-05-10T23:06:24Z	ERROR	Reconciler error	{"controller": "migration", "controllerGroup": "vjailbreak.k8s.pf9.io", "controllerKind": "Migration", "Migration": {"name":"migration-pf9-testdb-mysql-01","namespace":"migration-system"}, "namespace": "migration-system", "name": "migration-pf9-testdb-mysql-01", "reconcileID": "22efea17-b70e-4479-bfae-2955ce286371", "error": "pod is not Running nor Succeeded for migration migration-pf9-testdb-mysql-01"}
sigs.k8s.io/controller-runtime/pkg/internal/controller.(*Controller[...]).reconcileHandler
	/go/pkg/mod/sigs.k8s.io/controller-runtime@v0.20.1/pkg/internal/controller/controller.go:341
sigs.k8s.io/controller-runtime/pkg/internal/controller.(*Controller[...]).processNextWorkItem
	/go/pkg/mod/sigs.k8s.io/controller-runtime@v0.20.1/pkg/internal/controller/controller.go:288
sigs.k8s.io/controller-runtime/pkg/internal/controller.(*Controller[...]).Start.func2.2
	/go/pkg/mod/sigs.k8s.io/controller-runtime@v0.20.1/pkg/internal/controller/controller.go:249
2025-05-10T23:06:24Z	INFO	migration-controller	Reconciling Migration object	{"controller": "migration", "controllerGroup": "vjailbreak.k8s.pf9.io", "controllerKind": "Migration", "Migration": {"name":"migration-pf9-testdb-mysql-01","namespace":"migration-system"}, "namespace": "migration-system", "name": "migration-pf9-testdb-mysql-01", "reconcileID": "8ccd0513-e5f6-437e-86b1-abf7189520e7"}
2025-05-10T23:06:24Z	ERROR	Reconciler error	{"controller": "migration", "controllerGroup": "vjailbreak.k8s.pf9.io", "controllerKind": "Migration", "Migration": {"name":"migration-pf9-testdb-mysql-01","namespace":"migration-system"}, "namespace": "migration-system", "name": "migration-pf9-testdb-mysql-01", "reconcileID": "8ccd0513-e5f6-437e-86b1-abf7189520e7", "error": "pod is not Running nor Succeeded for migration migration-pf9-testdb-mysql-01"}
sigs.k8s.io/controller-runtime/pkg/internal/controller.(*Controller[...]).reconcileHandler
	/go/pkg/mod/sigs.k8s.io/controller-runtime@v0.20.1/pkg/internal/controller/controller.go:341
sigs.k8s.io/controller-runtime/pkg/internal/controller.(*Controller[...]).processNextWorkItem
	/go/pkg/mod/sigs.k8s.io/controller-runtime@v0.20.1/pkg/internal/controller/controller.go:288
sigs.k8s.io/controller-runtime/pkg/internal/controller.(*Controller[...]).Start.func2.2
	/go/pkg/mod/sigs.k8s.io/controller-runtime@v0.20.1/pkg/internal/controller/controller.go:249
2025-05-10T23:06:24Z	INFO	migration-controller	Reconciling Migration object	{"controller": "migration", "controllerGroup": "vjailbreak.k8s.pf9.io", "controllerKind": "Migration", "Migration": {"name":"migration-pf9-testdb-mysql-01","namespace":"migration-system"}, "namespace": "migration-system", "name": "migration-pf9-testdb-mysql-01", "reconcileID": "1ef90a5d-1571-453d-b34c-ed527dd8d8e7"}
2025-05-10T23:06:24Z	ERROR	Reconciler error	{"controller": "migration", "controllerGroup": "vjailbreak.k8s.pf9.io", "controllerKind": "Migration", "Migration": {"name":"migration-pf9-testdb-mysql-01","namespace":"migration-system"}, "namespace": "migration-system", "name": "migration-pf9-testdb-mysql-01", "reconcileID": "1ef90a5d-1571-453d-b34c-ed527dd8d8e7", "error": "pod is not Running nor Succeeded for migration migration-pf9-testdb-mysql-01"}
sigs.k8s.io/controller-runtime/pkg/internal/controller.(*Controller[...]).reconcileHandler
	/go/pkg/mod/sigs.k8s.io/controller-runtime@v0.20.1/pkg/internal/controller/controller.go:341
sigs.k8s.io/controller-runtime/pkg/internal/controller.(*Controller[...]).processNextWorkItem
	/go/pkg/mod/sigs.k8s.io/controller-runtime@v0.20.1/pkg/internal/controller/controller.go:288
sigs.k8s.io/controller-runtime/pkg/internal/controller.(*Controller[...]).Start.func2.2
	/go/pkg/mod/sigs.k8s.io/controller-runtime@v0.20.1/pkg/internal/controller/controller.go:249
2025-05-10T23:06:24Z	INFO	Trusting certificate for 'https://disw-qa-wilsonville.app.pcd.platform9.com/keystone/v3'	{"controller": "vjailbreaknode", "controllerGroup": "vjailbreak.k8s.pf9.io", "controllerKind": "VjailbreakNode", "VjailbreakNode": {"name":"vjailbreak-master","namespace":"migration-system"}, "namespace": "migration-system", "name": "vjailbreak-master", "reconcileID": "9f294309-be62-48ea-beb4-6f6200599156"}
2025-05-10T23:06:24Z	INFO	-----BEGIN CERTIFICATE-----
MIIFUjCCBDqgAwIBAgISBtr0cvTPioVFBXTV2A7aHNIqMA0GCSqGSIb3DQEBCwUA
MDMxCzAJBgNVBAYTAlVTMRYwFAYDVQQKEw1MZXQncyBFbmNyeXB0MQwwCgYDVQQD
EwNSMTAwHhcNMjUwNDAxMDU0MzQwWhcNMjUwNjMwMDU0MzM5WjA0MTIwMAYDVQQD
EylkaXN3LXFhLXdpbHNvbnZpbGxlLmFwcC5wY2QucGxhdGZvcm05LmNvbTCCASIw
DQYJKoZIhvcNAQEBBQADggEPADCCAQoCggEBALkN/jDgtAulvkiZwlgHwXK1XqnB
VABMnwqNdtkpscJnVPdxjziMJe4KCFthPxz3jpiwvbDa/TKzYwnksQpmtNWK11+k
r6a1dPzOmRX0hNKx8uTFxyi6hQG3ijCY+f6BA1akjaT3fdeTJXDSRA8wze/YbKLS
TDGuIV56NFqlc9ke9PS0Yk73WNJ6GZCMOsi0VF4Z66PTnqARQNHKPcymbu80I9R6
7zsw/nYrF2NJB+41EX5DCcrrQVZZGuMAmi0SZJZlUQuGdLkFtgXmVf+zAqGMVshm
C2kRiUjgpwXnrHTV+wM1Clz1UGhWFPq+9QXroCz0bS3+r/f/ycC1w6C+SQUCAwEA
AaOCAl0wggJZMA4GA1UdDwEB/wQEAwIFoDAdBgNVHSUEFjAUBggrBgEFBQcDAQYI
KwYBBQUHAwIwDAYDVR0TAQH/BAIwADAdBgNVHQ4EFgQU2APiC15a5j0k9PqSEVfi
DOYqDz8wHwYDVR0jBBgwFoAUu7zDR6XkvKnGw6RyDBCNojXhyOgwVwYIKwYBBQUH
AQEESzBJMCIGCCsGAQUFBzABhhZodHRwOi8vcjEwLm8ubGVuY3Iub3JnMCMGCCsG
AQUFBzAChhdodHRwOi8vcjEwLmkubGVuY3Iub3JnLzA0BgNVHREELTArgilkaXN3
LXFhLXdpbHNvbnZpbGxlLmFwcC5wY2QucGxhdGZvcm05LmNvbTATBgNVHSAEDDAK
MAgGBmeBDAECATAuBgNVHR8EJzAlMCOgIaAfhh1odHRwOi8vcjEwLmMubGVuY3Iu
b3JnLzQzLmNybDCCAQQGCisGAQQB1nkCBAIEgfUEgfIA8AB3AMz7D2qFcQll/pWb
U87psnwi6YVcDZeNtql+VMD+TA2wAAABlfAWB/EAAAQDAEgwRgIhAPR1cLYz2pLK
NqxihFqe3OynBLnabR2cixIf0GojCrrOAiEAyqWvXKtsnhL9lNA8IFIDlN4kZaFu
xngnmRDCv9KFgwYAdQATSt8atZhCCXgMb+9MepGkFrcjSc5YV2rfrtqnwqvgIgAA
AZXwFgifAAAEAwBGMEQCIBBecg4dylE/UD6AEF4wkHKmmvMrd8zcj2wPHebixBO4
AiBvzdYCSBmbdzpotD+gMneNxP9qzp2a6lQznLMgAJc9jDANBgkqhkiG9w0BAQsF
AAOCAQEAmnvatKp5xLncQzS57Y3LJU36BdI0sU9K3XmK/bEWvW2YjghYEPXyOH/t
pKva+nrdLClbOIS0uaPR0MJnkWXwG3zeDVakeYHLelz8CWUE6ahThOQK4Hmm43Fy
cuaGq1/b+pPjFpJ4XF+o60aoPWmuDVkkInGE1bWpeFUEqPciM84evifgb9U0N8jy
bv/fLxBhvy9rXrS+8oPO4roD2Bc4D2dtbA4gqq93QabQMZ1Vbvc3Mty6gQhy7AfH
j7BkjINymlJZhYH3SF3QOZn+Pa3X9YxybUFWudiCf9D/ivAETgIYU3GW/WwCdseF
L+T2aNSIqdfmk+6ufK+3+ZI7uNmaMA==
-----END CERTIFICATE-----
	{"controller": "vjailbreaknode", "controllerGroup": "vjailbreak.k8s.pf9.io", "controllerKind": "VjailbreakNode", "VjailbreakNode": {"name":"vjailbreak-master","namespace":"migration-system"}, "namespace": "migration-system", "name": "vjailbreak-master", "reconcileID": "9f294309-be62-48ea-beb4-6f6200599156"}
2025-05-10T23:06:24Z	INFO	migration-controller	Reconciling Migration object	{"controller": "migration", "controllerGroup": "vjailbreak.k8s.pf9.io", "controllerKind": "Migration", "Migration": {"name":"migration-pf9-testdb-mysql-01","namespace":"migration-system"}, "namespace": "migration-system", "name": "migration-pf9-testdb-mysql-01", "reconcileID": "18d0494d-170f-424f-a55e-aa797a74e805"}
2025-05-10T23:06:24Z	ERROR	Reconciler error	{"controller": "migration", "controllerGroup": "vjailbreak.k8s.pf9.io", "controllerKind": "Migration", "Migration": {"name":"migration-pf9-testdb-mysql-01","namespace":"migration-system"}, "namespace": "migration-system", "name": "migration-pf9-testdb-mysql-01", "reconcileID": "18d0494d-170f-424f-a55e-aa797a74e805", "error": "pod is not Running nor Succeeded for migration migration-pf9-testdb-mysql-01"}
sigs.k8s.io/controller-runtime/pkg/internal/controller.(*Controller[...]).reconcileHandler
	/go/pkg/mod/sigs.k8s.io/controller-runtime@v0.20.1/pkg/internal/controller/controller.go:341
sigs.k8s.io/controller-runtime/pkg/internal/controller.(*Controller[...]).processNextWorkItem
	/go/pkg/mod/sigs.k8s.io/controller-runtime@v0.20.1/pkg/internal/controller/controller.go:288
sigs.k8s.io/controller-runtime/pkg/internal/controller.(*Controller[...]).Start.func2.2
	/go/pkg/mod/sigs.k8s.io/controller-runtime@v0.20.1/pkg/internal/controller/controller.go:249
2025-05-10T23:06:25Z	INFO	Trusting certificate for 'https://disw-qa-wilsonville.app.pcd.platform9.com/keystone/v3'	{"controller": "openstackcreds", "controllerGroup": "vjailbreak.k8s.pf9.io", "controllerKind": "OpenstackCreds", "OpenstackCreds": {"name":"pf9-qa-local-01","namespace":"migration-system"}, "namespace": "migration-system", "name": "pf9-qa-local-01", "reconcileID": "9c7a7a24-58bf-4933-8cec-b89b0333f085"}
2025-05-10T23:06:25Z	INFO	-----BEGIN CERTIFICATE-----
MIIFUjCCBDqgAwIBAgISBtr0cvTPioVFBXTV2A7aHNIqMA0GCSqGSIb3DQEBCwUA
MDMxCzAJBgNVBAYTAlVTMRYwFAYDVQQKEw1MZXQncyBFbmNyeXB0MQwwCgYDVQQD
EwNSMTAwHhcNMjUwNDAxMDU0MzQwWhcNMjUwNjMwMDU0MzM5WjA0MTIwMAYDVQQD
EylkaXN3LXFhLXdpbHNvbnZpbGxlLmFwcC5wY2QucGxhdGZvcm05LmNvbTCCASIw
DQYJKoZIhvcNAQEBBQADggEPADCCAQoCggEBALkN/jDgtAulvkiZwlgHwXK1XqnB
VABMnwqNdtkpscJnVPdxjziMJe4KCFthPxz3jpiwvbDa/TKzYwnksQpmtNWK11+k
r6a1dPzOmRX0hNKx8uTFxyi6hQG3ijCY+f6BA1akjaT3fdeTJXDSRA8wze/YbKLS
TDGuIV56NFqlc9ke9PS0Yk73WNJ6GZCMOsi0VF4Z66PTnqARQNHKPcymbu80I9R6
7zsw/nYrF2NJB+41EX5DCcrrQVZZGuMAmi0SZJZlUQuGdLkFtgXmVf+zAqGMVshm
C2kRiUjgpwXnrHTV+wM1Clz1UGhWFPq+9QXroCz0bS3+r/f/ycC1w6C+SQUCAwEA
AaOCAl0wggJZMA4GA1UdDwEB/wQEAwIFoDAdBgNVHSUEFjAUBggrBgEFBQcDAQYI
KwYBBQUHAwIwDAYDVR0TAQH/BAIwADAdBgNVHQ4EFgQU2APiC15a5j0k9PqSEVfi
DOYqDz8wHwYDVR0jBBgwFoAUu7zDR6XkvKnGw6RyDBCNojXhyOgwVwYIKwYBBQUH
AQEESzBJMCIGCCsGAQUFBzABhhZodHRwOi8vcjEwLm8ubGVuY3Iub3JnMCMGCCsG
AQUFBzAChhdodHRwOi8vcjEwLmkubGVuY3Iub3JnLzA0BgNVHREELTArgilkaXN3
LXFhLXdpbHNvbnZpbGxlLmFwcC5wY2QucGxhdGZvcm05LmNvbTATBgNVHSAEDDAK
MAgGBmeBDAECATAuBgNVHR8EJzAlMCOgIaAfhh1odHRwOi8vcjEwLmMubGVuY3Iu
b3JnLzQzLmNybDCCAQQGCisGAQQB1nkCBAIEgfUEgfIA8AB3AMz7D2qFcQll/pWb
U87psnwi6YVcDZeNtql+VMD+TA2wAAABlfAWB/EAAAQDAEgwRgIhAPR1cLYz2pLK
NqxihFqe3OynBLnabR2cixIf0GojCrrOAiEAyqWvXKtsnhL9lNA8IFIDlN4kZaFu
xngnmRDCv9KFgwYAdQATSt8atZhCCXgMb+9MepGkFrcjSc5YV2rfrtqnwqvgIgAA
AZXwFgifAAAEAwBGMEQCIBBecg4dylE/UD6AEF4wkHKmmvMrd8zcj2wPHebixBO4
AiBvzdYCSBmbdzpotD+gMneNxP9qzp2a6lQznLMgAJc9jDANBgkqhkiG9w0BAQsF
AAOCAQEAmnvatKp5xLncQzS57Y3LJU36BdI0sU9K3XmK/bEWvW2YjghYEPXyOH/t
pKva+nrdLClbOIS0uaPR0MJnkWXwG3zeDVakeYHLelz8CWUE6ahThOQK4Hmm43Fy
cuaGq1/b+pPjFpJ4XF+o60aoPWmuDVkkInGE1bWpeFUEqPciM84evifgb9U0N8jy
bv/fLxBhvy9rXrS+8oPO4roD2Bc4D2dtbA4gqq93QabQMZ1Vbvc3Mty6gQhy7AfH
j7BkjINymlJZhYH3SF3QOZn+Pa3X9YxybUFWudiCf9D/ivAETgIYU3GW/WwCdseF
L+T2aNSIqdfmk+6ufK+3+ZI7uNmaMA==
-----END CERTIFICATE-----
	{"controller": "openstackcreds", "controllerGroup": "vjailbreak.k8s.pf9.io", "controllerKind": "OpenstackCreds", "OpenstackCreds": {"name":"pf9-qa-local-01","namespace":"migration-system"}, "namespace": "migration-system", "name": "pf9-qa-local-01", "reconcileID": "9c7a7a24-58bf-4933-8cec-b89b0333f085"}
Image ID found Image ID 5b4219d7-d588-4f62-a5b5-0a317ba8e2d7
2025-05-10T23:06:25Z	INFO	Trusting certificate for 'https://disw-qa-wilsonville.app.pcd.platform9.com/keystone/v3'	{"controller": "vjailbreaknode", "controllerGroup": "vjailbreak.k8s.pf9.io", "controllerKind": "VjailbreakNode", "VjailbreakNode": {"name":"vjailbreak-master","namespace":"migration-system"}, "namespace": "migration-system", "name": "vjailbreak-master", "reconcileID": "9f294309-be62-48ea-beb4-6f6200599156"}
2025-05-10T23:06:25Z	INFO	-----BEGIN CERTIFICATE-----
MIIFUjCCBDqgAwIBAgISBtr0cvTPioVFBXTV2A7aHNIqMA0GCSqGSIb3DQEBCwUA
MDMxCzAJBgNVBAYTAlVTMRYwFAYDVQQKEw1MZXQncyBFbmNyeXB0MQwwCgYDVQQD
EwNSMTAwHhcNMjUwNDAxMDU0MzQwWhcNMjUwNjMwMDU0MzM5WjA0MTIwMAYDVQQD
EylkaXN3LXFhLXdpbHNvbnZpbGxlLmFwcC5wY2QucGxhdGZvcm05LmNvbTCCASIw
DQYJKoZIhvcNAQEBBQADggEPADCCAQoCggEBALkN/jDgtAulvkiZwlgHwXK1XqnB
VABMnwqNdtkpscJnVPdxjziMJe4KCFthPxz3jpiwvbDa/TKzYwnksQpmtNWK11+k
r6a1dPzOmRX0hNKx8uTFxyi6hQG3ijCY+f6BA1akjaT3fdeTJXDSRA8wze/YbKLS
TDGuIV56NFqlc9ke9PS0Yk73WNJ6GZCMOsi0VF4Z66PTnqARQNHKPcymbu80I9R6
7zsw/nYrF2NJB+41EX5DCcrrQVZZGuMAmi0SZJZlUQuGdLkFtgXmVf+zAqGMVshm
C2kRiUjgpwXnrHTV+wM1Clz1UGhWFPq+9QXroCz0bS3+r/f/ycC1w6C+SQUCAwEA
AaOCAl0wggJZMA4GA1UdDwEB/wQEAwIFoDAdBgNVHSUEFjAUBggrBgEFBQcDAQYI
KwYBBQUHAwIwDAYDVR0TAQH/BAIwADAdBgNVHQ4EFgQU2APiC15a5j0k9PqSEVfi
DOYqDz8wHwYDVR0jBBgwFoAUu7zDR6XkvKnGw6RyDBCNojXhyOgwVwYIKwYBBQUH
AQEESzBJMCIGCCsGAQUFBzABhhZodHRwOi8vcjEwLm8ubGVuY3Iub3JnMCMGCCsG
AQUFBzAChhdodHRwOi8vcjEwLmkubGVuY3Iub3JnLzA0BgNVHREELTArgilkaXN3
LXFhLXdpbHNvbnZpbGxlLmFwcC5wY2QucGxhdGZvcm05LmNvbTATBgNVHSAEDDAK
MAgGBmeBDAECATAuBgNVHR8EJzAlMCOgIaAfhh1odHRwOi8vcjEwLmMubGVuY3Iu
b3JnLzQzLmNybDCCAQQGCisGAQQB1nkCBAIEgfUEgfIA8AB3AMz7D2qFcQll/pWb
U87psnwi6YVcDZeNtql+VMD+TA2wAAABlfAWB/EAAAQDAEgwRgIhAPR1cLYz2pLK
NqxihFqe3OynBLnabR2cixIf0GojCrrOAiEAyqWvXKtsnhL9lNA8IFIDlN4kZaFu
xngnmRDCv9KFgwYAdQATSt8atZhCCXgMb+9MepGkFrcjSc5YV2rfrtqnwqvgIgAA
AZXwFgifAAAEAwBGMEQCIBBecg4dylE/UD6AEF4wkHKmmvMrd8zcj2wPHebixBO4
AiBvzdYCSBmbdzpotD+gMneNxP9qzp2a6lQznLMgAJc9jDANBgkqhkiG9w0BAQsF
AAOCAQEAmnvatKp5xLncQzS57Y3LJU36BdI0sU9K3XmK/bEWvW2YjghYEPXyOH/t
pKva+nrdLClbOIS0uaPR0MJnkWXwG3zeDVakeYHLelz8CWUE6ahThOQK4Hmm43Fy
cuaGq1/b+pPjFpJ4XF+o60aoPWmuDVkkInGE1bWpeFUEqPciM84evifgb9U0N8jy
bv/fLxBhvy9rXrS+8oPO4roD2Bc4D2dtbA4gqq93QabQMZ1Vbvc3Mty6gQhy7AfH
j7BkjINymlJZhYH3SF3QOZn+Pa3X9YxybUFWudiCf9D/ivAETgIYU3GW/WwCdseF
L+T2aNSIqdfmk+6ufK+3+ZI7uNmaMA==
-----END CERTIFICATE-----
	{"controller": "vjailbreaknode", "controllerGroup": "vjailbreak.k8s.pf9.io", "controllerKind": "VjailbreakNode", "VjailbreakNode": {"name":"vjailbreak-master","namespace":"migration-system"}, "namespace": "migration-system", "name": "vjailbreak-master", "reconcileID": "9f294309-be62-48ea-beb4-6f6200599156"}
2025-05-10T23:06:25Z	INFO	Successfully authenticated to VMware 'pf9-qa-vcenter-01'	{"controller": "vmwarecreds", "controllerGroup": "vjailbreak.k8s.pf9.io", "controllerKind": "VMwareCreds", "VMwareCreds": {"name":"pf9-qa-vcenter-01","namespace":"migration-system"}, "namespace": "migration-system", "name": "pf9-qa-vcenter-01", "reconcileID": "afe24951-0a48-45af-98db-bddee8704496"}
Image ID found Image ID 5b4219d7-d588-4f62-a5b5-0a317ba8e2d7
2025-05-10T23:06:25Z	INFO	migration-controller	Reconciling Migration object	{"controller": "migration", "controllerGroup": "vjailbreak.k8s.pf9.io", "controllerKind": "Migration", "Migration": {"name":"migration-pf9-testdb-mysql-01","namespace":"migration-system"}, "namespace": "migration-system", "name": "migration-pf9-testdb-mysql-01", "reconcileID": "bef2bc30-6de4-4fb7-a034-220872e21bdc"}
2025-05-10T23:06:25Z	ERROR	Reconciler error	{"controller": "migration", "controllerGroup": "vjailbreak.k8s.pf9.io", "controllerKind": "Migration", "Migration": {"name":"migration-pf9-testdb-mysql-01","namespace":"migration-system"}, "namespace": "migration-system", "name": "migration-pf9-testdb-mysql-01", "reconcileID": "bef2bc30-6de4-4fb7-a034-220872e21bdc", "error": "pod is not Running nor Succeeded for migration migration-pf9-testdb-mysql-01"}
sigs.k8s.io/controller-runtime/pkg/internal/controller.(*Controller[...]).reconcileHandler
	/go/pkg/mod/sigs.k8s.io/controller-runtime@v0.20.1/pkg/internal/controller/controller.go:341
sigs.k8s.io/controller-runtime/pkg/internal/controller.(*Controller[...]).processNextWorkItem
	/go/pkg/mod/sigs.k8s.io/controller-runtime@v0.20.1/pkg/internal/controller/controller.go:288
sigs.k8s.io/controller-runtime/pkg/internal/controller.(*Controller[...]).Start.func2.2
	/go/pkg/mod/sigs.k8s.io/controller-runtime@v0.20.1/pkg/internal/controller/controller.go:249
2025-05-10T23:06:25Z	INFO	Trusting certificate for 'https://disw-qa-wilsonville.app.pcd.platform9.com/keystone/v3'	{"controller": "openstackcreds", "controllerGroup": "vjailbreak.k8s.pf9.io", "controllerKind": "OpenstackCreds", "OpenstackCreds": {"name":"pf9-qa-local-01","namespace":"migration-system"}, "namespace": "migration-system", "name": "pf9-qa-local-01", "reconcileID": "9c7a7a24-58bf-4933-8cec-b89b0333f085"}
2025-05-10T23:06:25Z	INFO	-----BEGIN CERTIFICATE-----
MIIFUjCCBDqgAwIBAgISBtr0cvTPioVFBXTV2A7aHNIqMA0GCSqGSIb3DQEBCwUA
MDMxCzAJBgNVBAYTAlVTMRYwFAYDVQQKEw1MZXQncyBFbmNyeXB0MQwwCgYDVQQD
EwNSMTAwHhcNMjUwNDAxMDU0MzQwWhcNMjUwNjMwMDU0MzM5WjA0MTIwMAYDVQQD
EylkaXN3LXFhLXdpbHNvbnZpbGxlLmFwcC5wY2QucGxhdGZvcm05LmNvbTCCASIw
DQYJKoZIhvcNAQEBBQADggEPADCCAQoCggEBALkN/jDgtAulvkiZwlgHwXK1XqnB
VABMnwqNdtkpscJnVPdxjziMJe4KCFthPxz3jpiwvbDa/TKzYwnksQpmtNWK11+k
r6a1dPzOmRX0hNKx8uTFxyi6hQG3ijCY+f6BA1akjaT3fdeTJXDSRA8wze/YbKLS
TDGuIV56NFqlc9ke9PS0Yk73WNJ6GZCMOsi0VF4Z66PTnqARQNHKPcymbu80I9R6
7zsw/nYrF2NJB+41EX5DCcrrQVZZGuMAmi0SZJZlUQuGdLkFtgXmVf+zAqGMVshm
C2kRiUjgpwXnrHTV+wM1Clz1UGhWFPq+9QXroCz0bS3+r/f/ycC1w6C+SQUCAwEA
AaOCAl0wggJZMA4GA1UdDwEB/wQEAwIFoDAdBgNVHSUEFjAUBggrBgEFBQcDAQYI
KwYBBQUHAwIwDAYDVR0TAQH/BAIwADAdBgNVHQ4EFgQU2APiC15a5j0k9PqSEVfi
DOYqDz8wHwYDVR0jBBgwFoAUu7zDR6XkvKnGw6RyDBCNojXhyOgwVwYIKwYBBQUH
AQEESzBJMCIGCCsGAQUFBzABhhZodHRwOi8vcjEwLm8ubGVuY3Iub3JnMCMGCCsG
AQUFBzAChhdodHRwOi8vcjEwLmkubGVuY3Iub3JnLzA0BgNVHREELTArgilkaXN3
LXFhLXdpbHNvbnZpbGxlLmFwcC5wY2QucGxhdGZvcm05LmNvbTATBgNVHSAEDDAK
MAgGBmeBDAECATAuBgNVHR8EJzAlMCOgIaAfhh1odHRwOi8vcjEwLmMubGVuY3Iu
b3JnLzQzLmNybDCCAQQGCisGAQQB1nkCBAIEgfUEgfIA8AB3AMz7D2qFcQll/pWb
U87psnwi6YVcDZeNtql+VMD+TA2wAAABlfAWB/EAAAQDAEgwRgIhAPR1cLYz2pLK
NqxihFqe3OynBLnabR2cixIf0GojCrrOAiEAyqWvXKtsnhL9lNA8IFIDlN4kZaFu
xngnmRDCv9KFgwYAdQATSt8atZhCCXgMb+9MepGkFrcjSc5YV2rfrtqnwqvgIgAA
AZXwFgifAAAEAwBGMEQCIBBecg4dylE/UD6AEF4wkHKmmvMrd8zcj2wPHebixBO4
AiBvzdYCSBmbdzpotD+gMneNxP9qzp2a6lQznLMgAJc9jDANBgkqhkiG9w0BAQsF
AAOCAQEAmnvatKp5xLncQzS57Y3LJU36BdI0sU9K3XmK/bEWvW2YjghYEPXyOH/t
pKva+nrdLClbOIS0uaPR0MJnkWXwG3zeDVakeYHLelz8CWUE6ahThOQK4Hmm43Fy
cuaGq1/b+pPjFpJ4XF+o60aoPWmuDVkkInGE1bWpeFUEqPciM84evifgb9U0N8jy
bv/fLxBhvy9rXrS+8oPO4roD2Bc4D2dtbA4gqq93QabQMZ1Vbvc3Mty6gQhy7AfH
j7BkjINymlJZhYH3SF3QOZn+Pa3X9YxybUFWudiCf9D/ivAETgIYU3GW/WwCdseF
L+T2aNSIqdfmk+6ufK+3+ZI7uNmaMA==
-----END CERTIFICATE-----
	{"controller": "openstackcreds", "controllerGroup": "vjailbreak.k8s.pf9.io", "controllerKind": "OpenstackCreds", "OpenstackCreds": {"name":"pf9-qa-local-01","namespace":"migration-system"}, "namespace": "migration-system", "name": "pf9-qa-local-01", "reconcileID": "9c7a7a24-58bf-4933-8cec-b89b0333f085"}
2025-05-10T23:06:25Z	INFO	Trusting certificate for 'https://disw-qa-wilsonville.app.pcd.platform9.com/keystone/v3'	{"controller": "migrationplan", "controllerGroup": "vjailbreak.k8s.pf9.io", "controllerKind": "MigrationPlan", "MigrationPlan": {"name":"63f0bd87-b319-40cb-9d78-c43652d576b0","namespace":"migration-system"}, "namespace": "migration-system", "name": "63f0bd87-b319-40cb-9d78-c43652d576b0", "reconcileID": "d93d43ff-d926-4cab-861f-6dcb7aaa0467"}
2025-05-10T23:06:25Z	INFO	-----BEGIN CERTIFICATE-----
MIIFUjCCBDqgAwIBAgISBtr0cvTPioVFBXTV2A7aHNIqMA0GCSqGSIb3DQEBCwUA
MDMxCzAJBgNVBAYTAlVTMRYwFAYDVQQKEw1MZXQncyBFbmNyeXB0MQwwCgYDVQQD
EwNSMTAwHhcNMjUwNDAxMDU0MzQwWhcNMjUwNjMwMDU0MzM5WjA0MTIwMAYDVQQD
EylkaXN3LXFhLXdpbHNvbnZpbGxlLmFwcC5wY2QucGxhdGZvcm05LmNvbTCCASIw
DQYJKoZIhvcNAQEBBQADggEPADCCAQoCggEBALkN/jDgtAulvkiZwlgHwXK1XqnB
VABMnwqNdtkpscJnVPdxjziMJe4KCFthPxz3jpiwvbDa/TKzYwnksQpmtNWK11+k
r6a1dPzOmRX0hNKx8uTFxyi6hQG3ijCY+f6BA1akjaT3fdeTJXDSRA8wze/YbKLS
TDGuIV56NFqlc9ke9PS0Yk73WNJ6GZCMOsi0VF4Z66PTnqARQNHKPcymbu80I9R6
7zsw/nYrF2NJB+41EX5DCcrrQVZZGuMAmi0SZJZlUQuGdLkFtgXmVf+zAqGMVshm
C2kRiUjgpwXnrHTV+wM1Clz1UGhWFPq+9QXroCz0bS3+r/f/ycC1w6C+SQUCAwEA
AaOCAl0wggJZMA4GA1UdDwEB/wQEAwIFoDAdBgNVHSUEFjAUBggrBgEFBQcDAQYI
KwYBBQUHAwIwDAYDVR0TAQH/BAIwADAdBgNVHQ4EFgQU2APiC15a5j0k9PqSEVfi
DOYqDz8wHwYDVR0jBBgwFoAUu7zDR6XkvKnGw6RyDBCNojXhyOgwVwYIKwYBBQUH
AQEESzBJMCIGCCsGAQUFBzABhhZodHRwOi8vcjEwLm8ubGVuY3Iub3JnMCMGCCsG
AQUFBzAChhdodHRwOi8vcjEwLmkubGVuY3Iub3JnLzA0BgNVHREELTArgilkaXN3
LXFhLXdpbHNvbnZpbGxlLmFwcC5wY2QucGxhdGZvcm05LmNvbTATBgNVHSAEDDAK
MAgGBmeBDAECATAuBgNVHR8EJzAlMCOgIaAfhh1odHRwOi8vcjEwLmMubGVuY3Iu
b3JnLzQzLmNybDCCAQQGCisGAQQB1nkCBAIEgfUEgfIA8AB3AMz7D2qFcQll/pWb
U87psnwi6YVcDZeNtql+VMD+TA2wAAABlfAWB/EAAAQDAEgwRgIhAPR1cLYz2pLK
NqxihFqe3OynBLnabR2cixIf0GojCrrOAiEAyqWvXKtsnhL9lNA8IFIDlN4kZaFu
xngnmRDCv9KFgwYAdQATSt8atZhCCXgMb+9MepGkFrcjSc5YV2rfrtqnwqvgIgAA
AZXwFgifAAAEAwBGMEQCIBBecg4dylE/UD6AEF4wkHKmmvMrd8zcj2wPHebixBO4
AiBvzdYCSBmbdzpotD+gMneNxP9qzp2a6lQznLMgAJc9jDANBgkqhkiG9w0BAQsF
AAOCAQEAmnvatKp5xLncQzS57Y3LJU36BdI0sU9K3XmK/bEWvW2YjghYEPXyOH/t
pKva+nrdLClbOIS0uaPR0MJnkWXwG3zeDVakeYHLelz8CWUE6ahThOQK4Hmm43Fy
cuaGq1/b+pPjFpJ4XF+o60aoPWmuDVkkInGE1bWpeFUEqPciM84evifgb9U0N8jy
bv/fLxBhvy9rXrS+8oPO4roD2Bc4D2dtbA4gqq93QabQMZ1Vbvc3Mty6gQhy7AfH
j7BkjINymlJZhYH3SF3QOZn+Pa3X9YxybUFWudiCf9D/ivAETgIYU3GW/WwCdseF
L+T2aNSIqdfmk+6ufK+3+ZI7uNmaMA==
-----END CERTIFICATE-----
	{"controller": "migrationplan", "controllerGroup": "vjailbreak.k8s.pf9.io", "controllerKind": "MigrationPlan", "MigrationPlan": {"name":"63f0bd87-b319-40cb-9d78-c43652d576b0","namespace":"migration-system"}, "namespace": "migration-system", "name": "63f0bd87-b319-40cb-9d78-c43652d576b0", "reconcileID": "d93d43ff-d926-4cab-861f-6dcb7aaa0467"}
2025-05-10T23:06:25Z	INFO	vjailbreaknode-controller	Skipping master node, updating flavor	{"controller": "vjailbreaknode", "controllerGroup": "vjailbreak.k8s.pf9.io", "controllerKind": "VjailbreakNode", "VjailbreakNode": {"name":"vjailbreak-master","namespace":"migration-system"}, "namespace": "migration-system", "name": "vjailbreak-master", "reconcileID": "9f294309-be62-48ea-beb4-6f6200599156", "name": "vjailbreak-master"}
2025-05-10T23:06:26Z	INFO	openstackcreds-controller	Successfully authenticated to Openstack 'https://disw-qa-wilsonville.app.pcd.platform9.com/keystone/v3'	{"controller": "openstackcreds", "controllerGroup": "vjailbreak.k8s.pf9.io", "controllerKind": "OpenstackCreds", "OpenstackCreds": {"name":"pf9-qa-local-01","namespace":"migration-system"}, "namespace": "migration-system", "name": "pf9-qa-local-01", "reconcileID": "9c7a7a24-58bf-4933-8cec-b89b0333f085"}
2025-05-10T23:06:26Z	INFO	migration-controller	Reconciling Migration object	{"controller": "migration", "controllerGroup": "vjailbreak.k8s.pf9.io", "controllerKind": "Migration", "Migration": {"name":"migration-pf9-testdb-mysql-01","namespace":"migration-system"}, "namespace": "migration-system", "name": "migration-pf9-testdb-mysql-01", "reconcileID": "249c370d-d8ef-4917-bddd-b76256d3669e"}
2025-05-10T23:06:26Z	ERROR	Reconciler error	{"controller": "migration", "controllerGroup": "vjailbreak.k8s.pf9.io", "controllerKind": "Migration", "Migration": {"name":"migration-pf9-testdb-mysql-01","namespace":"migration-system"}, "namespace": "migration-system", "name": "migration-pf9-testdb-mysql-01", "reconcileID": "249c370d-d8ef-4917-bddd-b76256d3669e", "error": "pod is not Running nor Succeeded for migration migration-pf9-testdb-mysql-01"}
sigs.k8s.io/controller-runtime/pkg/internal/controller.(*Controller[...]).reconcileHandler
	/go/pkg/mod/sigs.k8s.io/controller-runtime@v0.20.1/pkg/internal/controller/controller.go:341
sigs.k8s.io/controller-runtime/pkg/internal/controller.(*Controller[...]).processNextWorkItem
	/go/pkg/mod/sigs.k8s.io/controller-runtime@v0.20.1/pkg/internal/controller/controller.go:288
sigs.k8s.io/controller-runtime/pkg/internal/controller.(*Controller[...]).Start.func2.2
	/go/pkg/mod/sigs.k8s.io/controller-runtime@v0.20.1/pkg/internal/controller/controller.go:249
2025-05-10T23:06:26Z	INFO	Trusting certificate for 'https://disw-qa-wilsonville.app.pcd.platform9.com/keystone/v3'	{"controller": "migrationtemplate", "controllerGroup": "vjailbreak.k8s.pf9.io", "controllerKind": "MigrationTemplate", "MigrationTemplate": {"name":"9e1801db-95ed-46c3-a131-fd57643cfee5","namespace":"migration-system"}, "namespace": "migration-system", "name": "9e1801db-95ed-46c3-a131-fd57643cfee5", "reconcileID": "79ad9674-bcd3-4d90-9a6a-08fb4ded3060"}
2025-05-10T23:06:26Z	INFO	-----BEGIN CERTIFICATE-----
MIIFUjCCBDqgAwIBAgISBtr0cvTPioVFBXTV2A7aHNIqMA0GCSqGSIb3DQEBCwUA
MDMxCzAJBgNVBAYTAlVTMRYwFAYDVQQKEw1MZXQncyBFbmNyeXB0MQwwCgYDVQQD
EwNSMTAwHhcNMjUwNDAxMDU0MzQwWhcNMjUwNjMwMDU0MzM5WjA0MTIwMAYDVQQD
EylkaXN3LXFhLXdpbHNvbnZpbGxlLmFwcC5wY2QucGxhdGZvcm05LmNvbTCCASIw
DQYJKoZIhvcNAQEBBQADggEPADCCAQoCggEBALkN/jDgtAulvkiZwlgHwXK1XqnB
VABMnwqNdtkpscJnVPdxjziMJe4KCFthPxz3jpiwvbDa/TKzYwnksQpmtNWK11+k
r6a1dPzOmRX0hNKx8uTFxyi6hQG3ijCY+f6BA1akjaT3fdeTJXDSRA8wze/YbKLS
TDGuIV56NFqlc9ke9PS0Yk73WNJ6GZCMOsi0VF4Z66PTnqARQNHKPcymbu80I9R6
7zsw/nYrF2NJB+41EX5DCcrrQVZZGuMAmi0SZJZlUQuGdLkFtgXmVf+zAqGMVshm
C2kRiUjgpwXnrHTV+wM1Clz1UGhWFPq+9QXroCz0bS3+r/f/ycC1w6C+SQUCAwEA
AaOCAl0wggJZMA4GA1UdDwEB/wQEAwIFoDAdBgNVHSUEFjAUBggrBgEFBQcDAQYI
KwYBBQUHAwIwDAYDVR0TAQH/BAIwADAdBgNVHQ4EFgQU2APiC15a5j0k9PqSEVfi
DOYqDz8wHwYDVR0jBBgwFoAUu7zDR6XkvKnGw6RyDBCNojXhyOgwVwYIKwYBBQUH
AQEESzBJMCIGCCsGAQUFBzABhhZodHRwOi8vcjEwLm8ubGVuY3Iub3JnMCMGCCsG
AQUFBzAChhdodHRwOi8vcjEwLmkubGVuY3Iub3JnLzA0BgNVHREELTArgilkaXN3
LXFhLXdpbHNvbnZpbGxlLmFwcC5wY2QucGxhdGZvcm05LmNvbTATBgNVHSAEDDAK
MAgGBmeBDAECATAuBgNVHR8EJzAlMCOgIaAfhh1odHRwOi8vcjEwLmMubGVuY3Iu
b3JnLzQzLmNybDCCAQQGCisGAQQB1nkCBAIEgfUEgfIA8AB3AMz7D2qFcQll/pWb
U87psnwi6YVcDZeNtql+VMD+TA2wAAABlfAWB/EAAAQDAEgwRgIhAPR1cLYz2pLK
NqxihFqe3OynBLnabR2cixIf0GojCrrOAiEAyqWvXKtsnhL9lNA8IFIDlN4kZaFu
xngnmRDCv9KFgwYAdQATSt8atZhCCXgMb+9MepGkFrcjSc5YV2rfrtqnwqvgIgAA
AZXwFgifAAAEAwBGMEQCIBBecg4dylE/UD6AEF4wkHKmmvMrd8zcj2wPHebixBO4
AiBvzdYCSBmbdzpotD+gMneNxP9qzp2a6lQznLMgAJc9jDANBgkqhkiG9w0BAQsF
AAOCAQEAmnvatKp5xLncQzS57Y3LJU36BdI0sU9K3XmK/bEWvW2YjghYEPXyOH/t
pKva+nrdLClbOIS0uaPR0MJnkWXwG3zeDVakeYHLelz8CWUE6ahThOQK4Hmm43Fy
cuaGq1/b+pPjFpJ4XF+o60aoPWmuDVkkInGE1bWpeFUEqPciM84evifgb9U0N8jy
bv/fLxBhvy9rXrS+8oPO4roD2Bc4D2dtbA4gqq93QabQMZ1Vbvc3Mty6gQhy7AfH
j7BkjINymlJZhYH3SF3QOZn+Pa3X9YxybUFWudiCf9D/ivAETgIYU3GW/WwCdseF
L+T2aNSIqdfmk+6ufK+3+ZI7uNmaMA==
-----END CERTIFICATE-----
	{"controller": "migrationtemplate", "controllerGroup": "vjailbreak.k8s.pf9.io", "controllerKind": "MigrationTemplate", "MigrationTemplate": {"name":"9e1801db-95ed-46c3-a131-fd57643cfee5","namespace":"migration-system"}, "namespace": "migration-system", "name": "9e1801db-95ed-46c3-a131-fd57643cfee5", "reconcileID": "79ad9674-bcd3-4d90-9a6a-08fb4ded3060"}
2025-05-10T23:06:27Z	INFO	Reconciling MigrationTemplate	{"controller": "migrationtemplate", "controllerGroup": "vjailbreak.k8s.pf9.io", "controllerKind": "MigrationTemplate", "MigrationTemplate": {"name":"9e1801db-95ed-46c3-a131-fd57643cfee5","namespace":"migration-system"}, "namespace": "migration-system", "name": "9e1801db-95ed-46c3-a131-fd57643cfee5", "reconcileID": "61105975-0043-47e2-8795-39e93f57a3d8"}
2025-05-10T23:06:27Z	INFO	Trusting certificate for 'https://disw-qa-wilsonville.app.pcd.platform9.com/keystone/v3'	{"controller": "migrationplan", "controllerGroup": "vjailbreak.k8s.pf9.io", "controllerKind": "MigrationPlan", "MigrationPlan": {"name":"63f0bd87-b319-40cb-9d78-c43652d576b0","namespace":"migration-system"}, "namespace": "migration-system", "name": "63f0bd87-b319-40cb-9d78-c43652d576b0", "reconcileID": "d93d43ff-d926-4cab-861f-6dcb7aaa0467"}
2025-05-10T23:06:27Z	INFO	-----BEGIN CERTIFICATE-----
MIIFUjCCBDqgAwIBAgISBtr0cvTPioVFBXTV2A7aHNIqMA0GCSqGSIb3DQEBCwUA
MDMxCzAJBgNVBAYTAlVTMRYwFAYDVQQKEw1MZXQncyBFbmNyeXB0MQwwCgYDVQQD
EwNSMTAwHhcNMjUwNDAxMDU0MzQwWhcNMjUwNjMwMDU0MzM5WjA0MTIwMAYDVQQD
EylkaXN3LXFhLXdpbHNvbnZpbGxlLmFwcC5wY2QucGxhdGZvcm05LmNvbTCCASIw
DQYJKoZIhvcNAQEBBQADggEPADCCAQoCggEBALkN/jDgtAulvkiZwlgHwXK1XqnB
VABMnwqNdtkpscJnVPdxjziMJe4KCFthPxz3jpiwvbDa/TKzYwnksQpmtNWK11+k
r6a1dPzOmRX0hNKx8uTFxyi6hQG3ijCY+f6BA1akjaT3fdeTJXDSRA8wze/YbKLS
TDGuIV56NFqlc9ke9PS0Yk73WNJ6GZCMOsi0VF4Z66PTnqARQNHKPcymbu80I9R6
7zsw/nYrF2NJB+41EX5DCcrrQVZZGuMAmi0SZJZlUQuGdLkFtgXmVf+zAqGMVshm
C2kRiUjgpwXnrHTV+wM1Clz1UGhWFPq+9QXroCz0bS3+r/f/ycC1w6C+SQUCAwEA
AaOCAl0wggJZMA4GA1UdDwEB/wQEAwIFoDAdBgNVHSUEFjAUBggrBgEFBQcDAQYI
KwYBBQUHAwIwDAYDVR0TAQH/BAIwADAdBgNVHQ4EFgQU2APiC15a5j0k9PqSEVfi
DOYqDz8wHwYDVR0jBBgwFoAUu7zDR6XkvKnGw6RyDBCNojXhyOgwVwYIKwYBBQUH
AQEESzBJMCIGCCsGAQUFBzABhhZodHRwOi8vcjEwLm8ubGVuY3Iub3JnMCMGCCsG
AQUFBzAChhdodHRwOi8vcjEwLmkubGVuY3Iub3JnLzA0BgNVHREELTArgilkaXN3
LXFhLXdpbHNvbnZpbGxlLmFwcC5wY2QucGxhdGZvcm05LmNvbTATBgNVHSAEDDAK
MAgGBmeBDAECATAuBgNVHR8EJzAlMCOgIaAfhh1odHRwOi8vcjEwLmMubGVuY3Iu
b3JnLzQzLmNybDCCAQQGCisGAQQB1nkCBAIEgfUEgfIA8AB3AMz7D2qFcQll/pWb
U87psnwi6YVcDZeNtql+VMD+TA2wAAABlfAWB/EAAAQDAEgwRgIhAPR1cLYz2pLK
NqxihFqe3OynBLnabR2cixIf0GojCrrOAiEAyqWvXKtsnhL9lNA8IFIDlN4kZaFu
xngnmRDCv9KFgwYAdQATSt8atZhCCXgMb+9MepGkFrcjSc5YV2rfrtqnwqvgIgAA
AZXwFgifAAAEAwBGMEQCIBBecg4dylE/UD6AEF4wkHKmmvMrd8zcj2wPHebixBO4
AiBvzdYCSBmbdzpotD+gMneNxP9qzp2a6lQznLMgAJc9jDANBgkqhkiG9w0BAQsF
AAOCAQEAmnvatKp5xLncQzS57Y3LJU36BdI0sU9K3XmK/bEWvW2YjghYEPXyOH/t
pKva+nrdLClbOIS0uaPR0MJnkWXwG3zeDVakeYHLelz8CWUE6ahThOQK4Hmm43Fy
cuaGq1/b+pPjFpJ4XF+o60aoPWmuDVkkInGE1bWpeFUEqPciM84evifgb9U0N8jy
bv/fLxBhvy9rXrS+8oPO4roD2Bc4D2dtbA4gqq93QabQMZ1Vbvc3Mty6gQhy7AfH
j7BkjINymlJZhYH3SF3QOZn+Pa3X9YxybUFWudiCf9D/ivAETgIYU3GW/WwCdseF
L+T2aNSIqdfmk+6ufK+3+ZI7uNmaMA==
-----END CERTIFICATE-----
	{"controller": "migrationplan", "controllerGroup": "vjailbreak.k8s.pf9.io", "controllerKind": "MigrationPlan", "MigrationPlan": {"name":"63f0bd87-b319-40cb-9d78-c43652d576b0","namespace":"migration-system"}, "namespace": "migration-system", "name": "63f0bd87-b319-40cb-9d78-c43652d576b0", "reconcileID": "d93d43ff-d926-4cab-861f-6dcb7aaa0467"}
2025-05-10T23:06:29Z	INFO	migration-controller	Reconciling Migration object	{"controller": "migration", "controllerGroup": "vjailbreak.k8s.pf9.io", "controllerKind": "Migration", "Migration": {"name":"migration-pf9-testdb-mysql-01","namespace":"migration-system"}, "namespace": "migration-system", "name": "migration-pf9-testdb-mysql-01", "reconcileID": "e510ddf7-2797-4029-869d-987f6ea0eb70"}
2025-05-10T23:06:29Z	ERROR	Reconciler error	{"controller": "migration", "controllerGroup": "vjailbreak.k8s.pf9.io", "controllerKind": "Migration", "Migration": {"name":"migration-pf9-testdb-mysql-01","namespace":"migration-system"}, "namespace": "migration-system", "name": "migration-pf9-testdb-mysql-01", "reconcileID": "e510ddf7-2797-4029-869d-987f6ea0eb70", "error": "pod is not Running nor Succeeded for migration migration-pf9-testdb-mysql-01"}
sigs.k8s.io/controller-runtime/pkg/internal/controller.(*Controller[...]).reconcileHandler
	/go/pkg/mod/sigs.k8s.io/controller-runtime@v0.20.1/pkg/internal/controller/controller.go:341
sigs.k8s.io/controller-runtime/pkg/internal/controller.(*Controller[...]).processNextWorkItem
	/go/pkg/mod/sigs.k8s.io/controller-runtime@v0.20.1/pkg/internal/controller/controller.go:288
sigs.k8s.io/controller-runtime/pkg/internal/controller.(*Controller[...]).Start.func2.2
	/go/pkg/mod/sigs.k8s.io/controller-runtime@v0.20.1/pkg/internal/controller/controller.go:249
2025-05-10T23:06:30Z	INFO	Trusting certificate for 'https://disw-qa-wilsonville.app.pcd.platform9.com/keystone/v3'	{"controller": "migrationtemplate", "controllerGroup": "vjailbreak.k8s.pf9.io", "controllerKind": "MigrationTemplate", "MigrationTemplate": {"name":"9e1801db-95ed-46c3-a131-fd57643cfee5","namespace":"migration-system"}, "namespace": "migration-system", "name": "9e1801db-95ed-46c3-a131-fd57643cfee5", "reconcileID": "61105975-0043-47e2-8795-39e93f57a3d8"}
2025-05-10T23:06:30Z	INFO	-----BEGIN CERTIFICATE-----
MIIFUjCCBDqgAwIBAgISBtr0cvTPioVFBXTV2A7aHNIqMA0GCSqGSIb3DQEBCwUA
MDMxCzAJBgNVBAYTAlVTMRYwFAYDVQQKEw1MZXQncyBFbmNyeXB0MQwwCgYDVQQD
EwNSMTAwHhcNMjUwNDAxMDU0MzQwWhcNMjUwNjMwMDU0MzM5WjA0MTIwMAYDVQQD
EylkaXN3LXFhLXdpbHNvbnZpbGxlLmFwcC5wY2QucGxhdGZvcm05LmNvbTCCASIw
DQYJKoZIhvcNAQEBBQADggEPADCCAQoCggEBALkN/jDgtAulvkiZwlgHwXK1XqnB
VABMnwqNdtkpscJnVPdxjziMJe4KCFthPxz3jpiwvbDa/TKzYwnksQpmtNWK11+k
r6a1dPzOmRX0hNKx8uTFxyi6hQG3ijCY+f6BA1akjaT3fdeTJXDSRA8wze/YbKLS
TDGuIV56NFqlc9ke9PS0Yk73WNJ6GZCMOsi0VF4Z66PTnqARQNHKPcymbu80I9R6
7zsw/nYrF2NJB+41EX5DCcrrQVZZGuMAmi0SZJZlUQuGdLkFtgXmVf+zAqGMVshm
C2kRiUjgpwXnrHTV+wM1Clz1UGhWFPq+9QXroCz0bS3+r/f/ycC1w6C+SQUCAwEA
AaOCAl0wggJZMA4GA1UdDwEB/wQEAwIFoDAdBgNVHSUEFjAUBggrBgEFBQcDAQYI
KwYBBQUHAwIwDAYDVR0TAQH/BAIwADAdBgNVHQ4EFgQU2APiC15a5j0k9PqSEVfi
DOYqDz8wHwYDVR0jBBgwFoAUu7zDR6XkvKnGw6RyDBCNojXhyOgwVwYIKwYBBQUH
AQEESzBJMCIGCCsGAQUFBzABhhZodHRwOi8vcjEwLm8ubGVuY3Iub3JnMCMGCCsG
AQUFBzAChhdodHRwOi8vcjEwLmkubGVuY3Iub3JnLzA0BgNVHREELTArgilkaXN3
LXFhLXdpbHNvbnZpbGxlLmFwcC5wY2QucGxhdGZvcm05LmNvbTATBgNVHSAEDDAK
MAgGBmeBDAECATAuBgNVHR8EJzAlMCOgIaAfhh1odHRwOi8vcjEwLmMubGVuY3Iu
b3JnLzQzLmNybDCCAQQGCisGAQQB1nkCBAIEgfUEgfIA8AB3AMz7D2qFcQll/pWb
U87psnwi6YVcDZeNtql+VMD+TA2wAAABlfAWB/EAAAQDAEgwRgIhAPR1cLYz2pLK
NqxihFqe3OynBLnabR2cixIf0GojCrrOAiEAyqWvXKtsnhL9lNA8IFIDlN4kZaFu
xngnmRDCv9KFgwYAdQATSt8atZhCCXgMb+9MepGkFrcjSc5YV2rfrtqnwqvgIgAA
AZXwFgifAAAEAwBGMEQCIBBecg4dylE/UD6AEF4wkHKmmvMrd8zcj2wPHebixBO4
AiBvzdYCSBmbdzpotD+gMneNxP9qzp2a6lQznLMgAJc9jDANBgkqhkiG9w0BAQsF
AAOCAQEAmnvatKp5xLncQzS57Y3LJU36BdI0sU9K3XmK/bEWvW2YjghYEPXyOH/t
pKva+nrdLClbOIS0uaPR0MJnkWXwG3zeDVakeYHLelz8CWUE6ahThOQK4Hmm43Fy
cuaGq1/b+pPjFpJ4XF+o60aoPWmuDVkkInGE1bWpeFUEqPciM84evifgb9U0N8jy
bv/fLxBhvy9rXrS+8oPO4roD2Bc4D2dtbA4gqq93QabQMZ1Vbvc3Mty6gQhy7AfH
j7BkjINymlJZhYH3SF3QOZn+Pa3X9YxybUFWudiCf9D/ivAETgIYU3GW/WwCdseF
L+T2aNSIqdfmk+6ufK+3+ZI7uNmaMA==
-----END CERTIFICATE-----
	{"controller": "migrationtemplate", "controllerGroup": "vjailbreak.k8s.pf9.io", "controllerKind": "MigrationTemplate", "MigrationTemplate": {"name":"9e1801db-95ed-46c3-a131-fd57643cfee5","namespace":"migration-system"}, "namespace": "migration-system", "name": "9e1801db-95ed-46c3-a131-fd57643cfee5", "reconcileID": "61105975-0043-47e2-8795-39e93f57a3d8"}
2025-05-10T23:06:33Z	INFO	Waiting for all VMs in parallel batch 1 to complete: [pf9-testdb-mysql-01]	{"controller": "migrationplan", "controllerGroup": "vjailbreak.k8s.pf9.io", "controllerKind": "MigrationPlan", "MigrationPlan": {"name":"63f0bd87-b319-40cb-9d78-c43652d576b0","namespace":"migration-system"}, "namespace": "migration-system", "name": "63f0bd87-b319-40cb-9d78-c43652d576b0", "reconcileID": "d93d43ff-d926-4cab-861f-6dcb7aaa0467"}
2025-05-10T23:06:33Z	INFO	Reconciling MigrationPlan '63f0bd87-b319-40cb-9d78-c43652d576b0'	{"controller": "migrationplan", "controllerGroup": "vjailbreak.k8s.pf9.io", "controllerKind": "MigrationPlan", "MigrationPlan": {"name":"63f0bd87-b319-40cb-9d78-c43652d576b0","namespace":"migration-system"}, "namespace": "migration-system", "name": "63f0bd87-b319-40cb-9d78-c43652d576b0", "reconcileID": "4d0722c0-3095-4be7-bdf5-1e7d87246ade"}
2025-05-10T23:06:34Z	INFO	migration-controller	Reconciling Migration object	{"controller": "migration", "controllerGroup": "vjailbreak.k8s.pf9.io", "controllerKind": "Migration", "Migration": {"name":"migration-pf9-testdb-mysql-01","namespace":"migration-system"}, "namespace": "migration-system", "name": "migration-pf9-testdb-mysql-01", "reconcileID": "f7122fd8-d59e-4924-8e1c-3326f8222fb1"}
2025-05-10T23:06:34Z	ERROR	Reconciler error	{"controller": "migration", "controllerGroup": "vjailbreak.k8s.pf9.io", "controllerKind": "Migration", "Migration": {"name":"migration-pf9-testdb-mysql-01","namespace":"migration-system"}, "namespace": "migration-system", "name": "migration-pf9-testdb-mysql-01", "reconcileID": "f7122fd8-d59e-4924-8e1c-3326f8222fb1", "error": "pod is not Running nor Succeeded for migration migration-pf9-testdb-mysql-01"}
sigs.k8s.io/controller-runtime/pkg/internal/controller.(*Controller[...]).reconcileHandler
	/go/pkg/mod/sigs.k8s.io/controller-runtime@v0.20.1/pkg/internal/controller/controller.go:341
sigs.k8s.io/controller-runtime/pkg/internal/controller.(*Controller[...]).processNextWorkItem
	/go/pkg/mod/sigs.k8s.io/controller-runtime@v0.20.1/pkg/internal/controller/controller.go:288
sigs.k8s.io/controller-runtime/pkg/internal/controller.(*Controller[...]).Start.func2.2
	/go/pkg/mod/sigs.k8s.io/controller-runtime@v0.20.1/pkg/internal/controller/controller.go:249
2025-05-10T23:06:40Z	INFO	Waiting for all VMs in parallel batch 1 to complete: [pf9-testdb-mysql-01]	{"controller": "migrationplan", "controllerGroup": "vjailbreak.k8s.pf9.io", "controllerKind": "MigrationPlan", "MigrationPlan": {"name":"63f0bd87-b319-40cb-9d78-c43652d576b0","namespace":"migration-system"}, "namespace": "migration-system", "name": "63f0bd87-b319-40cb-9d78-c43652d576b0", "reconcileID": "4d0722c0-3095-4be7-bdf5-1e7d87246ade"}
2025-05-10T23:06:44Z	INFO	migration-controller	Reconciling Migration object	{"controller": "migration", "controllerGroup": "vjailbreak.k8s.pf9.io", "controllerKind": "Migration", "Migration": {"name":"migration-pf9-testdb-mysql-01","namespace":"migration-system"}, "namespace": "migration-system", "name": "migration-pf9-testdb-mysql-01", "reconcileID": "8a7757f8-0ad4-4b94-b123-98708fd6cba0"}
2025-05-10T23:06:44Z	ERROR	Reconciler error	{"controller": "migration", "controllerGroup": "vjailbreak.k8s.pf9.io", "controllerKind": "Migration", "Migration": {"name":"migration-pf9-testdb-mysql-01","namespace":"migration-system"}, "namespace": "migration-system", "name": "migration-pf9-testdb-mysql-01", "reconcileID": "8a7757f8-0ad4-4b94-b123-98708fd6cba0", "error": "pod is not Running nor Succeeded for migration migration-pf9-testdb-mysql-01"}
sigs.k8s.io/controller-runtime/pkg/internal/controller.(*Controller[...]).reconcileHandler
	/go/pkg/mod/sigs.k8s.io/controller-runtime@v0.20.1/pkg/internal/controller/controller.go:341
sigs.k8s.io/controller-runtime/pkg/internal/controller.(*Controller[...]).processNextWorkItem
	/go/pkg/mod/sigs.k8s.io/controller-runtime@v0.20.1/pkg/internal/controller/controller.go:288
sigs.k8s.io/controller-runtime/pkg/internal/controller.(*Controller[...]).Start.func2.2
	/go/pkg/mod/sigs.k8s.io/controller-runtime@v0.20.1/pkg/internal/controller/controller.go:249
2025-05-10T23:07:05Z	INFO	migration-controller	Reconciling Migration object	{"controller": "migration", "controllerGroup": "vjailbreak.k8s.pf9.io", "controllerKind": "Migration", "Migration": {"name":"migration-pf9-testdb-mysql-01","namespace":"migration-system"}, "namespace": "migration-system", "name": "migration-pf9-testdb-mysql-01", "reconcileID": "9ae3d83c-1ce2-4385-a37e-0805bd52bf31"}
2025-05-10T23:07:05Z	ERROR	Reconciler error	{"controller": "migration", "controllerGroup": "vjailbreak.k8s.pf9.io", "controllerKind": "Migration", "Migration": {"name":"migration-pf9-testdb-mysql-01","namespace":"migration-system"}, "namespace": "migration-system", "name": "migration-pf9-testdb-mysql-01", "reconcileID": "9ae3d83c-1ce2-4385-a37e-0805bd52bf31", "error": "pod is not Running nor Succeeded for migration migration-pf9-testdb-mysql-01"}
sigs.k8s.io/controller-runtime/pkg/internal/controller.(*Controller[...]).reconcileHandler
	/go/pkg/mod/sigs.k8s.io/controller-runtime@v0.20.1/pkg/internal/controller/controller.go:341
sigs.k8s.io/controller-runtime/pkg/internal/controller.(*Controller[...]).processNextWorkItem
	/go/pkg/mod/sigs.k8s.io/controller-runtime@v0.20.1/pkg/internal/controller/controller.go:288
sigs.k8s.io/controller-runtime/pkg/internal/controller.(*Controller[...]).Start.func2.2
	/go/pkg/mod/sigs.k8s.io/controller-runtime@v0.20.1/pkg/internal/controller/controller.go:249
2025-05-10T23:07:06Z	INFO	Reconciling MigrationPlan '63f0bd87-b319-40cb-9d78-c43652d576b0'	{"controller": "migrationplan", "controllerGroup": "vjailbreak.k8s.pf9.io", "controllerKind": "MigrationPlan", "MigrationPlan": {"name":"63f0bd87-b319-40cb-9d78-c43652d576b0","namespace":"migration-system"}, "namespace": "migration-system", "name": "63f0bd87-b319-40cb-9d78-c43652d576b0", "reconcileID": "00133f92-6e5e-4e77-ad94-75eee826482e"}
2025-05-10T23:07:06Z	INFO	All VMs in MigrationPlan '63f0bd87-b319-40cb-9d78-c43652d576b0' have been successfully migrated	{"controller": "migrationplan", "controllerGroup": "vjailbreak.k8s.pf9.io", "controllerKind": "MigrationPlan", "MigrationPlan": {"name":"63f0bd87-b319-40cb-9d78-c43652d576b0","namespace":"migration-system"}, "namespace": "migration-system", "name": "63f0bd87-b319-40cb-9d78-c43652d576b0", "reconcileID": "00133f92-6e5e-4e77-ad94-75eee826482e"}
2025-05-10T23:07:06Z	INFO	migration-controller	Reconciling Migration object	{"controller": "migration", "controllerGroup": "vjailbreak.k8s.pf9.io", "controllerKind": "Migration", "Migration": {"name":"migration-pf9-testdb-mysql-01","namespace":"migration-system"}, "namespace": "migration-system", "name": "migration-pf9-testdb-mysql-01", "reconcileID": "1fca549d-099e-4a8d-82c2-d30241925521"}
2025-05-10T23:07:06Z	INFO	Reconciling MigrationPlan '63f0bd87-b319-40cb-9d78-c43652d576b0'	{"controller": "migrationplan", "controllerGroup": "vjailbreak.k8s.pf9.io", "controllerKind": "MigrationPlan", "MigrationPlan": {"name":"63f0bd87-b319-40cb-9d78-c43652d576b0","namespace":"migration-system"}, "namespace": "migration-system", "name": "63f0bd87-b319-40cb-9d78-c43652d576b0", "reconcileID": "bb3ec0f8-9aad-4dae-b9c8-5e586b0d75c5"}
2025-05-10T23:07:06Z	INFO	All VMs in MigrationPlan '63f0bd87-b319-40cb-9d78-c43652d576b0' have been successfully migrated	{"controller": "migrationplan", "controllerGroup": "vjailbreak.k8s.pf9.io", "controllerKind": "MigrationPlan", "MigrationPlan": {"name":"63f0bd87-b319-40cb-9d78-c43652d576b0","namespace":"migration-system"}, "namespace": "migration-system", "name": "63f0bd87-b319-40cb-9d78-c43652d576b0", "reconcileID": "bb3ec0f8-9aad-4dae-b9c8-5e586b0d75c5"}
2025-05-10T23:07:25Z	INFO	vjailbreaknode-controller	Reconciling VjailbreakNode	{"controller": "vjailbreaknode", "controllerGroup": "vjailbreak.k8s.pf9.io", "controllerKind": "VjailbreakNode", "VjailbreakNode": {"name":"vjailbreak-master","namespace":"migration-system"}, "namespace": "migration-system", "name": "vjailbreak-master", "reconcileID": "8fa27da0-0a9b-4ce0-b8ef-254823f5d5a4"}
2025-05-10T23:07:26Z	INFO	Trusting certificate for 'https://disw-qa-wilsonville.app.pcd.platform9.com/keystone/v3'	{"controller": "vjailbreaknode", "controllerGroup": "vjailbreak.k8s.pf9.io", "controllerKind": "VjailbreakNode", "VjailbreakNode": {"name":"vjailbreak-master","namespace":"migration-system"}, "namespace": "migration-system", "name": "vjailbreak-master", "reconcileID": "8fa27da0-0a9b-4ce0-b8ef-254823f5d5a4"}
2025-05-10T23:07:26Z	INFO	-----BEGIN CERTIFICATE-----
MIIFUjCCBDqgAwIBAgISBtr0cvTPioVFBXTV2A7aHNIqMA0GCSqGSIb3DQEBCwUA
MDMxCzAJBgNVBAYTAlVTMRYwFAYDVQQKEw1MZXQncyBFbmNyeXB0MQwwCgYDVQQD
EwNSMTAwHhcNMjUwNDAxMDU0MzQwWhcNMjUwNjMwMDU0MzM5WjA0MTIwMAYDVQQD
EylkaXN3LXFhLXdpbHNvbnZpbGxlLmFwcC5wY2QucGxhdGZvcm05LmNvbTCCASIw
DQYJKoZIhvcNAQEBBQADggEPADCCAQoCggEBALkN/jDgtAulvkiZwlgHwXK1XqnB
VABMnwqNdtkpscJnVPdxjziMJe4KCFthPxz3jpiwvbDa/TKzYwnksQpmtNWK11+k
r6a1dPzOmRX0hNKx8uTFxyi6hQG3ijCY+f6BA1akjaT3fdeTJXDSRA8wze/YbKLS
TDGuIV56NFqlc9ke9PS0Yk73WNJ6GZCMOsi0VF4Z66PTnqARQNHKPcymbu80I9R6
7zsw/nYrF2NJB+41EX5DCcrrQVZZGuMAmi0SZJZlUQuGdLkFtgXmVf+zAqGMVshm
C2kRiUjgpwXnrHTV+wM1Clz1UGhWFPq+9QXroCz0bS3+r/f/ycC1w6C+SQUCAwEA
AaOCAl0wggJZMA4GA1UdDwEB/wQEAwIFoDAdBgNVHSUEFjAUBggrBgEFBQcDAQYI
KwYBBQUHAwIwDAYDVR0TAQH/BAIwADAdBgNVHQ4EFgQU2APiC15a5j0k9PqSEVfi
DOYqDz8wHwYDVR0jBBgwFoAUu7zDR6XkvKnGw6RyDBCNojXhyOgwVwYIKwYBBQUH
AQEESzBJMCIGCCsGAQUFBzABhhZodHRwOi8vcjEwLm8ubGVuY3Iub3JnMCMGCCsG
AQUFBzAChhdodHRwOi8vcjEwLmkubGVuY3Iub3JnLzA0BgNVHREELTArgilkaXN3
LXFhLXdpbHNvbnZpbGxlLmFwcC5wY2QucGxhdGZvcm05LmNvbTATBgNVHSAEDDAK
MAgGBmeBDAECATAuBgNVHR8EJzAlMCOgIaAfhh1odHRwOi8vcjEwLmMubGVuY3Iu
b3JnLzQzLmNybDCCAQQGCisGAQQB1nkCBAIEgfUEgfIA8AB3AMz7D2qFcQll/pWb
U87psnwi6YVcDZeNtql+VMD+TA2wAAABlfAWB/EAAAQDAEgwRgIhAPR1cLYz2pLK
NqxihFqe3OynBLnabR2cixIf0GojCrrOAiEAyqWvXKtsnhL9lNA8IFIDlN4kZaFu
xngnmRDCv9KFgwYAdQATSt8atZhCCXgMb+9MepGkFrcjSc5YV2rfrtqnwqvgIgAA
AZXwFgifAAAEAwBGMEQCIBBecg4dylE/UD6AEF4wkHKmmvMrd8zcj2wPHebixBO4
AiBvzdYCSBmbdzpotD+gMneNxP9qzp2a6lQznLMgAJc9jDANBgkqhkiG9w0BAQsF
AAOCAQEAmnvatKp5xLncQzS57Y3LJU36BdI0sU9K3XmK/bEWvW2YjghYEPXyOH/t
pKva+nrdLClbOIS0uaPR0MJnkWXwG3zeDVakeYHLelz8CWUE6ahThOQK4Hmm43Fy
cuaGq1/b+pPjFpJ4XF+o60aoPWmuDVkkInGE1bWpeFUEqPciM84evifgb9U0N8jy
bv/fLxBhvy9rXrS+8oPO4roD2Bc4D2dtbA4gqq93QabQMZ1Vbvc3Mty6gQhy7AfH
j7BkjINymlJZhYH3SF3QOZn+Pa3X9YxybUFWudiCf9D/ivAETgIYU3GW/WwCdseF
L+T2aNSIqdfmk+6ufK+3+ZI7uNmaMA==
-----END CERTIFICATE-----
	{"controller": "vjailbreaknode", "controllerGroup": "vjailbreak.k8s.pf9.io", "controllerKind": "VjailbreakNode", "VjailbreakNode": {"name":"vjailbreak-master","namespace":"migration-system"}, "namespace": "migration-system", "name": "vjailbreak-master", "reconcileID": "8fa27da0-0a9b-4ce0-b8ef-254823f5d5a4"}
Image ID found Image ID 5b4219d7-d588-4f62-a5b5-0a317ba8e2d7
2025-05-10T23:07:26Z	INFO	Trusting certificate for 'https://disw-qa-wilsonville.app.pcd.platform9.com/keystone/v3'	{"controller": "vjailbreaknode", "controllerGroup": "vjailbreak.k8s.pf9.io", "controllerKind": "VjailbreakNode", "VjailbreakNode": {"name":"vjailbreak-master","namespace":"migration-system"}, "namespace": "migration-system", "name": "vjailbreak-master", "reconcileID": "8fa27da0-0a9b-4ce0-b8ef-254823f5d5a4"}
2025-05-10T23:07:26Z	INFO	-----BEGIN CERTIFICATE-----
MIIFUjCCBDqgAwIBAgISBtr0cvTPioVFBXTV2A7aHNIqMA0GCSqGSIb3DQEBCwUA
MDMxCzAJBgNVBAYTAlVTMRYwFAYDVQQKEw1MZXQncyBFbmNyeXB0MQwwCgYDVQQD
EwNSMTAwHhcNMjUwNDAxMDU0MzQwWhcNMjUwNjMwMDU0MzM5WjA0MTIwMAYDVQQD
EylkaXN3LXFhLXdpbHNvbnZpbGxlLmFwcC5wY2QucGxhdGZvcm05LmNvbTCCASIw
DQYJKoZIhvcNAQEBBQADggEPADCCAQoCggEBALkN/jDgtAulvkiZwlgHwXK1XqnB
VABMnwqNdtkpscJnVPdxjziMJe4KCFthPxz3jpiwvbDa/TKzYwnksQpmtNWK11+k
r6a1dPzOmRX0hNKx8uTFxyi6hQG3ijCY+f6BA1akjaT3fdeTJXDSRA8wze/YbKLS
TDGuIV56NFqlc9ke9PS0Yk73WNJ6GZCMOsi0VF4Z66PTnqARQNHKPcymbu80I9R6
7zsw/nYrF2NJB+41EX5DCcrrQVZZGuMAmi0SZJZlUQuGdLkFtgXmVf+zAqGMVshm
C2kRiUjgpwXnrHTV+wM1Clz1UGhWFPq+9QXroCz0bS3+r/f/ycC1w6C+SQUCAwEA
AaOCAl0wggJZMA4GA1UdDwEB/wQEAwIFoDAdBgNVHSUEFjAUBggrBgEFBQcDAQYI
KwYBBQUHAwIwDAYDVR0TAQH/BAIwADAdBgNVHQ4EFgQU2APiC15a5j0k9PqSEVfi
DOYqDz8wHwYDVR0jBBgwFoAUu7zDR6XkvKnGw6RyDBCNojXhyOgwVwYIKwYBBQUH
AQEESzBJMCIGCCsGAQUFBzABhhZodHRwOi8vcjEwLm8ubGVuY3Iub3JnMCMGCCsG
AQUFBzAChhdodHRwOi8vcjEwLmkubGVuY3Iub3JnLzA0BgNVHREELTArgilkaXN3
LXFhLXdpbHNvbnZpbGxlLmFwcC5wY2QucGxhdGZvcm05LmNvbTATBgNVHSAEDDAK
MAgGBmeBDAECATAuBgNVHR8EJzAlMCOgIaAfhh1odHRwOi8vcjEwLmMubGVuY3Iu
b3JnLzQzLmNybDCCAQQGCisGAQQB1nkCBAIEgfUEgfIA8AB3AMz7D2qFcQll/pWb
U87psnwi6YVcDZeNtql+VMD+TA2wAAABlfAWB/EAAAQDAEgwRgIhAPR1cLYz2pLK
NqxihFqe3OynBLnabR2cixIf0GojCrrOAiEAyqWvXKtsnhL9lNA8IFIDlN4kZaFu
xngnmRDCv9KFgwYAdQATSt8atZhCCXgMb+9MepGkFrcjSc5YV2rfrtqnwqvgIgAA
AZXwFgifAAAEAwBGMEQCIBBecg4dylE/UD6AEF4wkHKmmvMrd8zcj2wPHebixBO4
AiBvzdYCSBmbdzpotD+gMneNxP9qzp2a6lQznLMgAJc9jDANBgkqhkiG9w0BAQsF
AAOCAQEAmnvatKp5xLncQzS57Y3LJU36BdI0sU9K3XmK/bEWvW2YjghYEPXyOH/t
pKva+nrdLClbOIS0uaPR0MJnkWXwG3zeDVakeYHLelz8CWUE6ahThOQK4Hmm43Fy
cuaGq1/b+pPjFpJ4XF+o60aoPWmuDVkkInGE1bWpeFUEqPciM84evifgb9U0N8jy
bv/fLxBhvy9rXrS+8oPO4roD2Bc4D2dtbA4gqq93QabQMZ1Vbvc3Mty6gQhy7AfH
j7BkjINymlJZhYH3SF3QOZn+Pa3X9YxybUFWudiCf9D/ivAETgIYU3GW/WwCdseF
L+T2aNSIqdfmk+6ufK+3+ZI7uNmaMA==
-----END CERTIFICATE-----
	{"controller": "vjailbreaknode", "controllerGroup": "vjailbreak.k8s.pf9.io", "controllerKind": "VjailbreakNode", "VjailbreakNode": {"name":"vjailbreak-master","namespace":"migration-system"}, "namespace": "migration-system", "name": "vjailbreak-master", "reconcileID": "8fa27da0-0a9b-4ce0-b8ef-254823f5d5a4"}
2025-05-10T23:07:27Z	INFO	vjailbreaknode-controller	Skipping master node, updating flavor	{"controller": "vjailbreaknode", "controllerGroup": "vjailbreak.k8s.pf9.io", "controllerKind": "VjailbreakNode", "VjailbreakNode": {"name":"vjailbreak-master","namespace":"migration-system"}, "namespace": "migration-system", "name": "vjailbreak-master", "reconcileID": "8fa27da0-0a9b-4ce0-b8ef-254823f5d5a4", "name": "vjailbreak-master"}
2025-05-10T23:07:46Z	INFO	migration-controller	Reconciling Migration object	{"controller": "migration", "controllerGroup": "vjailbreak.k8s.pf9.io", "controllerKind": "Migration", "Migration": {"name":"migration-pf9-testdb-mysql-01","namespace":"migration-system"}, "namespace": "migration-system", "name": "migration-pf9-testdb-mysql-01", "reconcileID": "35751db1-f3e1-456a-ba97-3ead34499895"}
********** end of migration-controller-manager-5c79b44b9-dhlv9  logs*************
