nbdkit: debug: nbdkit 1.42.3 (nbdkit-1.42.3-1.fc42)
nbdkit: debug: TLS disabled: could not load TLS certificates
nbdkit: debug: service mode: unix socket
nbdkit: debug: NBD URI: nbd+unix://?socket=/tmp/nbdkit-4016411854/nbdkit.sock
nbdkit: debug: registering plugin /usr/lib64/nbdkit/plugins/nbdkit-vddk-plugin.so
nbdkit: debug: registered plugin /usr/lib64/nbdkit/plugins/nbdkit-vddk-plugin.so (name vddk)
nbdkit: debug: vddk: load
nbdkit: warning: debug flag -D  nbdkit.backend.datapath was not used
nbdkit: warning: debug flag -D  vddk.datapath was not used
nbdkit: debug: vddk: config key=libdir, value=/home/fedora/vmware-vix-disklib-distrib
nbdkit: debug: vddk: config key=server, value=ALM-VC-01.alm.mentorg.com
nbdkit: debug: vddk: config key=user, value=mgc\\svc_vcenter
nbdkit: debug: vddk: config key=password, value=}[RecUFF::J6}[FsXRayE\\z=9
nbdkit: debug: vddk: config key=thumbprint, value=ee:da:39:bb:b1:83:79:aa:f3:b1:7c:7b:2d:51:45:a4:93:ec:b6:a6
nbdkit: debug: vddk: config key=compression, value=fastlz
nbdkit: debug: vddk: config key=config, value=/home/fedora/vddk.conf
nbdkit: debug: vddk: config key=transports, value=file:nbdssl:nbd
nbdkit: debug: vddk: config key=vm, value=moref=vm-11007
nbdkit: debug: vddk: config key=snapshot, value=snapshot-19615
nbdkit: debug: vddk: config key=file, value=[sas_n1_vmnfs1] alm-smartm.alm.mentorg.com/alm-smartm.alm.mentorg.com.vmdk
nbdkit: debug: vddk: config_complete
nbdkit: debug: using thread model: parallel
nbdkit: debug: vddk: get_ready
nbdkit: debug: original command line occupies 599 bytes
nbdkit: debug: adding reexeced_=
nbdkit: debug: re-executing with updated LD_LIBRARY_PATH=/home/fedora/vmware-vix-disklib-distrib/lib64
nbdkit: debug: nbdkit 1.42.3 (nbdkit-1.42.3-1.fc42)
nbdkit: debug: TLS disabled: could not load TLS certificates
nbdkit: debug: service mode: unix socket
nbdkit: debug: NBD URI: nbd+unix://?socket=/tmp/nbdkit-4016411854/nbdkit.sock
nbdkit: debug: registering plugin /usr/lib64/nbdkit/plugins/nbdkit-vddk-plugin.so
nbdkit: debug: registered plugin /usr/lib64/nbdkit/plugins/nbdkit-vddk-plugin.so (name vddk)
nbdkit: debug: vddk: load
nbdkit: warning: debug flag -D  nbdkit.backend.datapath was not used
nbdkit: warning: debug flag -D  vddk.datapath was not used
nbdkit: debug: vddk: config key=libdir, value=/home/fedora/vmware-vix-disklib-distrib
nbdkit: debug: vddk: config key=server, value=ALM-VC-01.alm.mentorg.com
nbdkit: debug: vddk: config key=user, value=mgc\\svc_vcenter
nbdkit: debug: vddk: config key=thumbprint, value=ee:da:39:bb:b1:83:79:aa:f3:b1:7c:7b:2d:51:45:a4:93:ec:b6:a6
nbdkit: debug: vddk: config key=compression, value=fastlz
nbdkit: debug: vddk: config key=config, value=/home/fedora/vddk.conf
nbdkit: debug: vddk: config key=transports, value=file:nbdssl:nbd
nbdkit: debug: vddk: config key=vm, value=moref=vm-11007
nbdkit: debug: vddk: config key=snapshot, value=snapshot-19615
nbdkit: debug: vddk: config key=file, value=[sas_n1_vmnfs1] alm-smartm.alm.mentorg.com/alm-smartm.alm.mentorg.com.vmdk
nbdkit: debug: vddk: config key=password, value=-3
nbdkit: debug: vddk: config key=reexeced_, value=
nbdkit: debug: vddk: config_complete
nbdkit: debug: cleaning up after re-exec
nbdkit: debug: using thread model: parallel
nbdkit: debug: vddk: get_ready
nbdkit: debug: bound to unix socket /tmp/nbdkit-4016411854/nbdkit.sock
nbdkit: debug: written pidfile /tmp/nbdkit-4016411854/nbdkit.pid
nbdkit: debug: vddk: after_fork
nbdkit: debug: VDDK call: VixDiskLib_InitEx (6, 5, &debug_fn, &error_fn, &error_fn, /home/fedora/vmware-vix-disklib-distrib, /home/fedora/vddk.conf)
nbdkit: debug: OBJLIB-LIB: Objlib initialized.
nbdkit: debug: VixDiskLib: Attempting to locate advanced transport module in "/home/fedora/vmware-vix-disklib-distrib".
nbdkit: debug: VixDiskLib: Advanced transport plugin /home/fedora/vmware-vix-disklib-distrib/lib64/libdiskLibPlugin.so was successfully loaded into vixDiskLib.
nbdkit: debug: VixDiskLib: Enabling advanced transport modes.
nbdkit: debug: 2025-06-20T05:01:14.857Z trivia -[01219] [Originator@6876 sub=ThreadPool] Thread enlisted
nbdkit: debug: DictionaryLoad: Cannot open file "/etc/vmware/config": No such file or directory.
nbdkit: debug: [msg.dictionary.load.openFailed] Cannot open file "/etc/vmware/config": No such file or directory.
nbdkit: debug: PREF Optional preferences file not found at /etc/vmware/config. Using default values.
nbdkit: debug: 2025-06-20T05:01:14.857Z info -[01219] [Originator@6876 sub=ThreadPool] Entering worker thread loop
nbdkit: debug: DictionaryLoad: Cannot open file "/usr/lib/vmware/settings": No such file or directory.
nbdkit: debug: [msg.dictionary.load.openFailed] Cannot open file "/usr/lib/vmware/settings": No such file or directory.
nbdkit: debug: PREF Optional preferences file not found at /usr/lib/vmware/settings. Using default values.
nbdkit: debug: DictionaryLoad: Cannot open file "/usr/lib/vmware/config": No such file or directory.
nbdkit: debug: [msg.dictionary.load.openFailed] Cannot open file "/usr/lib/vmware/config": No such file or directory.
nbdkit: debug: PREF Optional preferences file not found at /usr/lib/vmware/config. Using default values.
nbdkit: debug: DictionaryLoad: Cannot open file "/root/.vmware/config": No such file or directory.
nbdkit: debug: [msg.dictionary.load.openFailed] Cannot open file "/root/.vmware/config": No such file or directory.
nbdkit: debug: 2025-06-20T05:01:14.857Z trivia -[01223] [Originator@6876 sub=ThreadPool] Thread enlisted
nbdkit: debug: PREF Optional preferences file not found at /root/.vmware/config. Using default values.
nbdkit: debug: DictionaryLoad: Cannot open file "/root/.vmware/preferences": No such file or directory.
nbdkit: debug: [msg.dictionary.load.openFailed] Cannot open file "/root/.vmware/preferences": No such file or directory.
nbdkit: debug: PREF Optional preferences file not found at /root/.vmware/preferences. Using default values.
nbdkit: debug: 2025-06-20T05:01:14.857Z info -[01223] [Originator@6876 sub=ThreadPool] Entering IO thread loop
nbdkit: debug: 2025-06-20T05:01:14.857Z trivia -[01225] [Originator@6876 sub=ThreadPool] Thread enlisted
nbdkit: debug: 2025-06-20T05:01:14.858Z info -[01225] [Originator@6876 sub=ThreadPool] Entering fair thread loop
nbdkit: debug: lib/ssl: OpenSSL using default provider
nbdkit: debug: lib/ssl: Client usage
nbdkit: debug: lib/ssl: protocol list tls1.2
nbdkit: debug: lib/ssl: protocol min 0x303 max 0x303
nbdkit: debug: lib/ssl: protocol list tls1.2 (openssl flags 0x36000000)
nbdkit: debug: lib/ssl: cipher list ECDHE+AESGCM:RSA+AESGCM:ECDHE+AES:RSA+AES
nbdkit: debug: lib/ssl: cipher suites TLS_AES_128_GCM_SHA256:TLS_AES_256_GCM_SHA384
nbdkit: debug: lib/ssl: curves list prime256v1:secp384r1:secp521r1
nbdkit: debug: lib/ssl: Server usage
nbdkit: debug: lib/ssl: protocol list tls1.2
nbdkit: debug: lib/ssl: protocol min 0x303 max 0x303
nbdkit: debug: lib/ssl: protocol list tls1.2 (openssl flags 0x36000000)
nbdkit: debug: lib/ssl: cipher list ECDHE+AESGCM:RSA+AESGCM:ECDHE+AES:RSA+AES
nbdkit: debug: lib/ssl: cipher suites TLS_AES_128_GCM_SHA256:TLS_AES_256_GCM_SHA384
nbdkit: debug: lib/ssl: curves list prime256v1:secp384r1:secp521r1
nbdkit: debug: VixDiskLib: Initialize transport modes.
nbdkit: debug: 2025-06-20T05:01:14.994Z info -[01218] [Originator@6876 sub=Libs] [NFC VERBOSE]NFC connection accept timeout: 180000 milliseconds
nbdkit: debug: 2025-06-20T05:01:14.994Z info -[01218] [Originator@6876 sub=Libs] [NFC VERBOSE]NFC request timeout: 180000 milliseconds
nbdkit: debug: 2025-06-20T05:01:14.994Z info -[01218] [Originator@6876 sub=Libs] [NFC VERBOSE]NFC read timeout: 60000 milliseconds
nbdkit: debug: 2025-06-20T05:01:14.994Z info -[01218] [Originator@6876 sub=Libs] [NFC VERBOSE]NFC write timeout: 600000 milliseconds
nbdkit: debug: 2025-06-20T05:01:14.994Z info -[01218] [Originator@6876 sub=Libs] [NFC VERBOSE]NFC fssrvr request timeout: 0 milliseconds
nbdkit: debug: 2025-06-20T05:01:14.994Z info -[01218] [Originator@6876 sub=Libs] [NFC VERBOSE]NFC fssrvr write timeout: 0 milliseconds
nbdkit: debug: 2025-06-20T05:01:14.994Z info -[01218] [Originator@6876 sub=Libs] [NFC VERBOSE]NFC max recv retries: 1
nbdkit: debug: 2025-06-20T05:01:14.994Z info -[01218] [Originator@6876 sub=Libs] DictionaryLoad: Cannot open file "/etc/vmware/config": No such file or directory.
nbdkit: debug: 2025-06-20T05:01:14.994Z info -[01218] [Originator@6876 sub=Libs] [msg.dictionary.load.openFailed] Cannot open file "/etc/vmware/config": No such file or directory.
nbdkit: debug: 2025-06-20T05:01:14.994Z info -[01218] [Originator@6876 sub=Libs] PREF Optional preferences file not found at /etc/vmware/config. Using default values.
nbdkit: debug: 2025-06-20T05:01:14.994Z info -[01218] [Originator@6876 sub=Libs] DictionaryLoad: Cannot open file "/usr/lib/vmware/settings": No such file or directory.
nbdkit: debug: 2025-06-20T05:01:14.994Z info -[01218] [Originator@6876 sub=Libs] [msg.dictionary.load.openFailed] Cannot open file "/usr/lib/vmware/settings": No such file or directory.
nbdkit: debug: 2025-06-20T05:01:14.994Z info -[01218] [Originator@6876 sub=Libs] PREF Optional preferences file not found at /usr/lib/vmware/settings. Using default values.
nbdkit: debug: 2025-06-20T05:01:14.994Z info -[01218] [Originator@6876 sub=Libs] DictionaryLoad: Cannot open file "/usr/lib/vmware/config": No such file or directory.
nbdkit: debug: 2025-06-20T05:01:14.994Z info -[01218] [Originator@6876 sub=Libs] [msg.dictionary.load.openFailed] Cannot open file "/usr/lib/vmware/config": No such file or directory.
nbdkit: debug: 2025-06-20T05:01:14.994Z info -[01218] [Originator@6876 sub=Libs] PREF Optional preferences file not found at /usr/lib/vmware/config. Using default values.
nbdkit: debug: 2025-06-20T05:01:14.994Z info -[01218] [Originator@6876 sub=Libs] DictionaryLoad: Cannot open file "/root/.vmware/config": No such file or directory.
nbdkit: debug: 2025-06-20T05:01:14.994Z info -[01218] [Originator@6876 sub=Libs] [msg.dictionary.load.openFailed] Cannot open file "/root/.vmware/config": No such file or directory.
nbdkit: debug: 2025-06-20T05:01:14.994Z info -[01218] [Originator@6876 sub=Libs] PREF Optional preferences file not found at /root/.vmware/config. Using default values.
nbdkit: debug: 2025-06-20T05:01:14.994Z info -[01218] [Originator@6876 sub=Libs] DictionaryLoad: Cannot open file "/root/.vmware/preferences": No such file or directory.
nbdkit: debug: 2025-06-20T05:01:14.994Z info -[01218] [Originator@6876 sub=Libs] [msg.dictionary.load.openFailed] Cannot open file "/root/.vmware/preferences": No such file or directory.
nbdkit: debug: 2025-06-20T05:01:14.994Z info -[01218] [Originator@6876 sub=Libs] PREF Optional preferences file not found at /root/.vmware/preferences. Using default values.
nbdkit: debug: 2025-06-20T05:01:14.994Z info -[01218] [Originator@6876 sub=Libs] lib/ssl: OpenSSL using default provider
nbdkit: debug: 2025-06-20T05:01:14.994Z info -[01218] [Originator@6876 sub=Libs] lib/ssl: Client usage
nbdkit: debug: 2025-06-20T05:01:14.994Z info -[01218] [Originator@6876 sub=Libs] lib/ssl: protocol list tls1.2
nbdkit: debug: 2025-06-20T05:01:14.994Z info -[01218] [Originator@6876 sub=Libs] lib/ssl: protocol min 0x303 max 0x303
nbdkit: debug: 2025-06-20T05:01:14.994Z info -[01218] [Originator@6876 sub=Libs] lib/ssl: protocol list tls1.2 (openssl flags 0x36000000)
nbdkit: debug: 2025-06-20T05:01:14.994Z info -[01218] [Originator@6876 sub=Libs] lib/ssl: cipher list ECDHE+AESGCM:RSA+AESGCM:ECDHE+AES:RSA+AES
nbdkit: debug: 2025-06-20T05:01:14.994Z info -[01218] [Originator@6876 sub=Libs] lib/ssl: cipher suites TLS_AES_128_GCM_SHA256:TLS_AES_256_GCM_SHA384
nbdkit: debug: 2025-06-20T05:01:14.994Z info -[01218] [Originator@6876 sub=Libs] lib/ssl: curves list prime256v1:secp384r1:secp521r1
nbdkit: debug: 2025-06-20T05:01:14.994Z info -[01218] [Originator@6876 sub=Libs] lib/ssl: Server usage
nbdkit: debug: 2025-06-20T05:01:14.994Z info -[01218] [Originator@6876 sub=Libs] lib/ssl: protocol list tls1.2
nbdkit: debug: 2025-06-20T05:01:14.994Z info -[01218] [Originator@6876 sub=Libs] lib/ssl: protocol min 0x303 max 0x303
nbdkit: debug: 2025-06-20T05:01:14.994Z info -[01218] [Originator@6876 sub=Libs] lib/ssl: protocol list tls1.2 (openssl flags 0x36000000)
nbdkit: debug: 2025-06-20T05:01:14.994Z info -[01218] [Originator@6876 sub=Libs] lib/ssl: cipher list ECDHE+AESGCM:RSA+AESGCM:ECDHE+AES:RSA+AES
nbdkit: debug: 2025-06-20T05:01:14.994Z info -[01218] [Originator@6876 sub=Libs] lib/ssl: cipher suites TLS_AES_128_GCM_SHA256:TLS_AES_256_GCM_SHA384
nbdkit: debug: 2025-06-20T05:01:14.994Z info -[01218] [Originator@6876 sub=Libs] lib/ssl: curves list prime256v1:secp384r1:secp521r1
nbdkit: debug: 2025-06-20T05:01:15.122Z info -[01218] [Originator@6876 sub=Libs] [NFC INFO]Nfc_Init: Poll not initialized.
nbdkit: debug: VixDiskLib: Available transport modes: file:san:hotadd:nbdssl:nbd.
nbdkit: debug: VMware VixDiskLib (8.0.3) Release build-23950268
nbdkit: debug: VixDiskLib: PhoneHome is disabled.
nbdkit: debug: accepted connection
nbdkit: vddk[1]: debug: vddk: preconnect
nbdkit: vddk[1]: debug: newstyle negotiation: flags: global 0x3
nbdkit: vddk[1]: debug: newstyle negotiation: client flags: 0x3
nbdkit: vddk[1]: debug: replying to NBD_OPT_EXTENDED_HEADERS with NBD_REP_ERR_UNSUP
nbdkit: vddk[1]: debug: newstyle negotiation: NBD_OPT_STRUCTURED_REPLY: client requested structured replies
nbdkit: vddk[1]: debug: replying to NBD_OPT_STRUCTURED_REPLY with NBD_REP_ACK
nbdkit: vddk[1]: debug: newstyle negotiation: NBD_OPT_SET_META_CONTEXT: client requested export ''
nbdkit: vddk[1]: debug: newstyle negotiation: NBD_OPT_SET_META_CONTEXT: set count: 1
nbdkit: vddk[1]: debug: newstyle negotiation: NBD_OPT_SET_META_CONTEXT: set base:allocation
nbdkit: vddk[1]: debug: newstyle negotiation: NBD_OPT_SET_META_CONTEXT: replying with base:allocation id 1
nbdkit: vddk[1]: debug: replying to NBD_OPT_SET_META_CONTEXT with NBD_REP_ACK
nbdkit: vddk[1]: debug: newstyle negotiation: NBD_OPT_SET_META_CONTEXT: reply complete
nbdkit: vddk[1]: debug: newstyle negotiation: NBD_OPT_GO: client requested export ''
nbdkit: vddk[1]: debug: vddk: open readonly=1 exportname="" tls=0
nbdkit: vddk[1]: debug: vddk: default_export readonly=1 tls=0
nbdkit: vddk[1]: debug: VDDK call: VixDiskLib_AllocateConnectParams ()
nbdkit: vddk[1]: debug: VDDK call: VixDiskLib_ConnectEx (h->params, 1, snapshot-19615, file:nbdssl:nbd, &connection)
nbdkit: vddk[1]: debug: VixDiskLib: VixDiskLib_ConnectEx: Establish connection using file:nbdssl:nbd.
nbdkit: vddk[1]: debug: VixDiskLib: VixDiskLibConnectInt: Establish connection.
nbdkit: vddk[1]: debug: VixDiskLib: Resolve host.
nbdkit: vddk[1]: debug: 2025-06-20T05:01:19.384Z warning -[01227] [Originator@6876 sub=transport] Can't find the snapshot snapshot-19615
nbdkit: vddk[1]: debug: 2025-06-20T05:01:19.394Z error -[01227] [Originator@6876 sub=Default] Cannot use advanced transport modes for 134.86.102.119/moref=vm-11007/snapshot-19615: Snapshot with ID=snapshot-19615 can't apply for the object with ID:42273642-a942-3e8b-81e0-8dac066afec2..
nbdkit: vddk[1]: debug: VixDiskLib: VixDiskLib_ConnectEx: Advanced transport modes not available for opening moref=vm-11007. (Cannot use advanced transport modes for 134.86.102.119/moref=vm-11007/snapshot-19615: Snapshot with ID=snapshot-19615 can't apply for the object with ID:42273642-a942-3e8b-81e0-8dac066afec2..)
nbdkit: vddk[1]: debug: VDDK call: VixDiskLib_Open (connection, [sas_n1_vmnfs1] alm-smartm.alm.mentorg.com/alm-smartm.alm.mentorg.com.vmdk, 36, &handle)
nbdkit: vddk[1]: debug: VixDiskLib: VixDiskLib_OpenEx: Open disk '[sas_n1_vmnfs1] alm-smartm.alm.mentorg.com/alm-smartm.alm.mentorg.com.vmdk'.
nbdkit: vddk[1]: debug: 2025-06-20T05:01:21.465Z warning -[01227] [Originator@6876 sub=vimaccess] Can't find the snapshot snapshot-19615
nbdkit: vddk[1]: debug: NBD_ClientOpen: attempting to create connection to FASTLZ-vpxa-nfc://[sas_n1_vmnfs1] alm-smartm.alm.mentorg.com/alm-smartm.alm.mentorg.com.vmdk@esx-47.alm.mentorg.com:902!52 0b da e4 4e 63 37 1a-9e 20 ef ce e1 7d f9 14
nbdkit: vddk[1]: debug: NfcAioOpenSession: the socket options client snd buffer size 87040,           rcv buffer size 131072.
nbdkit: vddk[1]: debug: NfcAioOpenSession: the socket options server snd buffer size 293058,           rcv buffer size 293058.
nbdkit: vddk[1]: debug: Opening file [sas_n1_vmnfs1] alm-smartm.alm.mentorg.com/alm-smartm.alm.mentorg.com.vmdk (FASTLZ-vpxa-nfc://[sas_n1_vmnfs1] alm-smartm.alm.mentorg.com/alm-smartm.alm.mentorg.com.vmdk@esx-47.alm.mentorg.com:902!52 0b da e4 4e 63 37 1a-9e 20 ef ce e1 7d f9 14)
nbdkit: vddk[1]: debug: Nbd_ClientSetCallback: Set callback on '[sas_n1_vmnfs1] alm-smartm.alm.mentorg.com/alm-smartm.alm.mentorg.com.vmdk' with type 0.
nbdkit: vddk[1]: debug: VDDK call: VixDiskLib_GetTransportMode (handle)
nbdkit: vddk[1]: debug: VixDiskLib: VixDiskLib_GetTransportMode: Retrieve transport mode.
nbdkit: vddk[1]: debug: transport mode: nbd
nbdkit: vddk[1]: debug: vddk: open returned handle 0x7fb43c001a30
nbdkit: vddk[1]: debug: vddk: prepare readonly=1
nbdkit: vddk[1]: debug: vddk: get_size
nbdkit: debug: VDDK call: VixDiskLib_GetInfo (handle, info)
nbdkit: debug: VixDiskLib: VixDiskLib_GetInfo: Retrieve disk info.
nbdkit: vddk[1]: debug: VDDK call: VixDiskLib_FreeInfo (info)
nbdkit: vddk[1]: debug: VixDiskLib: VixDiskLib_FreeInfo: Clean up VixDiskLib.
nbdkit: vddk[1]: debug: vddk: can_zero
nbdkit: vddk[1]: debug: vddk: can_fast_zero
nbdkit: vddk[1]: debug: vddk: can_trim
nbdkit: vddk[1]: debug: vddk: can_fua
nbdkit: vddk[1]: debug: vddk: can_flush
nbdkit: vddk[1]: debug: vddk: is_rotational
nbdkit: vddk[1]: debug: vddk: can_multi_conn
nbdkit: vddk[1]: debug: vddk: can_cache
nbdkit: vddk[1]: debug: vddk: can_extents
nbdkit: debug: VDDK call: VixDiskLib_QueryAllocatedBlocks (handle, 0, 128 sectors, 128 sectors)
nbdkit: debug: VixDiskLib: VixDiskLib_QueryAllocatedBlocks: Query allocated blocks.
nbdkit: debug: VDDK call: VixDiskLib_FreeBlockList (block_list)
nbdkit: vddk[1]: debug: newstyle negotiation: flags: export 0x87
nbdkit: vddk[1]: debug: vddk: block_size
nbdkit: debug: VDDK call: VixDiskLib_GetInfo (handle, info)
nbdkit: debug: VixDiskLib: VixDiskLib_GetInfo: Retrieve disk info.
nbdkit: vddk[1]: debug: VDDK call: VixDiskLib_FreeInfo (info)
nbdkit: vddk[1]: debug: VixDiskLib: VixDiskLib_FreeInfo: Clean up VixDiskLib.
nbdkit: vddk[1]: debug: replying to NBD_OPT_GO with NBD_REP_ACK
nbdkit: vddk[1]: debug: handshake complete, processing requests with 16 threads
nbdkit: debug: starting worker thread vddk.0
nbdkit: vddk.0: debug: vddk: extents count=1572864 offset=5670436864 req_one=1
nbdkit: debug: starting worker thread vddk.1
nbdkit: debug: VDDK call: VixDiskLib_QueryAllocatedBlocks (handle, 11075072 sectors, 3072 sectors, 128 sectors)
nbdkit: debug: VixDiskLib: VixDiskLib_QueryAllocatedBlocks: Query allocated blocks.
nbdkit: debug: starting worker thread vddk.2
nbdkit: debug: starting worker thread vddk.4
nbdkit: debug: starting worker thread vddk.3
nbdkit: debug: starting worker thread vddk.5
nbdkit: debug: starting worker thread vddk.6
nbdkit: debug: starting worker thread vddk.7
nbdkit: debug: starting worker thread vddk.8
nbdkit: debug: starting worker thread vddk.9
nbdkit: debug: starting worker thread vddk.10
nbdkit: debug: starting worker thread vddk.13
nbdkit: debug: starting worker thread vddk.14
nbdkit: debug: starting worker thread vddk.15
nbdkit: debug: starting worker thread vddk.12
nbdkit: debug: starting worker thread vddk.11
nbdkit: debug: VDDK call: VixDiskLib_FreeBlockList (block_list)
nbdkit: vddk.1: debug: vddk: extents count=1048576 offset=5369757696 req_one=1
nbdkit: debug: VDDK call: VixDiskLib_QueryAllocatedBlocks (handle, 10487808 sectors, 2048 sectors, 128 sectors)
nbdkit: debug: VixDiskLib: VixDiskLib_QueryAllocatedBlocks: Query allocated blocks.
nbdkit: debug: VDDK call: VixDiskLib_FreeBlockList (block_list)
nbdkit: vddk.2: debug: vddk: extents count=4456448 offset=5510004736 req_one=1
nbdkit: debug: VDDK call: VixDiskLib_QueryAllocatedBlocks (handle, 10761728 sectors, 8704 sectors, 128 sectors)
nbdkit: debug: VixDiskLib: VixDiskLib_QueryAllocatedBlocks: Query allocated blocks.
nbdkit: debug: VDDK call: VixDiskLib_FreeBlockList (block_list)
nbdkit: vddk.4: debug: vddk: pread count=262144 offset=84878295040
nbdkit: debug: VDDK call: VixDiskLib_ReadAsync (handle, 165777920 sectors, 512 sectors, buffer, callback, 6)
nbdkit: debug: command 6 completed
nbdkit: vddk.3: debug: vddk: pread count=262144 offset=67776544768
nbdkit: debug: VDDK call: VixDiskLib_ReadAsync (handle, 132376064 sectors, 512 sectors, buffer, callback, 7)
nbdkit: debug: command 7 completed
nbdkit: vddk.5: debug: vddk: pread count=524288 offset=5887492096
nbdkit: debug: VDDK call: VixDiskLib_ReadAsync (handle, 11499008 sectors, 1024 sectors, buffer, callback, 8)
nbdkit: debug: command 8 completed
nbdkit: vddk.6: debug: vddk: extents count=1048576 offset=91818819584 req_one=1
nbdkit: debug: VDDK call: VixDiskLib_QueryAllocatedBlocks (handle, 179333632 sectors, 2048 sectors, 128 sectors)
nbdkit: debug: VixDiskLib: VixDiskLib_QueryAllocatedBlocks: Query allocated blocks.
nbdkit: debug: VDDK call: VixDiskLib_FreeBlockList (block_list)
nbdkit: vddk.7: debug: vddk: extents count=4194304 offset=85867102208 req_one=1
nbdkit: debug: VDDK call: VixDiskLib_QueryAllocatedBlocks (handle, 167709184 sectors, 8192 sectors, 128 sectors)
nbdkit: debug: VixDiskLib: VixDiskLib_QueryAllocatedBlocks: Query allocated blocks.
nbdkit: debug: VDDK call: VixDiskLib_FreeBlockList (block_list)
nbdkit: vddk.8: debug: vddk: pread count=524288 offset=89730842624
nbdkit: debug: VDDK call: VixDiskLib_ReadAsync (handle, 175255552 sectors, 1024 sectors, buffer, callback, 11)
nbdkit: debug: command 11 completed
nbdkit: vddk.9: debug: vddk: pread count=524288 offset=84915519488
nbdkit: debug: VDDK call: VixDiskLib_ReadAsync (handle, 165850624 sectors, 1024 sectors, buffer, callback, 12)
nbdkit: debug: command 12 completed
nbdkit: vddk.10: debug: vddk: pread count=262144 offset=5407506432
nbdkit: debug: VDDK call: VixDiskLib_ReadAsync (handle, 10561536 sectors, 512 sectors, buffer, callback, 13)
nbdkit: debug: command 13 completed
nbdkit: vddk.13: debug: vddk: extents count=1048576 offset=162136064000 req_one=1
nbdkit: debug: VDDK call: VixDiskLib_QueryAllocatedBlocks (handle, 316672000 sectors, 2048 sectors, 128 sectors)
nbdkit: debug: VixDiskLib: VixDiskLib_QueryAllocatedBlocks: Query allocated blocks.
nbdkit: debug: VDDK call: VixDiskLib_FreeBlockList (block_list)
nbdkit: vddk.14: debug: vddk: extents count=4194304 offset=643209101312 req_one=1
nbdkit: debug: VDDK call: VixDiskLib_QueryAllocatedBlocks (handle, 1256267776 sectors, 8192 sectors, 128 sectors)
nbdkit: debug: VixDiskLib: VixDiskLib_QueryAllocatedBlocks: Query allocated blocks.
nbdkit: debug: VDDK call: VixDiskLib_FreeBlockList (block_list)
nbdkit: vddk.15: debug: vddk: extents count=1572864 offset=1399866785792 req_one=1
nbdkit: debug: VDDK call: VixDiskLib_QueryAllocatedBlocks (handle, 2734114816 sectors, 3072 sectors, 128 sectors)
nbdkit: debug: VixDiskLib: VixDiskLib_QueryAllocatedBlocks: Query allocated blocks.
nbdkit: debug: VDDK call: VixDiskLib_FreeBlockList (block_list)
nbdkit: vddk.12: debug: vddk: extents count=1835008 offset=643215654912 req_one=1
nbdkit: debug: VDDK call: VixDiskLib_QueryAllocatedBlocks (handle, 1256280576 sectors, 3584 sectors, 128 sectors)
nbdkit: debug: VixDiskLib: VixDiskLib_QueryAllocatedBlocks: Query allocated blocks.
nbdkit: debug: VDDK call: VixDiskLib_FreeBlockList (block_list)
nbdkit: vddk.11: debug: vddk: extents count=1572864 offset=1687679926272 req_one=1
nbdkit: debug: VDDK call: VixDiskLib_QueryAllocatedBlocks (handle, 3296249856 sectors, 3072 sectors, 128 sectors)
nbdkit: debug: VixDiskLib: VixDiskLib_QueryAllocatedBlocks: Query allocated blocks.
nbdkit: debug: VDDK call: VixDiskLib_FreeBlockList (block_list)
nbdkit: vddk.0: debug: vddk: extents count=1048576 offset=1603918364672 req_one=1
nbdkit: debug: VDDK call: VixDiskLib_QueryAllocatedBlocks (handle, 3132653056 sectors, 2048 sectors, 128 sectors)
nbdkit: debug: VixDiskLib: VixDiskLib_QueryAllocatedBlocks: Query allocated blocks.
nbdkit: debug: VDDK call: VixDiskLib_FreeBlockList (block_list)
nbdkit: vddk.1: debug: vddk: extents count=1572864 offset=1603936452608 req_one=1
nbdkit: debug: VDDK call: VixDiskLib_QueryAllocatedBlocks (handle, 3132688384 sectors, 3072 sectors, 128 sectors)
nbdkit: debug: VixDiskLib: VixDiskLib_QueryAllocatedBlocks: Query allocated blocks.
nbdkit: debug: VDDK call: VixDiskLib_FreeBlockList (block_list)
nbdkit: vddk.2: debug: vddk: extents count=1048576 offset=1687683072000 req_one=1
nbdkit: debug: VDDK call: VixDiskLib_QueryAllocatedBlocks (handle, 3296256000 sectors, 2048 sectors, 128 sectors)
nbdkit: debug: VixDiskLib: VixDiskLib_QueryAllocatedBlocks: Query allocated blocks.
nbdkit: debug: VDDK call: VixDiskLib_FreeBlockList (block_list)
nbdkit: vddk.4: debug: vddk: extents count=1572864 offset=1603938549760 req_one=1
nbdkit: debug: VDDK call: VixDiskLib_QueryAllocatedBlocks (handle, 3132692480 sectors, 3072 sectors, 128 sectors)
nbdkit: debug: VixDiskLib: VixDiskLib_QueryAllocatedBlocks: Query allocated blocks.
nbdkit: debug: VDDK call: VixDiskLib_FreeBlockList (block_list)
nbdkit: vddk.3: debug: vddk: extents count=2097152 offset=1687684382720 req_one=1
nbdkit: debug: VDDK call: VixDiskLib_QueryAllocatedBlocks (handle, 3296258560 sectors, 4096 sectors, 128 sectors)
nbdkit: debug: VixDiskLib: VixDiskLib_QueryAllocatedBlocks: Query allocated blocks.
nbdkit: debug: VDDK call: VixDiskLib_FreeBlockList (block_list)
nbdkit: vddk.5: debug: vddk: pread count=262144 offset=89746046976
nbdkit: debug: VDDK call: VixDiskLib_ReadAsync (handle, 175285248 sectors, 512 sectors, buffer, callback, 24)
nbdkit: debug: command 24 completed
nbdkit: vddk.6: debug: vddk: extents count=1835008 offset=1695116951552 req_one=1
nbdkit: debug: VDDK call: VixDiskLib_QueryAllocatedBlocks (handle, 3310775296 sectors, 3584 sectors, 128 sectors)
nbdkit: debug: VixDiskLib: VixDiskLib_QueryAllocatedBlocks: Query allocated blocks.
nbdkit: debug: VDDK call: VixDiskLib_FreeBlockList (block_list)
nbdkit: vddk.7: debug: vddk: extents count=1572864 offset=1695125864448 req_one=1
nbdkit: debug: VDDK call: VixDiskLib_QueryAllocatedBlocks (handle, 3310792704 sectors, 3072 sectors, 128 sectors)
nbdkit: debug: VixDiskLib: VixDiskLib_QueryAllocatedBlocks: Query allocated blocks.
nbdkit: debug: VDDK call: VixDiskLib_FreeBlockList (block_list)
nbdkit: vddk.8: debug: vddk: pread count=262144 offset=6584532992
nbdkit: debug: VDDK call: VixDiskLib_ReadAsync (handle, 12860416 sectors, 512 sectors, buffer, callback, 27)
nbdkit: debug: command 27 completed
nbdkit: vddk.9: debug: vddk: extents count=1048576 offset=1695130583040 req_one=1
nbdkit: debug: VDDK call: VixDiskLib_QueryAllocatedBlocks (handle, 3310801920 sectors, 2048 sectors, 128 sectors)
nbdkit: debug: VixDiskLib: VixDiskLib_QueryAllocatedBlocks: Query allocated blocks.
nbdkit: debug: VDDK call: VixDiskLib_FreeBlockList (block_list)
nbdkit: vddk.10: debug: vddk: extents count=1310720 offset=1695131893760 req_one=1
nbdkit: debug: VDDK call: VixDiskLib_QueryAllocatedBlocks (handle, 3310804480 sectors, 2560 sectors, 128 sectors)
nbdkit: debug: VixDiskLib: VixDiskLib_QueryAllocatedBlocks: Query allocated blocks.
nbdkit: debug: VDDK call: VixDiskLib_FreeBlockList (block_list)
nbdkit: vddk.13: debug: vddk: extents count=3670016 offset=1695133466624 req_one=1
nbdkit: debug: VDDK call: VixDiskLib_QueryAllocatedBlocks (handle, 3310807552 sectors, 7168 sectors, 128 sectors)
nbdkit: debug: VixDiskLib: VixDiskLib_QueryAllocatedBlocks: Query allocated blocks.
nbdkit: debug: VDDK call: VixDiskLib_FreeBlockList (block_list)
nbdkit: vddk.14: debug: vddk: extents count=1572864 offset=1695128485888 req_one=1
nbdkit: debug: VDDK call: VixDiskLib_QueryAllocatedBlocks (handle, 3310797824 sectors, 3072 sectors, 128 sectors)
nbdkit: debug: VixDiskLib: VixDiskLib_QueryAllocatedBlocks: Query allocated blocks.
nbdkit: debug: VDDK call: VixDiskLib_FreeBlockList (block_list)
nbdkit: vddk.15: debug: vddk: pread count=262144 offset=160129875968
nbdkit: debug: VDDK call: VixDiskLib_ReadAsync (handle, 312753664 sectors, 512 sectors, buffer, callback, 32)
nbdkit: debug: command 32 completed
nbdkit: vddk.12: debug: vddk: pread count=262144 offset=84874887168
nbdkit: debug: VDDK call: VixDiskLib_ReadAsync (handle, 165771264 sectors, 512 sectors, buffer, callback, 33)
nbdkit: debug: command 33 completed
nbdkit: vddk.11: debug: vddk: pread count=524288 offset=155693613056
nbdkit: debug: VDDK call: VixDiskLib_ReadAsync (handle, 304089088 sectors, 1024 sectors, buffer, callback, 34)
nbdkit: debug: command 34 completed
nbdkit: vddk.0: debug: vddk: pread count=262144 offset=5373952000
nbdkit: debug: VDDK call: VixDiskLib_ReadAsync (handle, 10496000 sectors, 512 sectors, buffer, callback, 35)
nbdkit: debug: command 35 completed
nbdkit: vddk.1: debug: vddk: pread count=524288 offset=5659688960
nbdkit: debug: VDDK call: VixDiskLib_ReadAsync (handle, 11054080 sectors, 1024 sectors, buffer, callback, 36)
nbdkit: debug: command 36 completed
nbdkit: vddk.2: debug: vddk: pread count=262144 offset=89663995904
nbdkit: debug: VDDK call: VixDiskLib_ReadAsync (handle, 175124992 sectors, 512 sectors, buffer, callback, 37)
nbdkit: debug: command 37 completed
nbdkit: vddk.4: debug: vddk: pread count=524288 offset=5669650432
nbdkit: debug: VDDK call: VixDiskLib_ReadAsync (handle, 11073536 sectors, 1024 sectors, buffer, callback, 38)
nbdkit: debug: command 38 completed
nbdkit: vddk.3: debug: vddk: pread count=262144 offset=71049150464
nbdkit: debug: VDDK call: VixDiskLib_ReadAsync (handle, 138767872 sectors, 512 sectors, buffer, callback, 39)
nbdkit: debug: command 39 completed
nbdkit: vddk.5: debug: vddk: pread count=262144 offset=121333874688
nbdkit: debug: VDDK call: VixDiskLib_ReadAsync (handle, 236980224 sectors, 512 sectors, buffer, callback, 40)
nbdkit: debug: command 40 completed
nbdkit: vddk.6: debug: vddk: pread count=262144 offset=106443046912
nbdkit: debug: VDDK call: VixDiskLib_ReadAsync (handle, 207896576 sectors, 512 sectors, buffer, callback, 41)
nbdkit: debug: command 41 completed
nbdkit: vddk.7: debug: vddk: pread count=262144 offset=69794529280
nbdkit: debug: VDDK call: VixDiskLib_ReadAsync (handle, 136317440 sectors, 512 sectors, buffer, callback, 42)
nbdkit: debug: command 42 completed
nbdkit: vddk.8: debug: vddk: pread count=262144 offset=106614226944
nbdkit: debug: VDDK call: VixDiskLib_ReadAsync (handle, 208230912 sectors, 512 sectors, buffer, callback, 43)
nbdkit: debug: command 43 completed
nbdkit: vddk.9: debug: vddk: pread count=262144 offset=89747095552
nbdkit: debug: VDDK call: VixDiskLib_ReadAsync (handle, 175287296 sectors, 512 sectors, buffer, callback, 44)
nbdkit: debug: command 44 completed
nbdkit: vddk.10: debug: vddk: pread count=262144 offset=155699904512
nbdkit: debug: VDDK call: VixDiskLib_ReadAsync (handle, 304101376 sectors, 512 sectors, buffer, callback, 45)
nbdkit: debug: command 45 completed
nbdkit: vddk.13: debug: vddk: pread count=262144 offset=89757057024
nbdkit: debug: VDDK call: VixDiskLib_ReadAsync (handle, 175306752 sectors, 512 sectors, buffer, callback, 46)
nbdkit: debug: command 46 completed
nbdkit: vddk.14: debug: vddk: pread count=262144 offset=108482789376
nbdkit: debug: VDDK call: VixDiskLib_ReadAsync (handle, 211880448 sectors, 512 sectors, buffer, callback, 47)
nbdkit: debug: command 47 completed
nbdkit: vddk.15: debug: vddk: pread count=262144 offset=155728478208
nbdkit: debug: VDDK call: VixDiskLib_ReadAsync (handle, 304157184 sectors, 512 sectors, buffer, callback, 48)
nbdkit: debug: command 48 completed
nbdkit: vddk.12: debug: vddk: pread count=262144 offset=89748930560
nbdkit: debug: VDDK call: VixDiskLib_ReadAsync (handle, 175290880 sectors, 512 sectors, buffer, callback, 49)
nbdkit: debug: command 49 completed
nbdkit: vddk.11: debug: vddk: pread count=262144 offset=104154005504
nbdkit: debug: VDDK call: VixDiskLib_ReadAsync (handle, 203425792 sectors, 512 sectors, buffer, callback, 50)
nbdkit: debug: command 50 completed
nbdkit: vddk.0: debug: vddk: pread count=262144 offset=117038907392
nbdkit: debug: VDDK call: VixDiskLib_ReadAsync (handle, 228591616 sectors, 512 sectors, buffer, callback, 51)
nbdkit: debug: command 51 completed
nbdkit: vddk.1: debug: vddk: pread count=262144 offset=120486625280
nbdkit: debug: VDDK call: VixDiskLib_ReadAsync (handle, 235325440 sectors, 512 sectors, buffer, callback, 52)
nbdkit: debug: command 52 completed
nbdkit: vddk.2: debug: vddk: pread count=524288 offset=111936012288
nbdkit: debug: VDDK call: VixDiskLib_ReadAsync (handle, 218625024 sectors, 1024 sectors, buffer, callback, 53)
nbdkit: debug: command 53 completed
nbdkit: vddk.4: debug: vddk: pread count=262144 offset=112746299392
nbdkit: debug: VDDK call: VixDiskLib_ReadAsync (handle, 220207616 sectors, 512 sectors, buffer, callback, 54)
nbdkit: debug: command 54 completed
nbdkit: vddk.3: debug: vddk: pread count=262144 offset=106642538496
nbdkit: debug: VDDK call: VixDiskLib_ReadAsync (handle, 208286208 sectors, 512 sectors, buffer, callback, 55)
nbdkit: debug: command 55 completed
nbdkit: vddk.5: debug: vddk: pread count=262144 offset=89732415488
nbdkit: debug: VDDK call: VixDiskLib_ReadAsync (handle, 175258624 sectors, 512 sectors, buffer, callback, 56)
nbdkit: debug: command 56 completed
nbdkit: vddk.6: debug: vddk: pread count=524288 offset=106337140736
nbdkit: debug: VDDK call: VixDiskLib_ReadAsync (handle, 207689728 sectors, 1024 sectors, buffer, callback, 57)
nbdkit: debug: command 57 completed
nbdkit: vddk.7: debug: vddk: pread count=262144 offset=89735561216
nbdkit: debug: VDDK call: VixDiskLib_ReadAsync (handle, 175264768 sectors, 512 sectors, buffer, callback, 58)
nbdkit: debug: command 58 completed
nbdkit: vddk.8: debug: vddk: pread count=262144 offset=106441474048
nbdkit: debug: VDDK call: VixDiskLib_ReadAsync (handle, 207893504 sectors, 512 sectors, buffer, callback, 59)
nbdkit: debug: command 59 completed
nbdkit: vddk.9: debug: vddk: pread count=262144 offset=106301489152
nbdkit: debug: VDDK call: VixDiskLib_ReadAsync (handle, 207620096 sectors, 512 sectors, buffer, callback, 60)
nbdkit: debug: command 60 completed
nbdkit: vddk.10: debug: vddk: pread count=262144 offset=155729788928
nbdkit: debug: VDDK call: VixDiskLib_ReadAsync (handle, 304159744 sectors, 512 sectors, buffer, callback, 61)
nbdkit: debug: command 61 completed
nbdkit: vddk.13: debug: vddk: pread count=262144 offset=106435706880
nbdkit: debug: VDDK call: VixDiskLib_ReadAsync (handle, 207882240 sectors, 512 sectors, buffer, callback, 62)
nbdkit: debug: command 62 completed
nbdkit: vddk.14: debug: vddk: pread count=262144 offset=89554681856
nbdkit: debug: VDDK call: VixDiskLib_ReadAsync (handle, 174911488 sectors, 512 sectors, buffer, callback, 63)
nbdkit: debug: command 63 completed
nbdkit: vddk.15: debug: vddk: pread count=262144 offset=89724026880
nbdkit: debug: VDDK call: VixDiskLib_ReadAsync (handle, 175242240 sectors, 512 sectors, buffer, callback, 64)
nbdkit: debug: command 64 completed
nbdkit: vddk.12: debug: vddk: pread count=262144 offset=119186391040
nbdkit: debug: VDDK call: VixDiskLib_ReadAsync (handle, 232785920 sectors, 512 sectors, buffer, callback, 65)
nbdkit: debug: command 65 completed
nbdkit: vddk.11: debug: vddk: pread count=786432 offset=106302013440
nbdkit: debug: VDDK call: VixDiskLib_ReadAsync (handle, 207621120 sectors, 1536 sectors, buffer, callback, 66)
nbdkit: debug: command 66 completed
nbdkit: vddk.0: debug: vddk: pread count=524288 offset=160024494080
nbdkit: debug: VDDK call: VixDiskLib_ReadAsync (handle, 312547840 sectors, 1024 sectors, buffer, callback, 67)
nbdkit: debug: command 67 completed
nbdkit: vddk.1: debug: vddk: pread count=524288 offset=108448972800
nbdkit: debug: VDDK call: VixDiskLib_ReadAsync (handle, 211814400 sectors, 1024 sectors, buffer, callback, 68)
nbdkit: debug: command 68 completed
nbdkit: vddk.2: debug: vddk: pread count=262144 offset=160127778816
nbdkit: debug: VDDK call: VixDiskLib_ReadAsync (handle, 312749568 sectors, 512 sectors, buffer, callback, 69)
nbdkit: debug: command 69 completed
nbdkit: vddk.4: debug: vddk: pread count=262144 offset=106448027648
nbdkit: debug: VDDK call: VixDiskLib_ReadAsync (handle, 207906304 sectors, 512 sectors, buffer, callback, 70)
nbdkit: debug: command 70 completed
nbdkit: vddk.3: debug: vddk: pread count=262144 offset=155879473152
nbdkit: debug: VDDK call: VixDiskLib_ReadAsync (handle, 304452096 sectors, 512 sectors, buffer, callback, 71)
nbdkit: debug: command 71 completed
