[2025-06-19T01:27:31Z] -----	 Migration started at 2025-06-19T01:27:31Z for VM shoeleather.alm.mentorg.com -----
[2025-06-19T01:27:31Z] Running in pod
[2025-06-19T01:27:34Z] Connected to vCenter: ALM-VC-01.alm.mentorg.com

[2025-06-19T01:27:35Z] Connected to OpenStack
[2025-06-19T01:27:35Z] VCenter Thumbprint: ee:da:39:bb:b1:83:79:aa:f3:b1:7c:7b:2d:51:45:a4:93:ec:b6:a6

[2025-06-19T01:27:36Z] Creating volumes in OpenStack
[2025-06-19T21:13:28Z] -----	 Migration started at 2025-06-19T21:13:28Z for VM shoeleather.alm.mentorg.com -----
[2025-06-19T21:13:28Z] Running in pod
[2025-06-19T21:13:30Z] Connected to vCenter: ALM-VC-01.alm.mentorg.com

[2025-06-19T21:13:31Z] Connected to OpenStack
[2025-06-19T21:13:31Z] VCenter Thumbprint: ee:da:39:bb:b1:83:79:aa:f3:b1:7c:7b:2d:51:45:a4:93:ec:b6:a6

[2025-06-19T21:13:32Z] Creating volumes in OpenStack
[2025-06-19T21:14:16Z] Volumes created successfully
[2025-06-19T21:14:16Z] CBT Enabled: true
[2025-06-19T21:16:01Z] Starting NBD server
[2025-06-19T21:16:02Z] Copying disk 0, Completed: 0%
[2025-06-19T21:16:02Z] Debug mode enabled. Command output will be logged to /var/log/pf9/migration-shoeleather.alm.mentorg.com.7.log
[2025-06-19T21:16:02Z] Executing nbdkit --exit-with-parent --readonly --foreground --unix=/tmp/nbdkit-4192649691/nbdkit.sock --pidfile=/tmp/nbdkit-4192649691/nbdkit.pid --verbose -D vddk.datapath=0 -D nbdkit.backend.datapath=0 vddk libdir=/home/fedora/vmware-vix-disklib-distrib server=ALM-VC-01.alm.mentorg.com user=mgc\svc_vcenter password=[REDACTED] thumbprint=ee:da:39:bb:b1:83:79:aa:f3:b1:7c:7b:2d:51:45:a4:93:ec:b6:a6 compression=fastlz config=/home/fedora/vddk.conf transports=file:nbdssl:nbd vm=moref=vm-5445 snapshot=snapshot-19601 [sas_n2_vmnfs1] shoeleather2.alm.mentorg.com/shoeleather2.alm.mentorg.com.vmdk 

[2025-06-19T21:16:02Z] Copying disk 1, Completed: 0%
[2025-06-19T21:16:02Z] Debug mode enabled. Command output will be logged to /var/log/pf9/migration-shoeleather.alm.mentorg.com.8.log
[2025-06-19T21:16:02Z] Executing nbdkit --exit-with-parent --readonly --foreground --unix=/tmp/nbdkit-1577914571/nbdkit.sock --pidfile=/tmp/nbdkit-1577914571/nbdkit.pid --verbose -D vddk.datapath=0 -D nbdkit.backend.datapath=0 vddk libdir=/home/fedora/vmware-vix-disklib-distrib server=ALM-VC-01.alm.mentorg.com user=mgc\svc_vcenter password=[REDACTED] thumbprint=ee:da:39:bb:b1:83:79:aa:f3:b1:7c:7b:2d:51:45:a4:93:ec:b6:a6 compression=fastlz config=/home/fedora/vddk.conf transports=file:nbdssl:nbd vm=moref=vm-5445 snapshot=snapshot-19601 [sas_n2_vmnfs1] shoeleather2.alm.mentorg.com/shoeleather2.alm.mentorg.com_1.vmdk 

[2025-06-19T21:16:02Z] Copying disk 2, Completed: 0%
[2025-06-19T21:16:02Z] Debug mode enabled. Command output will be logged to /var/log/pf9/migration-shoeleather.alm.mentorg.com.9.log
[2025-06-19T21:16:02Z] Executing nbdkit --exit-with-parent --readonly --foreground --unix=/tmp/nbdkit-1915243705/nbdkit.sock --pidfile=/tmp/nbdkit-1915243705/nbdkit.pid --verbose -D vddk.datapath=0 -D nbdkit.backend.datapath=0 vddk libdir=/home/fedora/vmware-vix-disklib-distrib server=ALM-VC-01.alm.mentorg.com user=mgc\svc_vcenter password=[REDACTED] thumbprint=ee:da:39:bb:b1:83:79:aa:f3:b1:7c:7b:2d:51:45:a4:93:ec:b6:a6 compression=fastlz config=/home/fedora/vddk.conf transports=file:nbdssl:nbd vm=moref=vm-5445 snapshot=snapshot-19601 [sas_n2_vmnfs1] shoeleather2.alm.mentorg.com/shoeleather2.alm.mentorg.com_2.vmdk 

[2025-06-19T21:16:04Z] Attaching volumes to VM
[2025-06-19T21:16:07Z] Waiting for volume attachment
[2025-06-19T21:16:17Z] Attaching volumes to VM
[2025-06-19T21:16:22Z] Waiting for volume attachment
[2025-06-19T21:16:32Z] Attaching volumes to VM
[2025-06-19T21:16:34Z] Waiting for volume attachment
[2025-06-19T21:16:44Z] Executing /usr/sbin/nbdcopy --progress=3 --target-is-zero nbd+unix:///?socket=/tmp/nbdkit-4192649691/nbdkit.sock /dev/vdv

[2025-06-19T21:16:44Z] Debug mode enabled. Command output will be logged to /var/log/pf9/migration-shoeleather.alm.mentorg.com.10.log
[2025-06-19T21:16:48Z] Copying disk 0, Completed: 0%
[2025-06-19T21:16:48Z] Copying disk 0, Completed: 0%
[2025-06-19T21:16:48Z] Copying disk 0, Completed: 0%
[2025-06-19T21:16:50Z] Copying disk 0, Completed: 0%
[2025-06-19T21:16:52Z] Copying disk 0, Completed: 1%
[2025-06-19T21:16:55Z] Copying disk 0, Completed: 1%
[2025-06-19T21:16:57Z] Copying disk 0, Completed: 2%
[2025-06-19T21:16:59Z] Copying disk 0, Completed: 2%
[2025-06-19T21:17:01Z] Copying disk 0, Completed: 2%
[2025-06-19T21:17:03Z] Copying disk 0, Completed: 3%
[2025-06-19T21:17:04Z] Copying disk 0, Completed: 3%
[2025-06-19T21:17:06Z] Copying disk 0, Completed: 4%
[2025-06-19T21:17:07Z] Copying disk 0, Completed: 4%
[2025-06-19T21:17:09Z] Copying disk 0, Completed: 5%
[2025-06-19T21:17:10Z] Copying disk 0, Completed: 5%
[2025-06-19T21:17:12Z] Copying disk 0, Completed: 5%
[2025-06-19T21:17:14Z] Copying disk 0, Completed: 6%
[2025-06-19T21:17:15Z] Copying disk 0, Completed: 6%
[2025-06-19T21:17:17Z] Copying disk 0, Completed: 7%
[2025-06-19T21:17:19Z] Copying disk 0, Completed: 7%
[2025-06-19T21:17:20Z] Copying disk 0, Completed: 7%
[2025-06-19T21:17:22Z] Copying disk 0, Completed: 8%
[2025-06-19T21:17:23Z] Copying disk 0, Completed: 8%
[2025-06-19T21:17:25Z] Copying disk 0, Completed: 9%
[2025-06-19T21:17:26Z] Copying disk 0, Completed: 9%
[2025-06-19T21:17:26Z] Copying disk 0, Completed: 10%
[2025-06-19T21:17:28Z] Copying disk 0, Completed: 10%
[2025-06-19T21:17:29Z] Copying disk 0, Completed: 10%
[2025-06-19T21:17:29Z] Copying disk 0, Completed: 11%
[2025-06-19T21:17:30Z] Copying disk 0, Completed: 11%
[2025-06-19T21:17:31Z] Copying disk 0, Completed: 12%
[2025-06-19T21:17:32Z] Copying disk 0, Completed: 12%
[2025-06-19T21:17:33Z] Copying disk 0, Completed: 12%
[2025-06-19T21:17:34Z] Copying disk 0, Completed: 13%
[2025-06-19T21:17:35Z] Copying disk 0, Completed: 13%
[2025-06-19T21:17:36Z] Copying disk 0, Completed: 14%
[2025-06-19T21:17:37Z] Copying disk 0, Completed: 14%
[2025-06-19T21:17:37Z] Copying disk 0, Completed: 15%
[2025-06-19T21:17:38Z] Copying disk 0, Completed: 15%
[2025-06-19T21:17:39Z] Copying disk 0, Completed: 15%
[2025-06-19T21:17:40Z] Copying disk 0, Completed: 16%
[2025-06-19T21:17:40Z] Copying disk 0, Completed: 16%
[2025-06-19T21:17:41Z] Copying disk 0, Completed: 17%
[2025-06-19T21:17:42Z] Copying disk 0, Completed: 17%
[2025-06-19T21:17:43Z] Copying disk 0, Completed: 17%
[2025-06-19T21:17:44Z] Copying disk 0, Completed: 18%
[2025-06-19T21:17:44Z] Copying disk 0, Completed: 18%
[2025-06-19T21:17:45Z] Copying disk 0, Completed: 19%
[2025-06-19T21:17:46Z] Copying disk 0, Completed: 19%
[2025-06-19T21:17:47Z] Copying disk 0, Completed: 20%
[2025-06-19T21:17:47Z] Copying disk 0, Completed: 20%
[2025-06-19T21:17:48Z] Copying disk 0, Completed: 20%
[2025-06-19T21:17:49Z] Copying disk 0, Completed: 21%
[2025-06-19T21:17:50Z] Copying disk 0, Completed: 21%
[2025-06-19T21:17:50Z] Copying disk 0, Completed: 22%
[2025-06-19T21:17:51Z] Copying disk 0, Completed: 22%
[2025-06-19T21:17:52Z] Copying disk 0, Completed: 22%
[2025-06-19T21:17:53Z] Copying disk 0, Completed: 23%
[2025-06-19T21:17:54Z] Copying disk 0, Completed: 23%
[2025-06-19T21:17:55Z] Copying disk 0, Completed: 24%
[2025-06-19T21:17:57Z] Copying disk 0, Completed: 24%
[2025-06-19T21:17:58Z] Copying disk 0, Completed: 25%
[2025-06-19T21:18:00Z] Copying disk 0, Completed: 25%
[2025-06-19T21:18:01Z] Copying disk 0, Completed: 25%
[2025-06-19T21:18:03Z] Copying disk 0, Completed: 26%
[2025-06-19T21:18:04Z] Copying disk 0, Completed: 26%
[2025-06-19T21:18:05Z] Copying disk 0, Completed: 27%
[2025-06-19T21:18:07Z] Copying disk 0, Completed: 27%
[2025-06-19T21:18:08Z] Copying disk 0, Completed: 27%
[2025-06-19T21:18:10Z] Copying disk 0, Completed: 28%
[2025-06-19T21:18:11Z] Copying disk 0, Completed: 28%
[2025-06-19T21:18:13Z] Copying disk 0, Completed: 29%
[2025-06-19T21:18:14Z] Copying disk 0, Completed: 29%
[2025-06-19T21:18:16Z] Copying disk 0, Completed: 30%
[2025-06-19T21:18:17Z] Copying disk 0, Completed: 30%
[2025-06-19T21:18:18Z] Copying disk 0, Completed: 30%
[2025-06-19T21:18:20Z] Copying disk 0, Completed: 31%
[2025-06-19T21:18:21Z] Copying disk 0, Completed: 31%
[2025-06-19T21:18:22Z] Copying disk 0, Completed: 32%
[2025-06-19T21:18:24Z] Copying disk 0, Completed: 32%
[2025-06-19T21:18:25Z] Copying disk 0, Completed: 32%
[2025-06-19T21:18:27Z] Copying disk 0, Completed: 33%
[2025-06-19T21:18:28Z] Copying disk 0, Completed: 33%
[2025-06-19T21:18:30Z] Copying disk 0, Completed: 34%
[2025-06-19T21:18:32Z] Copying disk 0, Completed: 34%
[2025-06-19T21:18:34Z] Copying disk 0, Completed: 35%
[2025-06-19T21:18:36Z] Copying disk 0, Completed: 35%
[2025-06-19T21:18:37Z] Copying disk 0, Completed: 35%
[2025-06-19T21:18:39Z] Copying disk 0, Completed: 36%
[2025-06-19T21:18:41Z] Copying disk 0, Completed: 36%
[2025-06-19T21:18:42Z] Copying disk 0, Completed: 37%
[2025-06-19T21:18:45Z] Copying disk 0, Completed: 37%
[2025-06-19T21:18:46Z] Copying disk 0, Completed: 37%
[2025-06-19T21:18:48Z] Copying disk 0, Completed: 38%
[2025-06-19T21:18:49Z] Copying disk 0, Completed: 38%
[2025-06-19T21:18:51Z] Copying disk 0, Completed: 39%
[2025-06-19T21:18:53Z] Copying disk 0, Completed: 39%
[2025-06-19T21:18:54Z] Copying disk 0, Completed: 40%
[2025-06-19T21:18:55Z] Copying disk 0, Completed: 40%
[2025-06-19T21:18:57Z] Copying disk 0, Completed: 40%
[2025-06-19T21:18:58Z] Copying disk 0, Completed: 41%
[2025-06-19T21:19:00Z] Copying disk 0, Completed: 41%
[2025-06-19T21:19:01Z] Copying disk 0, Completed: 42%
[2025-06-19T21:19:03Z] Copying disk 0, Completed: 42%
[2025-06-19T21:19:05Z] Copying disk 0, Completed: 42%
[2025-06-19T21:19:06Z] Copying disk 0, Completed: 43%
[2025-06-19T21:19:07Z] Copying disk 0, Completed: 43%
[2025-06-19T21:19:09Z] Copying disk 0, Completed: 44%
[2025-06-19T21:19:10Z] Copying disk 0, Completed: 44%
[2025-06-19T21:19:11Z] Copying disk 0, Completed: 45%
[2025-06-19T21:19:13Z] Copying disk 0, Completed: 45%
[2025-06-19T21:19:16Z] Copying disk 0, Completed: 46%
[2025-06-19T21:19:18Z] Copying disk 0, Completed: 46%
[2025-06-19T21:19:20Z] Copying disk 0, Completed: 47%
[2025-06-19T21:19:22Z] Copying disk 0, Completed: 47%
[2025-06-19T21:19:23Z] Copying disk 0, Completed: 47%
[2025-06-19T21:19:25Z] Copying disk 0, Completed: 48%
[2025-06-19T21:19:26Z] Copying disk 0, Completed: 48%
[2025-06-19T21:19:28Z] Copying disk 0, Completed: 49%
[2025-06-19T21:19:30Z] Copying disk 0, Completed: 49%
[2025-06-19T21:19:31Z] Copying disk 0, Completed: 50%
[2025-06-19T21:19:32Z] Copying disk 0, Completed: 50%
[2025-06-19T21:19:34Z] Copying disk 0, Completed: 50%
[2025-06-19T21:19:35Z] Copying disk 0, Completed: 51%
[2025-06-19T21:19:37Z] Copying disk 0, Completed: 51%
[2025-06-19T21:19:38Z] Copying disk 0, Completed: 52%
[2025-06-19T21:19:40Z] Copying disk 0, Completed: 52%
[2025-06-19T21:19:41Z] Copying disk 0, Completed: 52%
[2025-06-19T21:19:43Z] Copying disk 0, Completed: 53%
[2025-06-19T21:19:44Z] Copying disk 0, Completed: 53%
[2025-06-19T21:19:46Z] Copying disk 0, Completed: 54%
[2025-06-19T21:19:48Z] Copying disk 0, Completed: 54%
[2025-06-19T21:19:49Z] Copying disk 0, Completed: 55%
[2025-06-19T21:19:51Z] Copying disk 0, Completed: 55%
[2025-06-19T21:19:53Z] Copying disk 0, Completed: 55%
[2025-06-19T21:19:54Z] Copying disk 0, Completed: 56%
[2025-06-19T21:19:57Z] Copying disk 0, Completed: 57%
[2025-06-19T21:19:59Z] Copying disk 0, Completed: 57%
[2025-06-19T21:20:00Z] Copying disk 0, Completed: 57%
[2025-06-19T21:20:02Z] Copying disk 0, Completed: 58%
[2025-06-19T21:20:04Z] Copying disk 0, Completed: 58%
[2025-06-19T21:20:06Z] Copying disk 0, Completed: 59%
[2025-06-19T21:20:08Z] Copying disk 0, Completed: 59%
[2025-06-19T21:20:10Z] Copying disk 0, Completed: 60%
[2025-06-19T21:20:12Z] Copying disk 0, Completed: 60%
[2025-06-19T21:20:15Z] Copying disk 0, Completed: 60%
[2025-06-19T21:20:17Z] Copying disk 0, Completed: 61%
[2025-06-19T21:20:19Z] Copying disk 0, Completed: 61%
[2025-06-19T21:20:21Z] Copying disk 0, Completed: 62%
[2025-06-19T21:20:23Z] Copying disk 0, Completed: 62%
[2025-06-19T21:20:25Z] Copying disk 0, Completed: 62%
[2025-06-19T21:20:27Z] Copying disk 0, Completed: 63%
[2025-06-19T21:20:29Z] Copying disk 0, Completed: 63%
[2025-06-19T21:20:30Z] Copying disk 0, Completed: 64%
[2025-06-19T21:20:33Z] Copying disk 0, Completed: 64%
[2025-06-19T21:20:37Z] Copying disk 0, Completed: 65%
[2025-06-19T21:20:42Z] Copying disk 0, Completed: 65%
[2025-06-19T21:20:46Z] Copying disk 0, Completed: 65%
[2025-06-19T21:20:50Z] Copying disk 0, Completed: 66%
[2025-06-19T21:20:53Z] Copying disk 0, Completed: 66%
[2025-06-19T21:20:56Z] Copying disk 0, Completed: 67%
[2025-06-19T21:21:00Z] Copying disk 0, Completed: 67%
[2025-06-19T21:21:03Z] Copying disk 0, Completed: 67%
[2025-06-19T21:21:06Z] Copying disk 0, Completed: 68%
[2025-06-19T21:21:09Z] Copying disk 0, Completed: 68%
[2025-06-19T21:21:12Z] Copying disk 0, Completed: 69%
[2025-06-19T21:21:13Z] Copying disk 0, Completed: 69%
[2025-06-19T21:21:15Z] Copying disk 0, Completed: 70%
[2025-06-19T21:21:16Z] Copying disk 0, Completed: 70%
[2025-06-19T21:21:21Z] Copying disk 0, Completed: 71%
[2025-06-19T21:21:23Z] Copying disk 0, Completed: 71%
[2025-06-19T21:21:25Z] Copying disk 0, Completed: 72%
[2025-06-19T21:21:26Z] Copying disk 0, Completed: 72%
[2025-06-19T21:21:28Z] Copying disk 0, Completed: 72%
[2025-06-19T21:21:30Z] Copying disk 0, Completed: 73%
[2025-06-19T21:21:32Z] Copying disk 0, Completed: 73%
[2025-06-19T21:21:33Z] Copying disk 0, Completed: 74%
[2025-06-19T21:21:36Z] Copying disk 0, Completed: 74%
[2025-06-19T21:21:38Z] Copying disk 0, Completed: 75%
[2025-06-19T21:21:40Z] Copying disk 0, Completed: 75%
[2025-06-19T21:21:43Z] Copying disk 0, Completed: 75%
[2025-06-19T21:21:44Z] Copying disk 0, Completed: 76%
[2025-06-19T21:21:46Z] Copying disk 0, Completed: 76%
[2025-06-19T21:21:48Z] Copying disk 0, Completed: 77%
[2025-06-19T21:21:51Z] Copying disk 0, Completed: 77%
[2025-06-19T21:21:53Z] Copying disk 0, Completed: 77%
[2025-06-19T21:21:55Z] Copying disk 0, Completed: 78%
[2025-06-19T21:21:56Z] Copying disk 0, Completed: 78%
[2025-06-19T21:21:58Z] Copying disk 0, Completed: 79%
[2025-06-19T21:21:59Z] Copying disk 0, Completed: 79%
[2025-06-19T21:22:01Z] Copying disk 0, Completed: 80%
[2025-06-19T21:22:02Z] Copying disk 0, Completed: 80%
[2025-06-19T21:22:05Z] Copying disk 0, Completed: 80%
[2025-06-19T21:22:07Z] Copying disk 0, Completed: 81%
[2025-06-19T21:22:08Z] Copying disk 0, Completed: 81%
[2025-06-19T21:22:10Z] Copying disk 0, Completed: 82%
[2025-06-19T21:22:12Z] Copying disk 0, Completed: 82%
[2025-06-19T21:22:14Z] Copying disk 0, Completed: 82%
[2025-06-19T21:22:17Z] Copying disk 0, Completed: 83%
[2025-06-19T21:22:19Z] Copying disk 0, Completed: 83%
[2025-06-19T21:22:21Z] Copying disk 0, Completed: 84%
[2025-06-19T21:22:22Z] Copying disk 0, Completed: 84%
[2025-06-19T21:22:24Z] Copying disk 0, Completed: 85%
[2025-06-19T21:22:26Z] Copying disk 0, Completed: 85%
[2025-06-19T21:22:29Z] Copying disk 0, Completed: 85%
[2025-06-19T21:22:31Z] Copying disk 0, Completed: 86%
[2025-06-19T21:22:33Z] Copying disk 0, Completed: 86%
[2025-06-19T21:22:34Z] Copying disk 0, Completed: 87%
[2025-06-19T21:22:36Z] Copying disk 0, Completed: 87%
[2025-06-19T21:22:37Z] Copying disk 0, Completed: 87%
[2025-06-19T21:22:40Z] Copying disk 0, Completed: 88%
[2025-06-19T21:22:43Z] Copying disk 0, Completed: 88%
[2025-06-19T21:22:46Z] Copying disk 0, Completed: 89%
[2025-06-19T21:22:48Z] Copying disk 0, Completed: 89%
[2025-06-19T21:22:50Z] Copying disk 0, Completed: 90%
[2025-06-19T21:22:52Z] Copying disk 0, Completed: 90%
[2025-06-19T21:22:54Z] Copying disk 0, Completed: 90%
[2025-06-19T21:22:57Z] Copying disk 0, Completed: 91%
[2025-06-19T21:22:59Z] Copying disk 0, Completed: 91%
[2025-06-19T21:23:01Z] Copying disk 0, Completed: 92%
[2025-06-19T21:23:03Z] Copying disk 0, Completed: 92%
[2025-06-19T21:23:05Z] Copying disk 0, Completed: 92%
[2025-06-19T21:23:06Z] Copying disk 0, Completed: 93%
[2025-06-19T21:23:08Z] Copying disk 0, Completed: 93%
[2025-06-19T21:23:10Z] Copying disk 0, Completed: 94%
[2025-06-19T21:23:12Z] Copying disk 0, Completed: 94%
[2025-06-19T21:23:14Z] Copying disk 0, Completed: 95%
[2025-06-19T21:23:16Z] Copying disk 0, Completed: 95%
[2025-06-19T21:23:18Z] Copying disk 0, Completed: 95%
[2025-06-19T21:23:20Z] Copying disk 0, Completed: 96%
[2025-06-19T21:23:24Z] Copying disk 0, Completed: 96%
[2025-06-19T21:23:28Z] Copying disk 0, Completed: 97%
[2025-06-19T21:23:32Z] Copying disk 0, Completed: 97%
[2025-06-19T21:23:35Z] Copying disk 0, Completed: 97%
[2025-06-19T21:23:38Z] Copying disk 0, Completed: 98%
[2025-06-19T21:23:39Z] Copying disk 0, Completed: 98%
[2025-06-19T21:23:42Z] Copying disk 0, Completed: 99%
[2025-06-19T21:23:43Z] Copying disk 0, Completed: 99%
[2025-06-19T21:23:46Z] Copying disk 0, Completed: 100%
[2025-06-19T21:23:46Z] Disk 0 copied successfully: /dev/vdv
[2025-06-19T21:23:46Z] Executing /usr/sbin/nbdcopy --progress=3 --target-is-zero nbd+unix:///?socket=/tmp/nbdkit-1577914571/nbdkit.sock /dev/vdw

[2025-06-19T21:23:46Z] Debug mode enabled. Command output will be logged to /var/log/pf9/migration-shoeleather.alm.mentorg.com.11.log
[2025-06-19T21:23:48Z] Copying disk 1, Completed: 0%
[2025-06-19T21:23:48Z] Copying disk 1, Completed: 0%
[2025-06-19T21:23:49Z] Copying disk 1, Completed: 0%
[2025-06-19T21:23:50Z] Copying disk 1, Completed: 0%
[2025-06-19T21:23:52Z] Copying disk 1, Completed: 0%
[2025-06-19T21:23:53Z] Copying disk 1, Completed: 1%
[2025-06-19T21:23:54Z] Copying disk 1, Completed: 1%
[2025-06-19T21:23:55Z] Copying disk 1, Completed: 1%
[2025-06-19T21:23:56Z] Copying disk 1, Completed: 2%
[2025-06-19T21:23:56Z] Copying disk 1, Completed: 2%
[2025-06-19T21:23:57Z] Copying disk 1, Completed: 2%
[2025-06-19T21:23:58Z] Copying disk 1, Completed: 3%
[2025-06-19T21:23:58Z] Copying disk 1, Completed: 3%
[2025-06-19T21:23:59Z] Copying disk 1, Completed: 3%
[2025-06-19T21:24:00Z] Copying disk 1, Completed: 4%
[2025-06-19T21:24:01Z] Copying disk 1, Completed: 4%
[2025-06-19T21:24:01Z] Copying disk 1, Completed: 4%
[2025-06-19T21:24:02Z] Copying disk 1, Completed: 5%
[2025-06-19T21:24:03Z] Copying disk 1, Completed: 5%
[2025-06-19T21:24:04Z] Copying disk 1, Completed: 5%
[2025-06-19T21:24:04Z] Copying disk 1, Completed: 5%
[2025-06-19T21:24:05Z] Copying disk 1, Completed: 6%
[2025-06-19T21:24:06Z] Copying disk 1, Completed: 6%
[2025-06-19T21:24:07Z] Copying disk 1, Completed: 6%
[2025-06-19T21:24:07Z] Copying disk 1, Completed: 7%
[2025-06-19T21:24:08Z] Copying disk 1, Completed: 7%
[2025-06-19T21:24:09Z] Copying disk 1, Completed: 7%
[2025-06-19T21:24:10Z] Copying disk 1, Completed: 8%
[2025-06-19T21:24:10Z] Copying disk 1, Completed: 8%
[2025-06-19T21:24:11Z] Copying disk 1, Completed: 8%
[2025-06-19T21:24:12Z] Copying disk 1, Completed: 9%
[2025-06-19T21:24:13Z] Copying disk 1, Completed: 9%
[2025-06-19T21:24:13Z] Copying disk 1, Completed: 9%
[2025-06-19T21:24:14Z] Copying disk 1, Completed: 10%
[2025-06-19T21:24:15Z] Copying disk 1, Completed: 10%
[2025-06-19T21:24:17Z] Copying disk 1, Completed: 10%
[2025-06-19T21:24:18Z] Copying disk 1, Completed: 10%
[2025-06-19T21:24:19Z] Copying disk 1, Completed: 11%
[2025-06-19T21:24:20Z] Copying disk 1, Completed: 11%
[2025-06-19T21:24:20Z] Copying disk 1, Completed: 11%
[2025-06-19T21:24:21Z] Copying disk 1, Completed: 12%
[2025-06-19T21:24:22Z] Copying disk 1, Completed: 12%
[2025-06-19T21:24:23Z] Copying disk 1, Completed: 12%
[2025-06-19T21:24:23Z] Copying disk 1, Completed: 13%
[2025-06-19T21:24:24Z] Copying disk 1, Completed: 13%
[2025-06-19T21:24:25Z] Copying disk 1, Completed: 13%
[2025-06-19T21:24:26Z] Copying disk 1, Completed: 14%
[2025-06-19T21:24:27Z] Copying disk 1, Completed: 14%
[2025-06-19T21:24:28Z] Copying disk 1, Completed: 15%
[2025-06-19T21:24:28Z] Copying disk 1, Completed: 15%
[2025-06-19T21:24:30Z] Copying disk 1, Completed: 15%
[2025-06-19T21:24:30Z] Copying disk 1, Completed: 15%
[2025-06-19T21:24:31Z] Copying disk 1, Completed: 16%
[2025-06-19T21:24:32Z] Copying disk 1, Completed: 16%
[2025-06-19T21:24:33Z] Copying disk 1, Completed: 16%
[2025-06-19T21:24:33Z] Copying disk 1, Completed: 17%
[2025-06-19T21:24:34Z] Copying disk 1, Completed: 17%
[2025-06-19T21:24:35Z] Copying disk 1, Completed: 17%
[2025-06-19T21:24:36Z] Copying disk 1, Completed: 18%
[2025-06-19T21:24:36Z] Copying disk 1, Completed: 18%
[2025-06-19T21:24:37Z] Copying disk 1, Completed: 18%
[2025-06-19T21:24:38Z] Copying disk 1, Completed: 19%
[2025-06-19T21:24:39Z] Copying disk 1, Completed: 19%
[2025-06-19T21:24:39Z] Copying disk 1, Completed: 19%
[2025-06-19T21:24:40Z] Copying disk 1, Completed: 20%
[2025-06-19T21:24:41Z] Copying disk 1, Completed: 20%
[2025-06-19T21:24:42Z] Copying disk 1, Completed: 20%
[2025-06-19T21:24:42Z] Copying disk 1, Completed: 20%
[2025-06-19T21:24:43Z] Copying disk 1, Completed: 21%
[2025-06-19T21:24:44Z] Copying disk 1, Completed: 21%
[2025-06-19T21:24:44Z] Copying disk 1, Completed: 21%
[2025-06-19T21:24:45Z] Copying disk 1, Completed: 22%
[2025-06-19T21:24:46Z] Copying disk 1, Completed: 22%
[2025-06-19T21:24:47Z] Copying disk 1, Completed: 22%
[2025-06-19T21:24:47Z] Copying disk 1, Completed: 23%
[2025-06-19T21:24:48Z] Copying disk 1, Completed: 23%
[2025-06-19T21:24:49Z] Copying disk 1, Completed: 23%
[2025-06-19T21:24:50Z] Copying disk 1, Completed: 24%
[2025-06-19T21:24:50Z] Copying disk 1, Completed: 24%
[2025-06-19T21:24:51Z] Copying disk 1, Completed: 24%
[2025-06-19T21:24:52Z] Copying disk 1, Completed: 25%
[2025-06-19T21:25:02Z] Copying disk 1, Completed: 25%
[2025-06-19T21:25:13Z] Copying disk 1, Completed: 25%
[2025-06-19T21:25:22Z] Copying disk 1, Completed: 25%
[2025-06-19T21:25:31Z] Copying disk 1, Completed: 26%
[2025-06-19T21:25:42Z] Copying disk 1, Completed: 26%
[2025-06-19T21:25:57Z] Copying disk 1, Completed: 26%
[2025-06-19T21:26:08Z] Copying disk 1, Completed: 27%
[2025-06-19T21:26:17Z] Copying disk 1, Completed: 27%
[2025-06-19T21:26:33Z] Copying disk 1, Completed: 27%
[2025-06-19T21:26:50Z] Copying disk 1, Completed: 28%
[2025-06-19T21:27:08Z] Copying disk 1, Completed: 28%
[2025-06-19T21:27:25Z] Copying disk 1, Completed: 28%
[2025-06-19T21:27:42Z] Copying disk 1, Completed: 29%
[2025-06-19T21:28:00Z] Copying disk 1, Completed: 29%
[2025-06-19T21:28:16Z] Copying disk 1, Completed: 29%
[2025-06-19T21:28:33Z] Copying disk 1, Completed: 30%
[2025-06-19T21:28:36Z] Copying disk 1, Completed: 30%
[2025-06-19T21:28:42Z] Copying disk 1, Completed: 30%
[2025-06-19T21:28:43Z] Copying disk 1, Completed: 30%
[2025-06-19T21:28:54Z] Copying disk 1, Completed: 31%
[2025-06-19T21:29:12Z] Copying disk 1, Completed: 31%
[2025-06-19T21:29:29Z] Copying disk 1, Completed: 31%
[2025-06-19T21:29:47Z] Copying disk 1, Completed: 32%
[2025-06-19T21:30:05Z] Copying disk 1, Completed: 32%
[2025-06-19T21:30:22Z] Copying disk 1, Completed: 32%
[2025-06-19T21:30:41Z] Copying disk 1, Completed: 33%
[2025-06-19T21:30:58Z] Copying disk 1, Completed: 33%
[2025-06-19T21:31:16Z] Copying disk 1, Completed: 33%
[2025-06-19T21:31:28Z] Copying disk 1, Completed: 34%
[2025-06-19T21:31:29Z] Copying disk 1, Completed: 34%
[2025-06-19T21:31:30Z] Copying disk 1, Completed: 34%
[2025-06-19T21:31:31Z] Copying disk 1, Completed: 35%
[2025-06-19T21:31:31Z] Copying disk 1, Completed: 35%
[2025-06-19T21:31:34Z] Copying disk 1, Completed: 35%
[2025-06-19T21:31:35Z] Copying disk 1, Completed: 35%
[2025-06-19T21:31:36Z] Copying disk 1, Completed: 36%
[2025-06-19T21:31:36Z] Copying disk 1, Completed: 36%
[2025-06-19T21:31:37Z] Copying disk 1, Completed: 36%
[2025-06-19T21:31:38Z] Copying disk 1, Completed: 37%
[2025-06-19T21:31:39Z] Copying disk 1, Completed: 37%
[2025-06-19T21:31:39Z] Copying disk 1, Completed: 37%
[2025-06-19T21:31:40Z] Copying disk 1, Completed: 38%
[2025-06-19T21:31:41Z] Copying disk 1, Completed: 38%
[2025-06-19T21:31:42Z] Copying disk 1, Completed: 38%
[2025-06-19T21:31:42Z] Copying disk 1, Completed: 39%
[2025-06-19T21:31:43Z] Copying disk 1, Completed: 39%
[2025-06-19T21:31:44Z] Copying disk 1, Completed: 39%
[2025-06-19T21:31:44Z] Copying disk 1, Completed: 40%
[2025-06-19T21:31:45Z] Copying disk 1, Completed: 40%
[2025-06-19T21:31:46Z] Copying disk 1, Completed: 40%
[2025-06-19T21:31:47Z] Copying disk 1, Completed: 40%
[2025-06-19T21:31:47Z] Copying disk 1, Completed: 41%
[2025-06-19T21:31:48Z] Copying disk 1, Completed: 41%
[2025-06-19T21:31:49Z] Copying disk 1, Completed: 41%
[2025-06-19T21:31:50Z] Copying disk 1, Completed: 42%
[2025-06-19T21:31:50Z] Copying disk 1, Completed: 42%
[2025-06-19T21:31:51Z] Copying disk 1, Completed: 42%
[2025-06-19T21:31:52Z] Copying disk 1, Completed: 43%
[2025-06-19T21:31:53Z] Copying disk 1, Completed: 43%
[2025-06-19T21:31:53Z] Copying disk 1, Completed: 43%
[2025-06-19T21:31:54Z] Copying disk 1, Completed: 44%
[2025-06-19T21:31:55Z] Copying disk 1, Completed: 44%
[2025-06-19T21:31:56Z] Copying disk 1, Completed: 44%
[2025-06-19T21:31:56Z] Copying disk 1, Completed: 45%
[2025-06-19T21:31:57Z] Copying disk 1, Completed: 45%
[2025-06-19T21:31:58Z] Copying disk 1, Completed: 45%
[2025-06-19T21:31:59Z] Copying disk 1, Completed: 45%
[2025-06-19T21:32:00Z] Copying disk 1, Completed: 46%
[2025-06-19T21:32:01Z] Copying disk 1, Completed: 46%
[2025-06-19T21:32:01Z] Copying disk 1, Completed: 46%
[2025-06-19T21:32:02Z] Copying disk 1, Completed: 47%
[2025-06-19T21:32:03Z] Copying disk 1, Completed: 47%
[2025-06-19T21:32:04Z] Copying disk 1, Completed: 47%
[2025-06-19T21:32:04Z] Copying disk 1, Completed: 48%
[2025-06-19T21:32:05Z] Copying disk 1, Completed: 48%
[2025-06-19T21:32:06Z] Copying disk 1, Completed: 48%
[2025-06-19T21:32:07Z] Copying disk 1, Completed: 49%
[2025-06-19T21:32:07Z] Copying disk 1, Completed: 49%
[2025-06-19T21:32:08Z] Copying disk 1, Completed: 49%
[2025-06-19T21:32:09Z] Copying disk 1, Completed: 50%
[2025-06-19T21:32:10Z] Copying disk 1, Completed: 50%
[2025-06-19T21:32:10Z] Copying disk 1, Completed: 50%
[2025-06-19T21:32:11Z] Copying disk 1, Completed: 50%
[2025-06-19T21:32:12Z] Copying disk 1, Completed: 51%
[2025-06-19T21:32:13Z] Copying disk 1, Completed: 51%
[2025-06-19T21:32:13Z] Copying disk 1, Completed: 51%
[2025-06-19T21:32:14Z] Copying disk 1, Completed: 52%
[2025-06-19T21:32:15Z] Copying disk 1, Completed: 52%
[2025-06-19T21:32:15Z] Copying disk 1, Completed: 52%
[2025-06-19T21:32:16Z] Copying disk 1, Completed: 53%
[2025-06-19T21:32:17Z] Copying disk 1, Completed: 53%
[2025-06-19T21:32:18Z] Copying disk 1, Completed: 53%
[2025-06-19T21:32:18Z] Copying disk 1, Completed: 54%
[2025-06-19T21:32:19Z] Copying disk 1, Completed: 54%
[2025-06-19T21:32:20Z] Copying disk 1, Completed: 54%
[2025-06-19T21:32:21Z] Copying disk 1, Completed: 55%
[2025-06-19T21:32:21Z] Copying disk 1, Completed: 55%
[2025-06-19T21:32:22Z] Copying disk 1, Completed: 55%
[2025-06-19T21:32:23Z] Copying disk 1, Completed: 55%
[2025-06-19T21:32:23Z] Copying disk 1, Completed: 56%
[2025-06-19T21:32:24Z] Copying disk 1, Completed: 56%
[2025-06-19T21:32:25Z] Copying disk 1, Completed: 56%
[2025-06-19T21:32:26Z] Copying disk 1, Completed: 57%
[2025-06-19T21:32:26Z] Copying disk 1, Completed: 57%
[2025-06-19T21:32:27Z] Copying disk 1, Completed: 57%
[2025-06-19T21:32:28Z] Copying disk 1, Completed: 58%
[2025-06-19T21:32:29Z] Copying disk 1, Completed: 58%
[2025-06-19T21:32:29Z] Copying disk 1, Completed: 58%
[2025-06-19T21:32:30Z] Copying disk 1, Completed: 59%
[2025-06-19T21:32:31Z] Copying disk 1, Completed: 59%
[2025-06-19T21:32:32Z] Copying disk 1, Completed: 59%
[2025-06-19T21:32:32Z] Copying disk 1, Completed: 60%
[2025-06-19T21:32:33Z] Copying disk 1, Completed: 60%
[2025-06-19T21:32:34Z] Copying disk 1, Completed: 60%
[2025-06-19T21:32:35Z] Copying disk 1, Completed: 60%
[2025-06-19T21:32:35Z] Copying disk 1, Completed: 61%
[2025-06-19T21:32:36Z] Copying disk 1, Completed: 61%
[2025-06-19T21:32:37Z] Copying disk 1, Completed: 61%
[2025-06-19T21:32:38Z] Copying disk 1, Completed: 62%
[2025-06-19T21:32:38Z] Copying disk 1, Completed: 62%
[2025-06-19T21:32:39Z] Copying disk 1, Completed: 62%
[2025-06-19T21:32:40Z] Copying disk 1, Completed: 63%
[2025-06-19T21:32:41Z] Copying disk 1, Completed: 63%
[2025-06-19T21:32:41Z] Copying disk 1, Completed: 63%
[2025-06-19T21:32:42Z] Copying disk 1, Completed: 64%
[2025-06-19T21:32:43Z] Copying disk 1, Completed: 64%
[2025-06-19T21:32:43Z] Copying disk 1, Completed: 64%
[2025-06-19T21:32:44Z] Copying disk 1, Completed: 65%
[2025-06-19T21:32:45Z] Copying disk 1, Completed: 65%
[2025-06-19T21:32:46Z] Copying disk 1, Completed: 65%
[2025-06-19T21:32:46Z] Copying disk 1, Completed: 65%
[2025-06-19T21:32:47Z] Copying disk 1, Completed: 66%
[2025-06-19T21:32:48Z] Copying disk 1, Completed: 66%
[2025-06-19T21:32:49Z] Copying disk 1, Completed: 66%
[2025-06-19T21:32:49Z] Copying disk 1, Completed: 67%
[2025-06-19T21:32:50Z] Copying disk 1, Completed: 67%
[2025-06-19T21:32:51Z] Copying disk 1, Completed: 67%
[2025-06-19T21:32:52Z] Copying disk 1, Completed: 68%
[2025-06-19T21:32:52Z] Copying disk 1, Completed: 68%
[2025-06-19T21:32:53Z] Copying disk 1, Completed: 68%
[2025-06-19T21:32:54Z] Copying disk 1, Completed: 69%
[2025-06-19T21:32:55Z] Copying disk 1, Completed: 69%
[2025-06-19T21:32:55Z] Copying disk 1, Completed: 69%
[2025-06-19T21:32:56Z] Copying disk 1, Completed: 70%
[2025-06-19T21:32:57Z] Copying disk 1, Completed: 70%
[2025-06-19T21:32:57Z] Copying disk 1, Completed: 70%
[2025-06-19T21:32:58Z] Copying disk 1, Completed: 70%
[2025-06-19T21:32:59Z] Copying disk 1, Completed: 71%
[2025-06-19T21:33:00Z] Copying disk 1, Completed: 71%
[2025-06-19T21:33:00Z] Copying disk 1, Completed: 71%
[2025-06-19T21:33:01Z] Copying disk 1, Completed: 72%
[2025-06-19T21:33:02Z] Copying disk 1, Completed: 72%
[2025-06-19T21:33:03Z] Copying disk 1, Completed: 72%
[2025-06-19T21:33:03Z] Copying disk 1, Completed: 73%
[2025-06-19T21:33:05Z] Copying disk 1, Completed: 73%
[2025-06-19T21:33:06Z] Copying disk 1, Completed: 74%
[2025-06-19T21:33:06Z] Copying disk 1, Completed: 74%
[2025-06-19T21:33:07Z] Copying disk 1, Completed: 74%
[2025-06-19T21:33:08Z] Copying disk 1, Completed: 75%
[2025-06-19T21:33:09Z] Copying disk 1, Completed: 75%
[2025-06-19T21:33:09Z] Copying disk 1, Completed: 75%
[2025-06-19T21:33:10Z] Copying disk 1, Completed: 75%
[2025-06-19T21:33:11Z] Copying disk 1, Completed: 76%
[2025-06-19T21:33:12Z] Copying disk 1, Completed: 76%
[2025-06-19T21:33:12Z] Copying disk 1, Completed: 76%
[2025-06-19T21:33:13Z] Copying disk 1, Completed: 77%
[2025-06-19T21:33:14Z] Copying disk 1, Completed: 77%
[2025-06-19T21:33:14Z] Copying disk 1, Completed: 77%
[2025-06-19T21:33:15Z] Copying disk 1, Completed: 78%
[2025-06-19T21:33:16Z] Copying disk 1, Completed: 78%
[2025-06-19T21:33:17Z] Copying disk 1, Completed: 78%
[2025-06-19T21:33:17Z] Copying disk 1, Completed: 79%
[2025-06-19T21:33:18Z] Copying disk 1, Completed: 79%
[2025-06-19T21:33:19Z] Copying disk 1, Completed: 79%
[2025-06-19T21:33:19Z] Copying disk 1, Completed: 80%
[2025-06-19T21:33:20Z] Copying disk 1, Completed: 80%
[2025-06-19T21:33:21Z] Copying disk 1, Completed: 80%
[2025-06-19T21:33:22Z] Copying disk 1, Completed: 80%
[2025-06-19T21:33:22Z] Copying disk 1, Completed: 81%
[2025-06-19T21:33:23Z] Copying disk 1, Completed: 81%
[2025-06-19T21:33:24Z] Copying disk 1, Completed: 81%
[2025-06-19T21:33:24Z] Copying disk 1, Completed: 82%
[2025-06-19T21:33:25Z] Copying disk 1, Completed: 82%
[2025-06-19T21:33:26Z] Copying disk 1, Completed: 82%
[2025-06-19T21:33:27Z] Copying disk 1, Completed: 83%
[2025-06-19T21:33:27Z] Copying disk 1, Completed: 83%
[2025-06-19T21:33:28Z] Copying disk 1, Completed: 83%
[2025-06-19T21:33:29Z] Copying disk 1, Completed: 84%
[2025-06-19T21:33:30Z] Copying disk 1, Completed: 84%
[2025-06-19T21:33:30Z] Copying disk 1, Completed: 84%
[2025-06-19T21:33:31Z] Copying disk 1, Completed: 85%
[2025-06-19T21:33:32Z] Copying disk 1, Completed: 85%
[2025-06-19T21:33:33Z] Copying disk 1, Completed: 85%
[2025-06-19T21:33:33Z] Copying disk 1, Completed: 85%
[2025-06-19T21:33:34Z] Copying disk 1, Completed: 86%
[2025-06-19T21:33:35Z] Copying disk 1, Completed: 86%
[2025-06-19T21:33:36Z] Copying disk 1, Completed: 86%
[2025-06-19T21:33:36Z] Copying disk 1, Completed: 87%
[2025-06-19T21:33:37Z] Copying disk 1, Completed: 87%
[2025-06-19T21:33:38Z] Copying disk 1, Completed: 87%
[2025-06-19T21:33:39Z] Copying disk 1, Completed: 88%
[2025-06-19T21:33:39Z] Copying disk 1, Completed: 88%
[2025-06-19T21:33:40Z] Copying disk 1, Completed: 88%
[2025-06-19T21:33:41Z] Copying disk 1, Completed: 89%
[2025-06-19T21:33:42Z] Copying disk 1, Completed: 89%
[2025-06-19T21:33:42Z] Copying disk 1, Completed: 89%
[2025-06-19T21:33:43Z] Copying disk 1, Completed: 90%
[2025-06-19T21:33:44Z] Copying disk 1, Completed: 90%
[2025-06-19T21:33:44Z] Copying disk 1, Completed: 90%
[2025-06-19T21:33:45Z] Copying disk 1, Completed: 90%
[2025-06-19T21:33:46Z] Copying disk 1, Completed: 91%
[2025-06-19T21:33:47Z] Copying disk 1, Completed: 91%
[2025-06-19T21:33:47Z] Copying disk 1, Completed: 91%
[2025-06-19T21:33:48Z] Copying disk 1, Completed: 92%
[2025-06-19T21:33:49Z] Copying disk 1, Completed: 92%
[2025-06-19T21:33:49Z] Copying disk 1, Completed: 92%
[2025-06-19T21:33:50Z] Copying disk 1, Completed: 93%
[2025-06-19T21:33:51Z] Copying disk 1, Completed: 93%
[2025-06-19T21:33:52Z] Copying disk 1, Completed: 93%
[2025-06-19T21:33:52Z] Copying disk 1, Completed: 94%
[2025-06-19T21:33:53Z] Copying disk 1, Completed: 94%
[2025-06-19T21:33:54Z] Copying disk 1, Completed: 94%
[2025-06-19T21:33:55Z] Copying disk 1, Completed: 95%
[2025-06-19T21:33:55Z] Copying disk 1, Completed: 95%
[2025-06-19T21:33:56Z] Copying disk 1, Completed: 95%
[2025-06-19T21:33:57Z] Copying disk 1, Completed: 95%
[2025-06-19T21:33:58Z] Copying disk 1, Completed: 96%
[2025-06-19T21:33:58Z] Copying disk 1, Completed: 96%
[2025-06-19T21:33:59Z] Copying disk 1, Completed: 96%
[2025-06-19T21:34:00Z] Copying disk 1, Completed: 97%
[2025-06-19T21:34:01Z] Copying disk 1, Completed: 97%
[2025-06-19T21:34:01Z] Copying disk 1, Completed: 97%
[2025-06-19T21:34:02Z] Copying disk 1, Completed: 98%
[2025-06-19T21:34:03Z] Copying disk 1, Completed: 98%
[2025-06-19T21:34:04Z] Copying disk 1, Completed: 98%
[2025-06-19T21:34:04Z] Copying disk 1, Completed: 99%
[2025-06-19T21:34:05Z] Copying disk 1, Completed: 99%
[2025-06-19T21:34:06Z] Copying disk 1, Completed: 99%
[2025-06-19T21:34:07Z] Copying disk 1, Completed: 100%
[2025-06-19T21:34:07Z] Disk 1 copied successfully: /dev/vdw
[2025-06-19T21:34:07Z] Executing /usr/sbin/nbdcopy --progress=3 --target-is-zero nbd+unix:///?socket=/tmp/nbdkit-1915243705/nbdkit.sock /dev/vdx

[2025-06-19T21:34:07Z] Debug mode enabled. Command output will be logged to /var/log/pf9/migration-shoeleather.alm.mentorg.com.12.log
[2025-06-19T21:34:11Z] Copying disk 2, Completed: 0%
[2025-06-19T21:34:11Z] Copying disk 2, Completed: 0%
[2025-06-19T21:34:13Z] Copying disk 2, Completed: 0%
[2025-06-19T21:34:15Z] Copying disk 2, Completed: 0%
[2025-06-19T21:34:17Z] Copying disk 2, Completed: 1%
[2025-06-19T21:34:20Z] Copying disk 2, Completed: 1%
[2025-06-19T21:34:22Z] Copying disk 2, Completed: 2%
[2025-06-19T21:34:24Z] Copying disk 2, Completed: 2%
[2025-06-19T21:34:26Z] Copying disk 2, Completed: 2%
[2025-06-19T21:34:29Z] Copying disk 2, Completed: 3%
[2025-06-19T21:34:32Z] Copying disk 2, Completed: 3%
[2025-06-19T21:34:36Z] Copying disk 2, Completed: 4%
[2025-06-19T21:34:40Z] Copying disk 2, Completed: 4%
[2025-06-19T21:34:43Z] Copying disk 2, Completed: 5%
[2025-06-19T21:34:45Z] Copying disk 2, Completed: 5%
[2025-06-19T21:34:48Z] Copying disk 2, Completed: 5%
[2025-06-19T21:34:51Z] Copying disk 2, Completed: 6%
[2025-06-19T21:34:53Z] Copying disk 2, Completed: 6%
[2025-06-19T21:34:56Z] Copying disk 2, Completed: 7%
[2025-06-19T21:34:58Z] Copying disk 2, Completed: 7%
[2025-06-19T21:35:01Z] Copying disk 2, Completed: 7%
[2025-06-19T21:35:02Z] Copying disk 2, Completed: 8%
[2025-06-19T21:35:05Z] Copying disk 2, Completed: 8%
[2025-06-19T21:35:09Z] Copying disk 2, Completed: 9%
[2025-06-19T21:35:11Z] Copying disk 2, Completed: 9%
[2025-06-19T21:35:14Z] Copying disk 2, Completed: 10%
[2025-06-19T21:35:16Z] Copying disk 2, Completed: 10%
[2025-06-19T21:35:18Z] Copying disk 2, Completed: 10%
[2025-06-19T21:35:21Z] Copying disk 2, Completed: 11%
[2025-06-19T21:35:23Z] Copying disk 2, Completed: 11%
[2025-06-19T21:35:25Z] Copying disk 2, Completed: 12%
[2025-06-19T21:35:27Z] Copying disk 2, Completed: 12%
[2025-06-19T21:35:31Z] Copying disk 2, Completed: 13%
[2025-06-19T21:35:33Z] Copying disk 2, Completed: 13%
[2025-06-19T21:35:35Z] Copying disk 2, Completed: 14%
[2025-06-19T21:35:37Z] Copying disk 2, Completed: 14%
[2025-06-19T21:35:40Z] Copying disk 2, Completed: 15%
[2025-06-19T21:35:44Z] Copying disk 2, Completed: 15%
[2025-06-19T21:35:46Z] Copying disk 2, Completed: 15%
[2025-06-19T21:35:48Z] Copying disk 2, Completed: 16%
[2025-06-19T21:35:50Z] Copying disk 2, Completed: 16%
[2025-06-19T21:35:52Z] Copying disk 2, Completed: 17%
[2025-06-19T21:35:53Z] Copying disk 2, Completed: 17%
[2025-06-19T21:35:56Z] Copying disk 2, Completed: 17%
[2025-06-19T21:35:59Z] Copying disk 2, Completed: 18%
[2025-06-19T21:36:02Z] Copying disk 2, Completed: 18%
[2025-06-19T21:36:06Z] Copying disk 2, Completed: 19%
[2025-06-19T21:36:08Z] Copying disk 2, Completed: 19%
[2025-06-19T21:36:11Z] Copying disk 2, Completed: 20%
[2025-06-19T21:36:13Z] Copying disk 2, Completed: 20%
[2025-06-19T21:36:17Z] Copying disk 2, Completed: 20%
[2025-06-19T21:36:21Z] Copying disk 2, Completed: 21%
[2025-06-19T21:36:25Z] Copying disk 2, Completed: 21%
[2025-06-19T21:36:28Z] Copying disk 2, Completed: 22%
[2025-06-19T21:36:31Z] Copying disk 2, Completed: 22%
[2025-06-19T21:36:34Z] Copying disk 2, Completed: 22%
[2025-06-19T21:36:37Z] Copying disk 2, Completed: 23%
[2025-06-19T21:36:39Z] Copying disk 2, Completed: 23%
[2025-06-19T21:36:43Z] Copying disk 2, Completed: 24%
[2025-06-19T21:36:46Z] Copying disk 2, Completed: 24%
[2025-06-19T21:36:49Z] Copying disk 2, Completed: 25%
[2025-06-19T21:36:52Z] Copying disk 2, Completed: 25%
[2025-06-19T21:36:56Z] Copying disk 2, Completed: 25%
[2025-06-19T21:36:58Z] Copying disk 2, Completed: 26%
[2025-06-19T21:37:02Z] Copying disk 2, Completed: 26%
[2025-06-19T21:37:05Z] Copying disk 2, Completed: 27%
[2025-06-19T21:37:07Z] Copying disk 2, Completed: 27%
[2025-06-19T21:37:09Z] Copying disk 2, Completed: 27%
[2025-06-19T21:37:11Z] Copying disk 2, Completed: 28%
[2025-06-19T21:37:13Z] Copying disk 2, Completed: 28%
[2025-06-19T21:37:16Z] Copying disk 2, Completed: 29%
[2025-06-19T21:37:18Z] Copying disk 2, Completed: 29%
[2025-06-19T21:37:20Z] Copying disk 2, Completed: 30%
[2025-06-19T21:37:24Z] Copying disk 2, Completed: 30%
[2025-06-19T21:37:27Z] Copying disk 2, Completed: 30%
[2025-06-19T21:37:29Z] Copying disk 2, Completed: 31%
[2025-06-19T21:37:31Z] Copying disk 2, Completed: 31%
[2025-06-19T21:37:33Z] Copying disk 2, Completed: 32%
[2025-06-19T21:37:35Z] Copying disk 2, Completed: 32%
[2025-06-19T21:37:37Z] Copying disk 2, Completed: 32%
[2025-06-19T21:37:41Z] Copying disk 2, Completed: 33%
[2025-06-19T21:37:43Z] Copying disk 2, Completed: 33%
[2025-06-19T21:37:45Z] Copying disk 2, Completed: 34%
[2025-06-19T21:37:47Z] Copying disk 2, Completed: 34%
[2025-06-19T21:37:50Z] Copying disk 2, Completed: 35%
[2025-06-19T21:37:55Z] Copying disk 2, Completed: 35%
[2025-06-19T21:37:57Z] Copying disk 2, Completed: 35%
[2025-06-19T21:38:01Z] Copying disk 2, Completed: 36%
[2025-06-19T21:38:03Z] Copying disk 2, Completed: 36%
[2025-06-19T21:38:05Z] Copying disk 2, Completed: 37%
[2025-06-19T21:38:09Z] Copying disk 2, Completed: 37%
[2025-06-19T21:38:10Z] Copying disk 2, Completed: 37%
[2025-06-19T21:38:14Z] Copying disk 2, Completed: 38%
[2025-06-19T21:38:18Z] Copying disk 2, Completed: 38%
[2025-06-19T21:38:21Z] Copying disk 2, Completed: 39%
[2025-06-19T21:38:25Z] Copying disk 2, Completed: 39%
[2025-06-19T21:38:28Z] Copying disk 2, Completed: 40%
[2025-06-19T21:38:30Z] Copying disk 2, Completed: 40%
[2025-06-19T21:38:33Z] Copying disk 2, Completed: 40%
[2025-06-19T21:38:36Z] Copying disk 2, Completed: 41%
[2025-06-19T21:38:38Z] Copying disk 2, Completed: 41%
[2025-06-19T21:38:41Z] Copying disk 2, Completed: 42%
[2025-06-19T21:38:45Z] Copying disk 2, Completed: 42%
[2025-06-19T21:38:50Z] Copying disk 2, Completed: 42%
[2025-06-19T21:38:53Z] Copying disk 2, Completed: 43%
[2025-06-19T21:38:55Z] Copying disk 2, Completed: 43%
[2025-06-19T21:38:59Z] Copying disk 2, Completed: 44%
[2025-06-19T21:39:01Z] Copying disk 2, Completed: 45%
[2025-06-19T21:39:05Z] Copying disk 2, Completed: 45%
[2025-06-19T21:39:07Z] Copying disk 2, Completed: 45%
[2025-06-19T21:39:09Z] Copying disk 2, Completed: 46%
[2025-06-19T21:39:11Z] Copying disk 2, Completed: 46%
[2025-06-19T21:39:13Z] Copying disk 2, Completed: 47%
[2025-06-19T21:39:16Z] Copying disk 2, Completed: 47%
[2025-06-19T21:39:19Z] Copying disk 2, Completed: 47%
[2025-06-19T21:39:23Z] Copying disk 2, Completed: 48%
[2025-06-19T21:39:25Z] Copying disk 2, Completed: 48%
[2025-06-19T21:39:28Z] Copying disk 2, Completed: 49%
[2025-06-19T21:39:30Z] Copying disk 2, Completed: 49%
[2025-06-19T21:39:33Z] Copying disk 2, Completed: 50%
[2025-06-19T21:39:34Z] Copying disk 2, Completed: 50%
[2025-06-19T21:39:36Z] Copying disk 2, Completed: 50%
[2025-06-19T21:39:38Z] Copying disk 2, Completed: 51%
[2025-06-19T21:39:40Z] Copying disk 2, Completed: 51%
[2025-06-19T21:39:42Z] Copying disk 2, Completed: 52%
[2025-06-19T21:39:44Z] Copying disk 2, Completed: 52%
[2025-06-19T21:39:46Z] Copying disk 2, Completed: 52%
[2025-06-19T21:39:48Z] Copying disk 2, Completed: 53%
[2025-06-19T21:39:51Z] Copying disk 2, Completed: 53%
[2025-06-19T21:39:53Z] Copying disk 2, Completed: 54%
[2025-06-19T21:39:56Z] Copying disk 2, Completed: 54%
[2025-06-19T21:39:58Z] Copying disk 2, Completed: 55%
[2025-06-19T21:39:59Z] Copying disk 2, Completed: 55%
[2025-06-19T21:40:03Z] Copying disk 2, Completed: 55%
[2025-06-19T21:40:05Z] Copying disk 2, Completed: 56%
[2025-06-19T21:40:07Z] Copying disk 2, Completed: 56%
[2025-06-19T21:40:08Z] Copying disk 2, Completed: 57%
[2025-06-19T21:40:10Z] Copying disk 2, Completed: 57%
[2025-06-19T21:40:12Z] Copying disk 2, Completed: 57%
[2025-06-19T21:40:13Z] Copying disk 2, Completed: 58%
[2025-06-19T21:40:16Z] Copying disk 2, Completed: 58%
[2025-06-19T21:40:19Z] Copying disk 2, Completed: 59%
[2025-06-19T21:40:22Z] Copying disk 2, Completed: 59%
[2025-06-19T21:40:24Z] Copying disk 2, Completed: 60%
[2025-06-19T21:40:28Z] Copying disk 2, Completed: 60%
[2025-06-19T21:40:34Z] Copying disk 2, Completed: 60%
[2025-06-19T21:40:36Z] Copying disk 2, Completed: 61%
[2025-06-19T21:40:37Z] Copying disk 2, Completed: 61%
[2025-06-19T21:40:38Z] Copying disk 2, Completed: 62%
[2025-06-19T21:40:39Z] Copying disk 2, Completed: 62%
[2025-06-19T21:40:41Z] Copying disk 2, Completed: 62%
[2025-06-19T21:40:44Z] Copying disk 2, Completed: 63%
[2025-06-19T21:40:45Z] Copying disk 2, Completed: 63%
[2025-06-19T21:40:46Z] Copying disk 2, Completed: 64%
[2025-06-19T21:40:47Z] Copying disk 2, Completed: 64%
[2025-06-19T21:40:48Z] Copying disk 2, Completed: 65%
[2025-06-19T21:40:49Z] Copying disk 2, Completed: 65%
[2025-06-19T21:40:50Z] Copying disk 2, Completed: 65%
[2025-06-19T21:40:50Z] Copying disk 2, Completed: 66%
[2025-06-19T21:40:51Z] Copying disk 2, Completed: 66%
[2025-06-19T21:40:52Z] Copying disk 2, Completed: 67%
[2025-06-19T21:40:54Z] Copying disk 2, Completed: 67%
[2025-06-19T21:40:55Z] Copying disk 2, Completed: 67%
[2025-06-19T21:40:56Z] Copying disk 2, Completed: 68%
[2025-06-19T21:40:56Z] Copying disk 2, Completed: 68%
[2025-06-19T21:40:57Z] Copying disk 2, Completed: 69%
[2025-06-19T21:40:58Z] Copying disk 2, Completed: 69%
[2025-06-19T21:40:59Z] Copying disk 2, Completed: 70%
[2025-06-19T21:40:59Z] Copying disk 2, Completed: 70%
[2025-06-19T21:41:01Z] Copying disk 2, Completed: 70%
[2025-06-19T21:41:03Z] Copying disk 2, Completed: 71%
[2025-06-19T21:41:05Z] Copying disk 2, Completed: 71%
[2025-06-19T21:41:08Z] Copying disk 2, Completed: 72%
[2025-06-19T21:41:10Z] Copying disk 2, Completed: 72%
[2025-06-19T21:41:11Z] Copying disk 2, Completed: 72%
[2025-06-19T21:41:12Z] Copying disk 2, Completed: 73%
[2025-06-19T21:41:13Z] Copying disk 2, Completed: 73%
[2025-06-19T21:41:15Z] Copying disk 2, Completed: 74%
[2025-06-19T21:41:16Z] Copying disk 2, Completed: 74%
[2025-06-19T21:41:17Z] Copying disk 2, Completed: 75%
[2025-06-19T21:41:17Z] Copying disk 2, Completed: 75%
[2025-06-19T21:41:18Z] Copying disk 2, Completed: 75%
[2025-06-19T21:41:19Z] Copying disk 2, Completed: 76%
[2025-06-19T21:41:20Z] Copying disk 2, Completed: 76%
[2025-06-19T21:41:20Z] Copying disk 2, Completed: 77%
[2025-06-19T21:41:23Z] Copying disk 2, Completed: 77%
[2025-06-19T21:41:24Z] Copying disk 2, Completed: 77%
[2025-06-19T21:41:24Z] Copying disk 2, Completed: 78%
[2025-06-19T21:41:25Z] Copying disk 2, Completed: 78%
[2025-06-19T21:41:26Z] Copying disk 2, Completed: 79%
[2025-06-19T21:41:27Z] Copying disk 2, Completed: 79%
[2025-06-19T21:41:28Z] Copying disk 2, Completed: 80%
[2025-06-19T21:41:28Z] Copying disk 2, Completed: 80%
[2025-06-19T21:41:29Z] Copying disk 2, Completed: 80%
[2025-06-19T21:41:30Z] Copying disk 2, Completed: 81%
[2025-06-19T21:41:31Z] Copying disk 2, Completed: 81%
[2025-06-19T21:41:31Z] Copying disk 2, Completed: 82%
[2025-06-19T21:41:32Z] Copying disk 2, Completed: 82%
[2025-06-19T21:41:33Z] Copying disk 2, Completed: 82%
[2025-06-19T21:41:34Z] Copying disk 2, Completed: 83%
[2025-06-19T21:41:35Z] Copying disk 2, Completed: 83%
[2025-06-19T21:41:36Z] Copying disk 2, Completed: 84%
[2025-06-19T21:41:37Z] Copying disk 2, Completed: 84%
[2025-06-19T21:41:40Z] Copying disk 2, Completed: 85%
[2025-06-19T21:41:42Z] Copying disk 2, Completed: 85%
[2025-06-19T21:41:43Z] Copying disk 2, Completed: 85%
[2025-06-19T21:41:45Z] Copying disk 2, Completed: 86%
[2025-06-19T21:41:47Z] Copying disk 2, Completed: 86%
[2025-06-19T21:41:48Z] Copying disk 2, Completed: 87%
[2025-06-19T21:41:49Z] Copying disk 2, Completed: 87%
[2025-06-19T21:41:50Z] Copying disk 2, Completed: 87%
[2025-06-19T21:41:51Z] Copying disk 2, Completed: 88%
[2025-06-19T21:41:52Z] Copying disk 2, Completed: 88%
[2025-06-19T21:41:53Z] Copying disk 2, Completed: 89%
[2025-06-19T21:41:53Z] Copying disk 2, Completed: 89%
[2025-06-19T21:41:54Z] Copying disk 2, Completed: 90%
[2025-06-19T21:41:55Z] Copying disk 2, Completed: 90%
[2025-06-19T21:41:56Z] Copying disk 2, Completed: 90%
[2025-06-19T21:41:57Z] Copying disk 2, Completed: 91%
[2025-06-19T21:41:57Z] Copying disk 2, Completed: 91%
[2025-06-19T21:41:58Z] Copying disk 2, Completed: 92%
[2025-06-19T21:41:59Z] Copying disk 2, Completed: 92%
[2025-06-19T21:41:59Z] Copying disk 2, Completed: 92%
[2025-06-19T21:42:00Z] Copying disk 2, Completed: 93%
[2025-06-19T21:42:01Z] Copying disk 2, Completed: 93%
[2025-06-19T21:42:02Z] Copying disk 2, Completed: 94%
[2025-06-19T21:42:02Z] Copying disk 2, Completed: 94%
[2025-06-19T21:42:03Z] Copying disk 2, Completed: 95%
[2025-06-19T21:42:04Z] Copying disk 2, Completed: 95%
[2025-06-19T21:42:05Z] Copying disk 2, Completed: 95%
[2025-06-19T21:42:05Z] Copying disk 2, Completed: 96%
[2025-06-19T21:42:06Z] Copying disk 2, Completed: 96%
[2025-06-19T21:42:07Z] Copying disk 2, Completed: 97%
[2025-06-19T21:42:08Z] Copying disk 2, Completed: 97%
[2025-06-19T21:42:08Z] Copying disk 2, Completed: 97%
[2025-06-19T21:42:09Z] Copying disk 2, Completed: 98%
[2025-06-19T21:42:10Z] Copying disk 2, Completed: 98%
[2025-06-19T21:42:11Z] Copying disk 2, Completed: 99%
[2025-06-19T21:42:11Z] Copying disk 2, Completed: 99%
[2025-06-19T21:42:12Z] Copying disk 2, Completed: 100%
[2025-06-19T21:42:12Z] Disk 2 copied successfully: /dev/vdx
[2025-06-19T21:42:13Z] Disk 0: No changed blocks found. Skipping copy
[2025-06-19T21:42:13Z] Disk 1: No changed blocks found. Skipping copy
[2025-06-19T21:42:13Z] Disk 2: No changed blocks found. Skipping copy
[2025-06-19T21:42:13Z] Shutting down source VM and performing final copy
[2025-06-19T21:42:13Z] Waiting for Cutover conditions to be met
[2025-06-19T21:42:14Z] Label: yes
[2025-06-19T21:42:14Z] Cutover conditions met
[2025-06-19T21:42:15Z] Disk 0: No changed blocks found. Skipping copy
[2025-06-19T21:42:16Z] Disk 1: No changed blocks found. Skipping copy
[2025-06-19T21:42:16Z] Disk 2: No changed blocks found. Skipping copy
[2025-06-19T21:43:02Z] Stopping NBD server
[2025-06-19T21:43:02Z] Deleting migration snapshot
[2025-06-19T21:43:02Z] Converting disk
[2025-06-19T21:43:02Z] Attaching volumes to VM
[2025-06-19T21:43:04Z] Waiting for volume attachment
[2025-06-19T21:43:14Z] Attaching volumes to VM
[2025-06-19T21:43:17Z] Waiting for volume attachment
[2025-06-19T21:43:27Z] Attaching volumes to VM
[2025-06-19T21:43:29Z] Waiting for volume attachment
[2025-06-19T21:44:01Z] Error running 'ls /boot'. Error: 'failed to run command (ls /boot): exit status 1', Output: 

[2025-06-19T21:44:19Z] Error running 'ls /boot'. Error: 'failed to run command (ls /boot): exit status 1', Output: 

[2025-06-19T21:44:35Z] Error running 'ls /boot'. Error: 'failed to run command (ls /boot): exit status 1', Output: 

[2025-06-19T21:54:43Z] failed to convert volumes: Failed to get bootable volume index: failed to run command (part-to-dev): exit status 1. Trying to perform cleanup
[2025-06-19T21:55:19Z] Volume Hard disk 1 deleted

[2025-06-19T21:55:19Z] Volume Hard disk 2 deleted

[2025-06-19T21:55:19Z] Volume Hard disk 3 deleted

[2025-06-19T21:55:19Z] Failed to delete snapshot of source VM: failed to delete snapshot: no snapshots for this VM

[2025-06-19T21:55:20Z] Failed to migrate VM: failed to convert disks: Failed to delete snapshot of source VM: failed to delete snapshot: no snapshots for this VM
: failed to delete snapshot: no snapshots for this VM: Failed to get bootable volume index: failed to run command (part-to-dev): exit status 1
VM shoeleather.alm.mentorg.com was powered on after migration failure
[2025-06-19T21:55:20Z] ----- Migration completed successfully at 2025-06-19T21:55:20Z for VM shoeleather.alm.mentorg.com -----
