nbdkit: debug: nbdkit 1.42.3 (nbdkit-1.42.3-1.fc42)
nbdkit: debug: TLS disabled: could not load TLS certificates
nbdkit: debug: service mode: unix socket
nbdkit: debug: NBD URI: nbd+unix://?socket=/tmp/nbdkit-602733157/nbdkit.sock
nbdkit: debug: registering plugin /usr/lib64/nbdkit/plugins/nbdkit-vddk-plugin.so
nbdkit: debug: registered plugin /usr/lib64/nbdkit/plugins/nbdkit-vddk-plugin.so (name vddk)
nbdkit: debug: vddk: load
nbdkit: warning: debug flag -D  nbdkit.backend.datapath was not used
nbdkit: warning: debug flag -D  vddk.datapath was not used
nbdkit: debug: vddk: config key=libdir, value=/home/fedora/vmware-vix-disklib-distrib
nbdkit: debug: vddk: config key=server, value=ALM-VC-01.alm.mentorg.com
nbdkit: debug: vddk: config key=user, value=mgc\\svc_vcenter
nbdkit: debug: vddk: config key=password, value=}[RecUFF::J6}[FsXRayE\\z=9
nbdkit: debug: vddk: config key=thumbprint, value=ee:da:39:bb:b1:83:79:aa:f3:b1:7c:7b:2d:51:45:a4:93:ec:b6:a6
nbdkit: debug: vddk: config key=compression, value=fastlz
nbdkit: debug: vddk: config key=config, value=/home/fedora/vddk.conf
nbdkit: debug: vddk: config key=transports, value=file:nbdssl:nbd
nbdkit: debug: vddk: config key=vm, value=moref=vm-11007
nbdkit: debug: vddk: config key=snapshot, value=snapshot-19608
nbdkit: debug: vddk: config key=file, value=[sas_n1_vmnfs1] alm-smartm.alm.mentorg.com/alm-smartm.alm.mentorg.com.vmdk
nbdkit: debug: vddk: config_complete
nbdkit: debug: using thread model: parallel
nbdkit: debug: vddk: get_ready
nbdkit: debug: original command line occupies 597 bytes
nbdkit: debug: adding reexeced_=
nbdkit: debug: re-executing with updated LD_LIBRARY_PATH=/home/fedora/vmware-vix-disklib-distrib/lib64
nbdkit: debug: nbdkit 1.42.3 (nbdkit-1.42.3-1.fc42)
nbdkit: debug: TLS disabled: could not load TLS certificates
nbdkit: debug: service mode: unix socket
nbdkit: debug: NBD URI: nbd+unix://?socket=/tmp/nbdkit-602733157/nbdkit.sock
nbdkit: debug: registering plugin /usr/lib64/nbdkit/plugins/nbdkit-vddk-plugin.so
nbdkit: debug: registered plugin /usr/lib64/nbdkit/plugins/nbdkit-vddk-plugin.so (name vddk)
nbdkit: debug: vddk: load
nbdkit: warning: debug flag -D  nbdkit.backend.datapath was not used
nbdkit: warning: debug flag -D  vddk.datapath was not used
nbdkit: debug: vddk: config key=libdir, value=/home/fedora/vmware-vix-disklib-distrib
nbdkit: debug: vddk: config key=server, value=ALM-VC-01.alm.mentorg.com
nbdkit: debug: vddk: config key=user, value=mgc\\svc_vcenter
nbdkit: debug: vddk: config key=thumbprint, value=ee:da:39:bb:b1:83:79:aa:f3:b1:7c:7b:2d:51:45:a4:93:ec:b6:a6
nbdkit: debug: vddk: config key=compression, value=fastlz
nbdkit: debug: vddk: config key=config, value=/home/fedora/vddk.conf
nbdkit: debug: vddk: config key=transports, value=file:nbdssl:nbd
nbdkit: debug: vddk: config key=vm, value=moref=vm-11007
nbdkit: debug: vddk: config key=snapshot, value=snapshot-19608
nbdkit: debug: vddk: config key=file, value=[sas_n1_vmnfs1] alm-smartm.alm.mentorg.com/alm-smartm.alm.mentorg.com.vmdk
nbdkit: debug: vddk: config key=password, value=-3
nbdkit: debug: vddk: config key=reexeced_, value=
nbdkit: debug: vddk: config_complete
nbdkit: debug: cleaning up after re-exec
nbdkit: debug: using thread model: parallel
nbdkit: debug: vddk: get_ready
nbdkit: debug: bound to unix socket /tmp/nbdkit-602733157/nbdkit.sock
nbdkit: debug: written pidfile /tmp/nbdkit-602733157/nbdkit.pid
nbdkit: debug: vddk: after_fork
nbdkit: debug: VDDK call: VixDiskLib_InitEx (6, 5, &debug_fn, &error_fn, &error_fn, /home/fedora/vmware-vix-disklib-distrib, /home/fedora/vddk.conf)
nbdkit: debug: OBJLIB-LIB: Objlib initialized.
nbdkit: debug: VixDiskLib: Attempting to locate advanced transport module in "/home/fedora/vmware-vix-disklib-distrib".
nbdkit: debug: VixDiskLib: Advanced transport plugin /home/fedora/vmware-vix-disklib-distrib/lib64/libdiskLibPlugin.so was successfully loaded into vixDiskLib.
nbdkit: debug: VixDiskLib: Enabling advanced transport modes.
nbdkit: debug: 2025-06-20T04:51:55.029Z trivia -[00992] [Originator@6876 sub=ThreadPool] Thread enlisted
nbdkit: debug: DictionaryLoad: Cannot open file "/etc/vmware/config": No such file or directory.
nbdkit: debug: [msg.dictionary.load.openFailed] Cannot open file "/etc/vmware/config": No such file or directory.
nbdkit: debug: PREF Optional preferences file not found at /etc/vmware/config. Using default values.
nbdkit: debug: 2025-06-20T04:51:55.029Z info -[00992] [Originator@6876 sub=ThreadPool] Entering IO thread loop
nbdkit: debug: DictionaryLoad: Cannot open file "/usr/lib/vmware/settings": No such file or directory.
nbdkit: debug: [msg.dictionary.load.openFailed] Cannot open file "/usr/lib/vmware/settings": No such file or directory.
nbdkit: debug: PREF Optional preferences file not found at /usr/lib/vmware/settings. Using default values.
nbdkit: debug: 2025-06-20T04:51:55.029Z trivia -[00994] [Originator@6876 sub=ThreadPool] Thread enlisted
nbdkit: debug: DictionaryLoad: Cannot open file "/usr/lib/vmware/config": No such file or directory.
nbdkit: debug: [msg.dictionary.load.openFailed] Cannot open file "/usr/lib/vmware/config": No such file or directory.
nbdkit: debug: 2025-06-20T04:51:55.029Z info -[00994] [Originator@6876 sub=ThreadPool] Entering fair thread loop
nbdkit: debug: PREF Optional preferences file not found at /usr/lib/vmware/config. Using default values.
nbdkit: debug: DictionaryLoad: Cannot open file "/root/.vmware/config": No such file or directory.
nbdkit: debug: [msg.dictionary.load.openFailed] Cannot open file "/root/.vmware/config": No such file or directory.
nbdkit: debug: PREF Optional preferences file not found at /root/.vmware/config. Using default values.
nbdkit: debug: DictionaryLoad: Cannot open file "/root/.vmware/preferences": No such file or directory.
nbdkit: debug: [msg.dictionary.load.openFailed] Cannot open file "/root/.vmware/preferences": No such file or directory.
nbdkit: debug: PREF Optional preferences file not found at /root/.vmware/preferences. Using default values.
nbdkit: debug: 2025-06-20T04:51:55.029Z trivia -[00993] [Originator@6876 sub=ThreadPool] Thread enlisted
nbdkit: debug: 2025-06-20T04:51:55.029Z info -[00993] [Originator@6876 sub=ThreadPool] Entering IO thread loop
nbdkit: debug: lib/ssl: OpenSSL using default provider
nbdkit: debug: lib/ssl: Client usage
nbdkit: debug: lib/ssl: protocol list tls1.2
nbdkit: debug: lib/ssl: protocol min 0x303 max 0x303
nbdkit: debug: lib/ssl: protocol list tls1.2 (openssl flags 0x36000000)
nbdkit: debug: lib/ssl: cipher list ECDHE+AESGCM:RSA+AESGCM:ECDHE+AES:RSA+AES
nbdkit: debug: lib/ssl: cipher suites TLS_AES_128_GCM_SHA256:TLS_AES_256_GCM_SHA384
nbdkit: debug: lib/ssl: curves list prime256v1:secp384r1:secp521r1
nbdkit: debug: lib/ssl: Server usage
nbdkit: debug: lib/ssl: protocol list tls1.2
nbdkit: debug: lib/ssl: protocol min 0x303 max 0x303
nbdkit: debug: lib/ssl: protocol list tls1.2 (openssl flags 0x36000000)
nbdkit: debug: lib/ssl: cipher list ECDHE+AESGCM:RSA+AESGCM:ECDHE+AES:RSA+AES
nbdkit: debug: lib/ssl: cipher suites TLS_AES_128_GCM_SHA256:TLS_AES_256_GCM_SHA384
nbdkit: debug: lib/ssl: curves list prime256v1:secp384r1:secp521r1
nbdkit: debug: VixDiskLib: Initialize transport modes.
nbdkit: debug: 2025-06-20T04:51:55.157Z info -[00987] [Originator@6876 sub=Libs] [NFC VERBOSE]NFC connection accept timeout: 180000 milliseconds
nbdkit: debug: 2025-06-20T04:51:55.157Z info -[00987] [Originator@6876 sub=Libs] [NFC VERBOSE]NFC request timeout: 180000 milliseconds
nbdkit: debug: 2025-06-20T04:51:55.157Z info -[00987] [Originator@6876 sub=Libs] [NFC VERBOSE]NFC read timeout: 60000 milliseconds
nbdkit: debug: 2025-06-20T04:51:55.157Z info -[00987] [Originator@6876 sub=Libs] [NFC VERBOSE]NFC write timeout: 600000 milliseconds
nbdkit: debug: 2025-06-20T04:51:55.157Z info -[00987] [Originator@6876 sub=Libs] [NFC VERBOSE]NFC fssrvr request timeout: 0 milliseconds
nbdkit: debug: 2025-06-20T04:51:55.157Z info -[00987] [Originator@6876 sub=Libs] [NFC VERBOSE]NFC fssrvr write timeout: 0 milliseconds
nbdkit: debug: 2025-06-20T04:51:55.157Z info -[00987] [Originator@6876 sub=Libs] [NFC VERBOSE]NFC max recv retries: 1
nbdkit: debug: 2025-06-20T04:51:55.157Z info -[00987] [Originator@6876 sub=Libs] DictionaryLoad: Cannot open file "/etc/vmware/config": No such file or directory.
nbdkit: debug: 2025-06-20T04:51:55.157Z info -[00987] [Originator@6876 sub=Libs] [msg.dictionary.load.openFailed] Cannot open file "/etc/vmware/config": No such file or directory.
nbdkit: debug: 2025-06-20T04:51:55.157Z info -[00987] [Originator@6876 sub=Libs] PREF Optional preferences file not found at /etc/vmware/config. Using default values.
nbdkit: debug: 2025-06-20T04:51:55.157Z info -[00987] [Originator@6876 sub=Libs] DictionaryLoad: Cannot open file "/usr/lib/vmware/settings": No such file or directory.
nbdkit: debug: 2025-06-20T04:51:55.157Z info -[00987] [Originator@6876 sub=Libs] [msg.dictionary.load.openFailed] Cannot open file "/usr/lib/vmware/settings": No such file or directory.
nbdkit: debug: 2025-06-20T04:51:55.157Z info -[00987] [Originator@6876 sub=Libs] PREF Optional preferences file not found at /usr/lib/vmware/settings. Using default values.
nbdkit: debug: 2025-06-20T04:51:55.157Z info -[00987] [Originator@6876 sub=Libs] DictionaryLoad: Cannot open file "/usr/lib/vmware/config": No such file or directory.
nbdkit: debug: 2025-06-20T04:51:55.157Z info -[00987] [Originator@6876 sub=Libs] [msg.dictionary.load.openFailed] Cannot open file "/usr/lib/vmware/config": No such file or directory.
nbdkit: debug: 2025-06-20T04:51:55.157Z info -[00987] [Originator@6876 sub=Libs] PREF Optional preferences file not found at /usr/lib/vmware/config. Using default values.
nbdkit: debug: 2025-06-20T04:51:55.157Z info -[00987] [Originator@6876 sub=Libs] DictionaryLoad: Cannot open file "/root/.vmware/config": No such file or directory.
nbdkit: debug: 2025-06-20T04:51:55.157Z info -[00987] [Originator@6876 sub=Libs] [msg.dictionary.load.openFailed] Cannot open file "/root/.vmware/config": No such file or directory.
nbdkit: debug: 2025-06-20T04:51:55.157Z info -[00987] [Originator@6876 sub=Libs] PREF Optional preferences file not found at /root/.vmware/config. Using default values.
nbdkit: debug: 2025-06-20T04:51:55.157Z info -[00987] [Originator@6876 sub=Libs] DictionaryLoad: Cannot open file "/root/.vmware/preferences": No such file or directory.
nbdkit: debug: 2025-06-20T04:51:55.157Z info -[00987] [Originator@6876 sub=Libs] [msg.dictionary.load.openFailed] Cannot open file "/root/.vmware/preferences": No such file or directory.
nbdkit: debug: 2025-06-20T04:51:55.157Z info -[00987] [Originator@6876 sub=Libs] PREF Optional preferences file not found at /root/.vmware/preferences. Using default values.
nbdkit: debug: 2025-06-20T04:51:55.157Z info -[00987] [Originator@6876 sub=Libs] lib/ssl: OpenSSL using default provider
nbdkit: debug: 2025-06-20T04:51:55.157Z info -[00987] [Originator@6876 sub=Libs] lib/ssl: Client usage
nbdkit: debug: 2025-06-20T04:51:55.157Z info -[00987] [Originator@6876 sub=Libs] lib/ssl: protocol list tls1.2
nbdkit: debug: 2025-06-20T04:51:55.157Z info -[00987] [Originator@6876 sub=Libs] lib/ssl: protocol min 0x303 max 0x303
nbdkit: debug: 2025-06-20T04:51:55.157Z info -[00987] [Originator@6876 sub=Libs] lib/ssl: protocol list tls1.2 (openssl flags 0x36000000)
nbdkit: debug: 2025-06-20T04:51:55.157Z info -[00987] [Originator@6876 sub=Libs] lib/ssl: cipher list ECDHE+AESGCM:RSA+AESGCM:ECDHE+AES:RSA+AES
nbdkit: debug: 2025-06-20T04:51:55.157Z info -[00987] [Originator@6876 sub=Libs] lib/ssl: cipher suites TLS_AES_128_GCM_SHA256:TLS_AES_256_GCM_SHA384
nbdkit: debug: 2025-06-20T04:51:55.157Z info -[00987] [Originator@6876 sub=Libs] lib/ssl: curves list prime256v1:secp384r1:secp521r1
nbdkit: debug: 2025-06-20T04:51:55.158Z info -[00987] [Originator@6876 sub=Libs] lib/ssl: Server usage
nbdkit: debug: 2025-06-20T04:51:55.158Z info -[00987] [Originator@6876 sub=Libs] lib/ssl: protocol list tls1.2
nbdkit: debug: 2025-06-20T04:51:55.158Z info -[00987] [Originator@6876 sub=Libs] lib/ssl: protocol min 0x303 max 0x303
nbdkit: debug: 2025-06-20T04:51:55.158Z info -[00987] [Originator@6876 sub=Libs] lib/ssl: protocol list tls1.2 (openssl flags 0x36000000)
nbdkit: debug: 2025-06-20T04:51:55.158Z info -[00987] [Originator@6876 sub=Libs] lib/ssl: cipher list ECDHE+AESGCM:RSA+AESGCM:ECDHE+AES:RSA+AES
nbdkit: debug: 2025-06-20T04:51:55.158Z info -[00987] [Originator@6876 sub=Libs] lib/ssl: cipher suites TLS_AES_128_GCM_SHA256:TLS_AES_256_GCM_SHA384
nbdkit: debug: 2025-06-20T04:51:55.158Z info -[00987] [Originator@6876 sub=Libs] lib/ssl: curves list prime256v1:secp384r1:secp521r1
nbdkit: debug: 2025-06-20T04:51:55.282Z info -[00987] [Originator@6876 sub=Libs] [NFC INFO]Nfc_Init: Poll not initialized.
nbdkit: debug: VixDiskLib: Available transport modes: file:san:hotadd:nbdssl:nbd.
nbdkit: debug: VMware VixDiskLib (8.0.3) Release build-23950268
nbdkit: debug: VixDiskLib: PhoneHome is disabled.
nbdkit: debug: accepted connection
nbdkit: vddk[1]: debug: vddk: preconnect
nbdkit: vddk[1]: debug: newstyle negotiation: flags: global 0x3
nbdkit: vddk[1]: debug: newstyle negotiation: client flags: 0x3
nbdkit: vddk[1]: debug: replying to NBD_OPT_EXTENDED_HEADERS with NBD_REP_ERR_UNSUP
nbdkit: vddk[1]: debug: newstyle negotiation: NBD_OPT_STRUCTURED_REPLY: client requested structured replies
nbdkit: vddk[1]: debug: replying to NBD_OPT_STRUCTURED_REPLY with NBD_REP_ACK
nbdkit: vddk[1]: debug: newstyle negotiation: NBD_OPT_SET_META_CONTEXT: client requested export ''
nbdkit: vddk[1]: debug: newstyle negotiation: NBD_OPT_SET_META_CONTEXT: set count: 1
nbdkit: vddk[1]: debug: newstyle negotiation: NBD_OPT_SET_META_CONTEXT: set base:allocation
nbdkit: vddk[1]: debug: newstyle negotiation: NBD_OPT_SET_META_CONTEXT: replying with base:allocation id 1
nbdkit: vddk[1]: debug: replying to NBD_OPT_SET_META_CONTEXT with NBD_REP_ACK
nbdkit: vddk[1]: debug: newstyle negotiation: NBD_OPT_SET_META_CONTEXT: reply complete
nbdkit: vddk[1]: debug: newstyle negotiation: NBD_OPT_GO: client requested export ''
nbdkit: vddk[1]: debug: vddk: open readonly=1 exportname="" tls=0
nbdkit: vddk[1]: debug: vddk: default_export readonly=1 tls=0
nbdkit: vddk[1]: debug: VDDK call: VixDiskLib_AllocateConnectParams ()
nbdkit: vddk[1]: debug: VDDK call: VixDiskLib_ConnectEx (h->params, 1, snapshot-19608, file:nbdssl:nbd, &connection)
nbdkit: vddk[1]: debug: VixDiskLib: VixDiskLib_ConnectEx: Establish connection using file:nbdssl:nbd.
nbdkit: vddk[1]: debug: VixDiskLib: VixDiskLibConnectInt: Establish connection.
nbdkit: vddk[1]: debug: VixDiskLib: Resolve host.
nbdkit: vddk[1]: debug: 2025-06-20T04:51:58.580Z warning -[00996] [Originator@6876 sub=transport] Can't find the snapshot snapshot-19608
nbdkit: vddk[1]: debug: 2025-06-20T04:51:58.591Z error -[00996] [Originator@6876 sub=Default] Cannot use advanced transport modes for 134.86.102.119/moref=vm-11007/snapshot-19608: Snapshot with ID=snapshot-19608 can't apply for the object with ID:42273642-a942-3e8b-81e0-8dac066afec2..
nbdkit: vddk[1]: debug: VixDiskLib: VixDiskLib_ConnectEx: Advanced transport modes not available for opening moref=vm-11007. (Cannot use advanced transport modes for 134.86.102.119/moref=vm-11007/snapshot-19608: Snapshot with ID=snapshot-19608 can't apply for the object with ID:42273642-a942-3e8b-81e0-8dac066afec2..)
nbdkit: vddk[1]: debug: VDDK call: VixDiskLib_Open (connection, [sas_n1_vmnfs1] alm-smartm.alm.mentorg.com/alm-smartm.alm.mentorg.com.vmdk, 36, &handle)
nbdkit: vddk[1]: debug: VixDiskLib: VixDiskLib_OpenEx: Open disk '[sas_n1_vmnfs1] alm-smartm.alm.mentorg.com/alm-smartm.alm.mentorg.com.vmdk'.
nbdkit: vddk[1]: debug: 2025-06-20T04:52:00.533Z warning -[00996] [Originator@6876 sub=vimaccess] Can't find the snapshot snapshot-19608
nbdkit: vddk[1]: debug: NBD_ClientOpen: attempting to create connection to FASTLZ-vpxa-nfc://[sas_n1_vmnfs1] alm-smartm.alm.mentorg.com/alm-smartm.alm.mentorg.com.vmdk@esx-47.alm.mentorg.com:902!52 89 30 a2 7f a9 08 29-65 64 37 b5 4e ca 99 92
nbdkit: vddk[1]: debug: NfcAioOpenSession: the socket options client snd buffer size 87040,           rcv buffer size 131072.
nbdkit: vddk[1]: debug: NfcAioOpenSession: the socket options server snd buffer size 293058,           rcv buffer size 293058.
nbdkit: vddk[1]: debug: Opening file [sas_n1_vmnfs1] alm-smartm.alm.mentorg.com/alm-smartm.alm.mentorg.com.vmdk (FASTLZ-vpxa-nfc://[sas_n1_vmnfs1] alm-smartm.alm.mentorg.com/alm-smartm.alm.mentorg.com.vmdk@esx-47.alm.mentorg.com:902!52 89 30 a2 7f a9 08 29-65 64 37 b5 4e ca 99 92)
nbdkit: vddk[1]: debug: Nbd_ClientSetCallback: Set callback on '[sas_n1_vmnfs1] alm-smartm.alm.mentorg.com/alm-smartm.alm.mentorg.com.vmdk' with type 0.
nbdkit: vddk[1]: debug: VDDK call: VixDiskLib_GetTransportMode (handle)
nbdkit: vddk[1]: debug: VixDiskLib: VixDiskLib_GetTransportMode: Retrieve transport mode.
nbdkit: vddk[1]: debug: transport mode: nbd
nbdkit: vddk[1]: debug: vddk: open returned handle 0x7f8628001a30
nbdkit: vddk[1]: debug: vddk: prepare readonly=1
nbdkit: vddk[1]: debug: vddk: get_size
nbdkit: debug: VDDK call: VixDiskLib_GetInfo (handle, info)
nbdkit: debug: VixDiskLib: VixDiskLib_GetInfo: Retrieve disk info.
nbdkit: vddk[1]: debug: VDDK call: VixDiskLib_FreeInfo (info)
nbdkit: vddk[1]: debug: VixDiskLib: VixDiskLib_FreeInfo: Clean up VixDiskLib.
nbdkit: vddk[1]: debug: vddk: can_zero
nbdkit: vddk[1]: debug: vddk: can_fast_zero
nbdkit: vddk[1]: debug: vddk: can_trim
nbdkit: vddk[1]: debug: vddk: can_fua
nbdkit: vddk[1]: debug: vddk: can_flush
nbdkit: vddk[1]: debug: vddk: is_rotational
nbdkit: vddk[1]: debug: vddk: can_multi_conn
nbdkit: vddk[1]: debug: vddk: can_cache
nbdkit: vddk[1]: debug: vddk: can_extents
nbdkit: debug: VDDK call: VixDiskLib_QueryAllocatedBlocks (handle, 0, 128 sectors, 128 sectors)
nbdkit: debug: VixDiskLib: VixDiskLib_QueryAllocatedBlocks: Query allocated blocks.
nbdkit: debug: VDDK call: VixDiskLib_FreeBlockList (block_list)
nbdkit: vddk[1]: debug: newstyle negotiation: flags: export 0x87
nbdkit: vddk[1]: debug: vddk: block_size
nbdkit: debug: VDDK call: VixDiskLib_GetInfo (handle, info)
nbdkit: debug: VixDiskLib: VixDiskLib_GetInfo: Retrieve disk info.
nbdkit: vddk[1]: debug: VDDK call: VixDiskLib_FreeInfo (info)
nbdkit: vddk[1]: debug: VixDiskLib: VixDiskLib_FreeInfo: Clean up VixDiskLib.
nbdkit: vddk[1]: debug: replying to NBD_OPT_GO with NBD_REP_ACK
nbdkit: vddk[1]: debug: handshake complete, processing requests with 16 threads
nbdkit: debug: starting worker thread vddk.2
nbdkit: debug: starting worker thread vddk.0
nbdkit: debug: starting worker thread vddk.1
nbdkit: debug: starting worker thread vddk.3
nbdkit: debug: starting worker thread vddk.5
nbdkit: debug: starting worker thread vddk.9
nbdkit: debug: starting worker thread vddk.7
nbdkit: debug: starting worker thread vddk.13
nbdkit: vddk.2: debug: vddk: extents count=1310720 offset=91817246720 req_one=1
nbdkit: debug: starting worker thread vddk.4
nbdkit: debug: VDDK call: VixDiskLib_QueryAllocatedBlocks (handle, 179330560 sectors, 2560 sectors, 128 sectors)
nbdkit: debug: VixDiskLib: VixDiskLib_QueryAllocatedBlocks: Query allocated blocks.
nbdkit: debug: starting worker thread vddk.14
nbdkit: debug: starting worker thread vddk.6
nbdkit: debug: starting worker thread vddk.15
nbdkit: debug: starting worker thread vddk.11
nbdkit: debug: starting worker thread vddk.8
nbdkit: debug: starting worker thread vddk.10
nbdkit: debug: starting worker thread vddk.12
nbdkit: debug: VDDK call: VixDiskLib_FreeBlockList (block_list)
nbdkit: vddk.0: debug: vddk: extents count=2621440 offset=1695133466624 req_one=1
nbdkit: debug: VDDK call: VixDiskLib_QueryAllocatedBlocks (handle, 3310807552 sectors, 5120 sectors, 128 sectors)
nbdkit: debug: VixDiskLib: VixDiskLib_QueryAllocatedBlocks: Query allocated blocks.
nbdkit: debug: VDDK call: VixDiskLib_FreeBlockList (block_list)
nbdkit: vddk.1: debug: vddk: extents count=1835008 offset=643215654912 req_one=1
nbdkit: debug: VDDK call: VixDiskLib_QueryAllocatedBlocks (handle, 1256280576 sectors, 3584 sectors, 128 sectors)
nbdkit: debug: VixDiskLib: VixDiskLib_QueryAllocatedBlocks: Query allocated blocks.
nbdkit: debug: VDDK call: VixDiskLib_FreeBlockList (block_list)
nbdkit: vddk.3: debug: vddk: extents count=2883584 offset=5511577600 req_one=1
nbdkit: debug: VDDK call: VixDiskLib_QueryAllocatedBlocks (handle, 10764800 sectors, 5632 sectors, 128 sectors)
nbdkit: debug: VixDiskLib: VixDiskLib_QueryAllocatedBlocks: Query allocated blocks.
nbdkit: debug: VDDK call: VixDiskLib_FreeBlockList (block_list)
nbdkit: vddk.5: debug: vddk: extents count=1835008 offset=1695125602304 req_one=1
nbdkit: debug: VDDK call: VixDiskLib_QueryAllocatedBlocks (handle, 3310792192 sectors, 3584 sectors, 128 sectors)
nbdkit: debug: VixDiskLib: VixDiskLib_QueryAllocatedBlocks: Query allocated blocks.
nbdkit: debug: VDDK call: VixDiskLib_FreeBlockList (block_list)
nbdkit: vddk.9: debug: vddk: pread count=262144 offset=84879343616
nbdkit: debug: VDDK call: VixDiskLib_ReadAsync (handle, 165779968 sectors, 512 sectors, buffer, callback, 8)
nbdkit: debug: command 8 completed
nbdkit: vddk.7: debug: vddk: extents count=3670016 offset=85843509248 req_one=1
nbdkit: debug: VDDK call: VixDiskLib_QueryAllocatedBlocks (handle, 167663104 sectors, 7168 sectors, 128 sectors)
nbdkit: debug: VixDiskLib: VixDiskLib_QueryAllocatedBlocks: Query allocated blocks.
nbdkit: debug: VDDK call: VixDiskLib_FreeBlockList (block_list)
nbdkit: vddk.13: debug: vddk: extents count=1572864 offset=806280495104 req_one=1
nbdkit: debug: VDDK call: VixDiskLib_QueryAllocatedBlocks (handle, 1574766592 sectors, 3072 sectors, 128 sectors)
nbdkit: debug: VixDiskLib: VixDiskLib_QueryAllocatedBlocks: Query allocated blocks.
nbdkit: debug: VDDK call: VixDiskLib_FreeBlockList (block_list)
nbdkit: vddk.4: debug: vddk: extents count=1048576 offset=162136064000 req_one=1
nbdkit: debug: VDDK call: VixDiskLib_QueryAllocatedBlocks (handle, 316672000 sectors, 2048 sectors, 128 sectors)
nbdkit: debug: VixDiskLib: VixDiskLib_QueryAllocatedBlocks: Query allocated blocks.
nbdkit: debug: VDDK call: VixDiskLib_FreeBlockList (block_list)
nbdkit: vddk.14: debug: vddk: extents count=1310720 offset=89555468288 req_one=1
nbdkit: debug: VDDK call: VixDiskLib_QueryAllocatedBlocks (handle, 174913024 sectors, 2560 sectors, 128 sectors)
nbdkit: debug: VixDiskLib: VixDiskLib_QueryAllocatedBlocks: Query allocated blocks.
nbdkit: debug: VDDK call: VixDiskLib_FreeBlockList (block_list)
nbdkit: vddk.6: debug: vddk: extents count=1310720 offset=890127515648 req_one=1
nbdkit: debug: VDDK call: VixDiskLib_QueryAllocatedBlocks (handle, 1738530304 sectors, 2560 sectors, 128 sectors)
nbdkit: debug: VixDiskLib: VixDiskLib_QueryAllocatedBlocks: Query allocated blocks.
nbdkit: debug: VDDK call: VixDiskLib_FreeBlockList (block_list)
nbdkit: vddk.15: debug: vddk: extents count=1048576 offset=1695132155904 req_one=1
nbdkit: debug: VDDK call: VixDiskLib_QueryAllocatedBlocks (handle, 3310804992 sectors, 2048 sectors, 128 sectors)
nbdkit: debug: VixDiskLib: VixDiskLib_QueryAllocatedBlocks: Query allocated blocks.
nbdkit: debug: VDDK call: VixDiskLib_FreeBlockList (block_list)
nbdkit: vddk.11: debug: vddk: extents count=2359296 offset=90088407040 req_one=1
nbdkit: debug: VDDK call: VixDiskLib_QueryAllocatedBlocks (handle, 175953920 sectors, 4608 sectors, 128 sectors)
nbdkit: debug: VixDiskLib: VixDiskLib_QueryAllocatedBlocks: Query allocated blocks.
nbdkit: debug: VDDK call: VixDiskLib_FreeBlockList (block_list)
nbdkit: vddk.8: debug: vddk: extents count=1310720 offset=1695128485888 req_one=1
nbdkit: debug: VDDK call: VixDiskLib_QueryAllocatedBlocks (handle, 3310797824 sectors, 2560 sectors, 128 sectors)
nbdkit: debug: VixDiskLib: VixDiskLib_QueryAllocatedBlocks: Query allocated blocks.
nbdkit: debug: VDDK call: VixDiskLib_FreeBlockList (block_list)
nbdkit: vddk.10: debug: vddk: extents count=1572864 offset=1695116951552 req_one=1
nbdkit: debug: VDDK call: VixDiskLib_QueryAllocatedBlocks (handle, 3310775296 sectors, 3072 sectors, 128 sectors)
nbdkit: debug: VixDiskLib: VixDiskLib_QueryAllocatedBlocks: Query allocated blocks.
nbdkit: debug: VDDK call: VixDiskLib_FreeBlockList (block_list)
nbdkit: vddk.12: debug: vddk: extents count=2359296 offset=885286502400 req_one=1
nbdkit: debug: VDDK call: VixDiskLib_QueryAllocatedBlocks (handle, 1729075200 sectors, 4608 sectors, 128 sectors)
nbdkit: debug: VixDiskLib: VixDiskLib_QueryAllocatedBlocks: Query allocated blocks.
nbdkit: debug: VDDK call: VixDiskLib_FreeBlockList (block_list)
nbdkit: vddk.2: debug: vddk: extents count=3145728 offset=1604070670336 req_one=1
nbdkit: debug: VDDK call: VixDiskLib_QueryAllocatedBlocks (handle, 3132950528 sectors, 6144 sectors, 128 sectors)
nbdkit: debug: VixDiskLib: VixDiskLib_QueryAllocatedBlocks: Query allocated blocks.
nbdkit: debug: VDDK call: VixDiskLib_FreeBlockList (block_list)
nbdkit: vddk.0: debug: vddk: extents count=1572864 offset=1695136350208 req_one=1
nbdkit: debug: VDDK call: VixDiskLib_QueryAllocatedBlocks (handle, 3310813184 sectors, 3072 sectors, 128 sectors)
nbdkit: debug: VixDiskLib: VixDiskLib_QueryAllocatedBlocks: Query allocated blocks.
nbdkit: debug: VDDK call: VixDiskLib_FreeBlockList (block_list)
nbdkit: vddk.1: debug: vddk: extents count=1048576 offset=130903179264 req_one=1
nbdkit: debug: VDDK call: VixDiskLib_QueryAllocatedBlocks (handle, 255670272 sectors, 2048 sectors, 128 sectors)
nbdkit: debug: VixDiskLib: VixDiskLib_QueryAllocatedBlocks: Query allocated blocks.
nbdkit: debug: VDDK call: VixDiskLib_FreeBlockList (block_list)
nbdkit: vddk.3: debug: vddk: extents count=4194304 offset=643209101312 req_one=1
nbdkit: debug: VDDK call: VixDiskLib_QueryAllocatedBlocks (handle, 1256267776 sectors, 8192 sectors, 128 sectors)
nbdkit: debug: VixDiskLib: VixDiskLib_QueryAllocatedBlocks: Query allocated blocks.
nbdkit: debug: VDDK call: VixDiskLib_FreeBlockList (block_list)
nbdkit: vddk.5: debug: vddk: pread count=262144 offset=67776544768
nbdkit: debug: VDDK call: VixDiskLib_ReadAsync (handle, 132376064 sectors, 512 sectors, buffer, callback, 23)
nbdkit: debug: command 23 completed
nbdkit: vddk.9: debug: vddk: pread count=262144 offset=6584532992
nbdkit: debug: VDDK call: VixDiskLib_ReadAsync (handle, 12860416 sectors, 512 sectors, buffer, callback, 24)
nbdkit: debug: command 24 completed
nbdkit: vddk.7: debug: vddk: pread count=524288 offset=5369757696
nbdkit: debug: VDDK call: VixDiskLib_ReadAsync (handle, 10487808 sectors, 1024 sectors, buffer, callback, 25)
nbdkit: debug: command 25 completed
nbdkit: vddk.13: debug: vddk: pread count=262144 offset=67714154496
nbdkit: debug: VDDK call: VixDiskLib_ReadAsync (handle, 132254208 sectors, 512 sectors, buffer, callback, 26)
nbdkit: debug: command 26 completed
nbdkit: vddk.4: debug: vddk: pread count=786432 offset=5510004736
nbdkit: debug: VDDK call: VixDiskLib_ReadAsync (handle, 10761728 sectors, 1536 sectors, buffer, callback, 27)
nbdkit: debug: command 27 completed
nbdkit: vddk.14: debug: vddk: pread count=262144 offset=5887492096
nbdkit: debug: VDDK call: VixDiskLib_ReadAsync (handle, 11499008 sectors, 512 sectors, buffer, callback, 28)
nbdkit: debug: command 28 completed
nbdkit: vddk.6: debug: vddk: extents count=1572864 offset=1687679926272 req_one=1
nbdkit: debug: VDDK call: VixDiskLib_QueryAllocatedBlocks (handle, 3296249856 sectors, 3072 sectors, 128 sectors)
nbdkit: debug: VixDiskLib: VixDiskLib_QueryAllocatedBlocks: Query allocated blocks.
nbdkit: debug: VDDK call: VixDiskLib_FreeBlockList (block_list)
nbdkit: vddk.15: debug: vddk: pread count=262144 offset=84882751488
nbdkit: debug: VDDK call: VixDiskLib_ReadAsync (handle, 165786624 sectors, 512 sectors, buffer, callback, 30)
nbdkit: debug: command 30 completed
nbdkit: vddk.11: debug: vddk: pread count=262144 offset=71049150464
nbdkit: debug: VDDK call: VixDiskLib_ReadAsync (handle, 138767872 sectors, 512 sectors, buffer, callback, 31)
nbdkit: debug: command 31 completed
nbdkit: vddk.8: debug: vddk: pread count=262144 offset=69794529280
nbdkit: debug: VDDK call: VixDiskLib_ReadAsync (handle, 136317440 sectors, 512 sectors, buffer, callback, 32)
nbdkit: debug: command 32 completed
nbdkit: vddk.10: debug: vddk: pread count=262144 offset=205085736960
nbdkit: debug: VDDK call: VixDiskLib_ReadAsync (handle, 400558080 sectors, 512 sectors, buffer, callback, 33)
nbdkit: debug: command 33 completed
nbdkit: vddk.12: debug: vddk: pread count=262144 offset=213676982272
nbdkit: debug: VDDK call: VixDiskLib_ReadAsync (handle, 417337856 sectors, 512 sectors, buffer, callback, 34)
nbdkit: debug: command 34 completed
nbdkit: vddk.2: debug: vddk: pread count=262144 offset=84916305920
nbdkit: debug: VDDK call: VixDiskLib_ReadAsync (handle, 165852160 sectors, 512 sectors, buffer, callback, 35)
nbdkit: debug: command 35 completed
nbdkit: vddk.0: debug: vddk: pread count=262144 offset=84885110784
nbdkit: debug: VDDK call: VixDiskLib_ReadAsync (handle, 165791232 sectors, 512 sectors, buffer, callback, 36)
nbdkit: debug: command 36 completed
nbdkit: vddk.1: debug: vddk: pread count=262144 offset=84915519488
nbdkit: debug: VDDK call: VixDiskLib_ReadAsync (handle, 165850624 sectors, 512 sectors, buffer, callback, 37)
nbdkit: debug: command 37 completed
nbdkit: vddk.3: debug: vddk: pread count=262144 offset=84874887168
nbdkit: debug: VDDK call: VixDiskLib_ReadAsync (handle, 165771264 sectors, 512 sectors, buffer, callback, 38)
nbdkit: debug: command 38 completed
nbdkit: vddk.5: debug: vddk: pread count=262144 offset=632434982912
nbdkit: debug: VDDK call: VixDiskLib_ReadAsync (handle, 1235224576 sectors, 512 sectors, buffer, callback, 39)
nbdkit: debug: command 39 completed
nbdkit: vddk.9: debug: vddk: pread count=262144 offset=181463416832
nbdkit: debug: VDDK call: VixDiskLib_ReadAsync (handle, 354420736 sectors, 512 sectors, buffer, callback, 40)
nbdkit: debug: command 40 completed
nbdkit: vddk.7: debug: vddk: pread count=524288 offset=643213557760
nbdkit: debug: VDDK call: VixDiskLib_ReadAsync (handle, 1256276480 sectors, 1024 sectors, buffer, callback, 41)
nbdkit: debug: command 41 completed
nbdkit: vddk.13: debug: vddk: pread count=524288 offset=1695109611520
nbdkit: debug: VDDK call: VixDiskLib_ReadAsync (handle, 3310760960 sectors, 1024 sectors, buffer, callback, 42)
nbdkit: debug: command 42 completed
nbdkit: vddk.4: debug: vddk: pread count=262144 offset=1695076843520
nbdkit: debug: VDDK call: VixDiskLib_ReadAsync (handle, 3310696960 sectors, 512 sectors, buffer, callback, 43)
nbdkit: debug: command 43 completed
nbdkit: vddk.14: debug: vddk: pread count=262144 offset=643214344192
nbdkit: debug: VDDK call: VixDiskLib_ReadAsync (handle, 1256278016 sectors, 512 sectors, buffer, callback, 44)
nbdkit: debug: command 44 completed
nbdkit: vddk.6: debug: vddk: pread count=262144 offset=851478315008
nbdkit: debug: VDDK call: VixDiskLib_ReadAsync (handle, 1663043584 sectors, 512 sectors, buffer, callback, 45)
nbdkit: debug: command 45 completed
nbdkit: vddk.15: debug: vddk: pread count=262144 offset=1695063212032
nbdkit: debug: VDDK call: VixDiskLib_ReadAsync (handle, 3310670336 sectors, 512 sectors, buffer, callback, 46)
nbdkit: debug: command 46 completed
nbdkit: vddk.11: debug: vddk: pread count=262144 offset=104312078336
nbdkit: debug: VDDK call: VixDiskLib_ReadAsync (handle, 203734528 sectors, 512 sectors, buffer, callback, 47)
nbdkit: debug: command 47 completed
nbdkit: vddk.8: debug: vddk: pread count=262144 offset=213707128832
nbdkit: debug: VDDK call: VixDiskLib_ReadAsync (handle, 417396736 sectors, 512 sectors, buffer, callback, 48)
nbdkit: debug: command 48 completed
nbdkit: vddk.10: debug: vddk: pread count=262144 offset=1695105417216
nbdkit: debug: VDDK call: VixDiskLib_ReadAsync (handle, 3310752768 sectors, 512 sectors, buffer, callback, 49)
nbdkit: debug: command 49 completed
nbdkit: vddk.12: debug: vddk: pread count=262144 offset=1695110660096
nbdkit: debug: VDDK call: VixDiskLib_ReadAsync (handle, 3310763008 sectors, 512 sectors, buffer, callback, 50)
nbdkit: debug: command 50 completed
nbdkit: vddk.2: debug: vddk: pread count=262144 offset=170769514496
nbdkit: debug: VDDK call: VixDiskLib_ReadAsync (handle, 333534208 sectors, 512 sectors, buffer, callback, 51)
nbdkit: debug: command 51 completed
nbdkit: vddk.0: debug: vddk: pread count=524288 offset=162272378880
nbdkit: debug: VDDK call: VixDiskLib_ReadAsync (handle, 316938240 sectors, 1024 sectors, buffer, callback, 52)
nbdkit: debug: command 52 completed
nbdkit: vddk.1: debug: vddk: pread count=262144 offset=1695111708672
nbdkit: debug: VDDK call: VixDiskLib_ReadAsync (handle, 3310765056 sectors, 512 sectors, buffer, callback, 53)
nbdkit: debug: command 53 completed
nbdkit: vddk.3: debug: vddk: pread count=262144 offset=162170929152
nbdkit: debug: VDDK call: VixDiskLib_ReadAsync (handle, 316740096 sectors, 512 sectors, buffer, callback, 54)
nbdkit: debug: command 54 completed
nbdkit: vddk.5: debug: vddk: pread count=524288 offset=1695100436480
nbdkit: debug: VDDK call: VixDiskLib_ReadAsync (handle, 3310743040 sectors, 1024 sectors, buffer, callback, 55)
nbdkit: debug: command 55 completed
nbdkit: vddk.9: debug: vddk: pread count=524288 offset=1695113543680
nbdkit: debug: VDDK call: VixDiskLib_ReadAsync (handle, 3310768640 sectors, 1024 sectors, buffer, callback, 56)
nbdkit: debug: command 56 completed
nbdkit: vddk.7: debug: vddk: pread count=262144 offset=1695102533632
nbdkit: debug: VDDK call: VixDiskLib_ReadAsync (handle, 3310747136 sectors, 512 sectors, buffer, callback, 57)
nbdkit: debug: command 57 completed
nbdkit: vddk.13: debug: vddk: pread count=262144 offset=1695095455744
nbdkit: debug: VDDK call: VixDiskLib_ReadAsync (handle, 3310733312 sectors, 512 sectors, buffer, callback, 58)
nbdkit: debug: command 58 completed
nbdkit: vddk.4: debug: vddk: pread count=262144 offset=213726527488
nbdkit: debug: VDDK call: VixDiskLib_ReadAsync (handle, 417434624 sectors, 512 sectors, buffer, callback, 59)
nbdkit: debug: command 59 completed
nbdkit: vddk.14: debug: vddk: pread count=786432 offset=1695114854400
nbdkit: debug: VDDK call: VixDiskLib_ReadAsync (handle, 3310771200 sectors, 1536 sectors, buffer, callback, 60)
nbdkit: debug: command 60 completed
nbdkit: vddk.6: debug: vddk: pread count=524288 offset=1695098077184
nbdkit: debug: VDDK call: VixDiskLib_ReadAsync (handle, 3310738432 sectors, 1024 sectors, buffer, callback, 61)
nbdkit: debug: command 61 completed
nbdkit: vddk.15: debug: vddk: pread count=262144 offset=1695116427264
nbdkit: debug: VDDK call: VixDiskLib_ReadAsync (handle, 3310774272 sectors, 512 sectors, buffer, callback, 62)
nbdkit: debug: command 62 completed
nbdkit: vddk.11: debug: vddk: pread count=262144 offset=1695084183552
nbdkit: debug: VDDK call: VixDiskLib_ReadAsync (handle, 3310711296 sectors, 512 sectors, buffer, callback, 63)
nbdkit: debug: command 63 completed
nbdkit: vddk.8: debug: vddk: pread count=262144 offset=1695086018560
nbdkit: debug: VDDK call: VixDiskLib_ReadAsync (handle, 3310714880 sectors, 512 sectors, buffer, callback, 64)
nbdkit: debug: command 64 completed
nbdkit: vddk.10: debug: vddk: pread count=524288 offset=162138161152
nbdkit: debug: VDDK call: VixDiskLib_ReadAsync (handle, 316676096 sectors, 1024 sectors, buffer, callback, 65)
nbdkit: debug: command 65 completed
nbdkit: vddk.12: debug: vddk: pread count=262144 offset=1695074746368
nbdkit: debug: VDDK call: VixDiskLib_ReadAsync (handle, 3310692864 sectors, 512 sectors, buffer, callback, 66)
nbdkit: debug: command 66 completed
nbdkit: vddk.2: debug: vddk: pread count=262144 offset=869129781248
nbdkit: debug: VDDK call: VixDiskLib_ReadAsync (handle, 1697519104 sectors, 512 sectors, buffer, callback, 67)
nbdkit: debug: command 67 completed
nbdkit: vddk.0: debug: vddk: pread count=262144 offset=89745260544
nbdkit: debug: VDDK call: VixDiskLib_ReadAsync (handle, 175283712 sectors, 512 sectors, buffer, callback, 68)
nbdkit: debug: command 68 completed
nbdkit: vddk.1: debug: vddk: pread count=262144 offset=211576422400
nbdkit: debug: VDDK call: VixDiskLib_ReadAsync (handle, 413235200 sectors, 512 sectors, buffer, callback, 69)
nbdkit: debug: command 69 completed
nbdkit: vddk.3: debug: vddk: pread count=262144 offset=92292513792
nbdkit: debug: VDDK call: VixDiskLib_ReadAsync (handle, 180258816 sectors, 512 sectors, buffer, callback, 70)
nbdkit: debug: command 70 completed
nbdkit: vddk.5: debug: vddk: pread count=262144 offset=182466379776
nbdkit: debug: VDDK call: VixDiskLib_ReadAsync (handle, 356379648 sectors, 512 sectors, buffer, callback, 71)
nbdkit: debug: command 71 completed
nbdkit: vddk.9: debug: vddk: pread count=262144 offset=89575653376
nbdkit: debug: VDDK call: VixDiskLib_ReadAsync (handle, 174952448 sectors, 512 sectors, buffer, callback, 72)
nbdkit: debug: command 72 completed
nbdkit: vddk.7: debug: vddk: pread count=262144 offset=1695103320064
nbdkit: debug: VDDK call: VixDiskLib_ReadAsync (handle, 3310748672 sectors, 512 sectors, buffer, callback, 73)
nbdkit: debug: command 73 completed
nbdkit: vddk.13: debug: vddk: pread count=262144 offset=1695088115712
nbdkit: debug: VDDK call: VixDiskLib_ReadAsync (handle, 3310718976 sectors, 512 sectors, buffer, callback, 74)
nbdkit: debug: command 74 completed
nbdkit: vddk.4: debug: vddk: pread count=262144 offset=1604037378048
nbdkit: debug: VDDK call: VixDiskLib_ReadAsync (handle, 3132885504 sectors, 512 sectors, buffer, callback, 75)
nbdkit: debug: command 75 completed
