nbdkit: debug: nbdkit 1.42.3 (nbdkit-1.42.3-1.fc42)
nbdkit: debug: TLS disabled: could not load TLS certificates
nbdkit: debug: service mode: unix socket
nbdkit: debug: NBD URI: nbd+unix://?socket=/tmp/nbdkit-4199384467/nbdkit.sock
nbdkit: debug: registering plugin /usr/lib64/nbdkit/plugins/nbdkit-vddk-plugin.so
nbdkit: debug: registered plugin /usr/lib64/nbdkit/plugins/nbdkit-vddk-plugin.so (name vddk)
nbdkit: debug: vddk: load
nbdkit: warning: debug flag -D  nbdkit.backend.datapath was not used
nbdkit: warning: debug flag -D  vddk.datapath was not used
nbdkit: debug: vddk: config key=libdir, value=/home/fedora/vmware-vix-disklib-distrib
nbdkit: debug: vddk: config key=server, value=ALM-VC-01.alm.mentorg.com
nbdkit: debug: vddk: config key=user, value=mgc\\svc_vcenter
nbdkit: debug: vddk: config key=password, value=}[RecUFF::J6}[FsXRayE\\z=9
nbdkit: debug: vddk: config key=thumbprint, value=ee:da:39:bb:b1:83:79:aa:f3:b1:7c:7b:2d:51:45:a4:93:ec:b6:a6
nbdkit: debug: vddk: config key=compression, value=fastlz
nbdkit: debug: vddk: config key=config, value=/home/fedora/vddk.conf
nbdkit: debug: vddk: config key=transports, value=file:nbdssl:nbd
nbdkit: debug: vddk: config key=vm, value=moref=vm-12829
nbdkit: debug: vddk: config key=snapshot, value=snapshot-19593
nbdkit: debug: vddk: config key=file, value=[svr-alm-tin-03_nb] bd.alm.mentorg.com/bd.alm.mentorg.com_2-000009.vmdk
nbdkit: debug: vddk: config_complete
nbdkit: debug: using thread model: parallel
nbdkit: debug: vddk: get_ready
nbdkit: debug: original command line occupies 596 bytes
nbdkit: debug: adding reexeced_=
nbdkit: debug: re-executing with updated LD_LIBRARY_PATH=/home/fedora/vmware-vix-disklib-distrib/lib64
nbdkit: debug: nbdkit 1.42.3 (nbdkit-1.42.3-1.fc42)
nbdkit: debug: TLS disabled: could not load TLS certificates
nbdkit: debug: service mode: unix socket
nbdkit: debug: NBD URI: nbd+unix://?socket=/tmp/nbdkit-4199384467/nbdkit.sock
nbdkit: debug: registering plugin /usr/lib64/nbdkit/plugins/nbdkit-vddk-plugin.so
nbdkit: debug: registered plugin /usr/lib64/nbdkit/plugins/nbdkit-vddk-plugin.so (name vddk)
nbdkit: debug: vddk: load
nbdkit: warning: debug flag -D  nbdkit.backend.datapath was not used
nbdkit: warning: debug flag -D  vddk.datapath was not used
nbdkit: debug: vddk: config key=libdir, value=/home/fedora/vmware-vix-disklib-distrib
nbdkit: debug: vddk: config key=server, value=ALM-VC-01.alm.mentorg.com
nbdkit: debug: vddk: config key=user, value=mgc\\svc_vcenter
nbdkit: debug: vddk: config key=thumbprint, value=ee:da:39:bb:b1:83:79:aa:f3:b1:7c:7b:2d:51:45:a4:93:ec:b6:a6
nbdkit: debug: vddk: config key=compression, value=fastlz
nbdkit: debug: vddk: config key=config, value=/home/fedora/vddk.conf
nbdkit: debug: vddk: config key=transports, value=file:nbdssl:nbd
nbdkit: debug: vddk: config key=vm, value=moref=vm-12829
nbdkit: debug: vddk: config key=snapshot, value=snapshot-19593
nbdkit: debug: vddk: config key=file, value=[svr-alm-tin-03_nb] bd.alm.mentorg.com/bd.alm.mentorg.com_2-000009.vmdk
nbdkit: debug: vddk: config key=password, value=-3
nbdkit: debug: vddk: config key=reexeced_, value=
nbdkit: debug: vddk: config_complete
nbdkit: debug: cleaning up after re-exec
nbdkit: debug: using thread model: parallel
nbdkit: debug: vddk: get_ready
nbdkit: debug: bound to unix socket /tmp/nbdkit-4199384467/nbdkit.sock
nbdkit: debug: written pidfile /tmp/nbdkit-4199384467/nbdkit.pid
nbdkit: debug: vddk: after_fork
nbdkit: debug: VDDK call: VixDiskLib_InitEx (6, 5, &debug_fn, &error_fn, &error_fn, /home/fedora/vmware-vix-disklib-distrib, /home/fedora/vddk.conf)
nbdkit: debug: OBJLIB-LIB: Objlib initialized.
nbdkit: debug: VixDiskLib: Attempting to locate advanced transport module in "/home/fedora/vmware-vix-disklib-distrib".
nbdkit: debug: VixDiskLib: Advanced transport plugin /home/fedora/vmware-vix-disklib-distrib/lib64/libdiskLibPlugin.so was successfully loaded into vixDiskLib.
nbdkit: debug: VixDiskLib: Enabling advanced transport modes.
nbdkit: debug: DictionaryLoad: Cannot open file "/etc/vmware/config": No such file or directory.
nbdkit: debug: [msg.dictionary.load.openFailed] Cannot open file "/etc/vmware/config": No such file or directory.
nbdkit: debug: PREF Optional preferences file not found at /etc/vmware/config. Using default values.
nbdkit: debug: DictionaryLoad: Cannot open file "/usr/lib/vmware/settings": No such file or directory.
nbdkit: debug: [msg.dictionary.load.openFailed] Cannot open file "/usr/lib/vmware/settings": No such file or directory.
nbdkit: debug: PREF Optional preferences file not found at /usr/lib/vmware/settings. Using default values.
nbdkit: debug: DictionaryLoad: Cannot open file "/usr/lib/vmware/config": No such file or directory.
nbdkit: debug: [msg.dictionary.load.openFailed] Cannot open file "/usr/lib/vmware/config": No such file or directory.
nbdkit: debug: PREF Optional preferences file not found at /usr/lib/vmware/config. Using default values.
nbdkit: debug: DictionaryLoad: Cannot open file "/root/.vmware/config": No such file or directory.
nbdkit: debug: [msg.dictionary.load.openFailed] Cannot open file "/root/.vmware/config": No such file or directory.
nbdkit: debug: PREF Optional preferences file not found at /root/.vmware/config. Using default values.
nbdkit: debug: DictionaryLoad: Cannot open file "/root/.vmware/preferences": No such file or directory.
nbdkit: debug: [msg.dictionary.load.openFailed] Cannot open file "/root/.vmware/preferences": No such file or directory.
nbdkit: debug: PREF Optional preferences file not found at /root/.vmware/preferences. Using default values.
nbdkit: debug: lib/ssl: OpenSSL using default provider
nbdkit: debug: lib/ssl: Client usage
nbdkit: debug: lib/ssl: protocol list tls1.2
nbdkit: debug: lib/ssl: protocol min 0x303 max 0x303
nbdkit: debug: lib/ssl: protocol list tls1.2 (openssl flags 0x36000000)
nbdkit: debug: lib/ssl: cipher list ECDHE+AESGCM:RSA+AESGCM:ECDHE+AES:RSA+AES
nbdkit: debug: lib/ssl: cipher suites TLS_AES_128_GCM_SHA256:TLS_AES_256_GCM_SHA384
nbdkit: debug: lib/ssl: curves list prime256v1:secp384r1:secp521r1
nbdkit: debug: lib/ssl: Server usage
nbdkit: debug: lib/ssl: protocol list tls1.2
nbdkit: debug: lib/ssl: protocol min 0x303 max 0x303
nbdkit: debug: lib/ssl: protocol list tls1.2 (openssl flags 0x36000000)
nbdkit: debug: lib/ssl: cipher list ECDHE+AESGCM:RSA+AESGCM:ECDHE+AES:RSA+AES
nbdkit: debug: lib/ssl: cipher suites TLS_AES_128_GCM_SHA256:TLS_AES_256_GCM_SHA384
nbdkit: debug: lib/ssl: curves list prime256v1:secp384r1:secp521r1
nbdkit: debug: 2025-06-19T15:09:53.927Z info -[00054] [Originator@6876 sub=ThreadPool] Spawning additional worker - allocated: 5, idle: 0
nbdkit: debug: 2025-06-19T15:09:53.927Z trivia -[00071] [Originator@6876 sub=ThreadPool] Thread enlisted
nbdkit: debug: 2025-06-19T15:09:53.927Z info -[00071] [Originator@6876 sub=ThreadPool] Entering worker thread loop
