nbdkit: debug: nbdkit 1.42.3 (nbdkit-1.42.3-1.fc42)
nbdkit: debug: TLS disabled: could not load TLS certificates
nbdkit: debug: service mode: unix socket
nbdkit: debug: NBD URI: nbd+unix://?socket=/tmp/nbdkit-5371759/nbdkit.sock
nbdkit: debug: registering plugin /usr/lib64/nbdkit/plugins/nbdkit-vddk-plugin.so
nbdkit: debug: registered plugin /usr/lib64/nbdkit/plugins/nbdkit-vddk-plugin.so (name vddk)
nbdkit: debug: vddk: load
nbdkit: warning: debug flag -D  nbdkit.backend.datapath was not used
nbdkit: warning: debug flag -D  vddk.datapath was not used
nbdkit: debug: vddk: config key=libdir, value=/home/fedora/vmware-vix-disklib-distrib
nbdkit: debug: vddk: config key=server, value=ALM-VC-01.alm.mentorg.com
nbdkit: debug: vddk: config key=user, value=mgc\\svc_vcenter
nbdkit: debug: vddk: config key=password, value=}[RecUFF::J6}[FsXRayE\\z=9
nbdkit: debug: vddk: config key=thumbprint, value=ee:da:39:bb:b1:83:79:aa:f3:b1:7c:7b:2d:51:45:a4:93:ec:b6:a6
nbdkit: debug: vddk: config key=compression, value=fastlz
nbdkit: debug: vddk: config key=config, value=/home/fedora/vddk.conf
nbdkit: debug: vddk: config key=transports, value=file:nbdssl:nbd
nbdkit: debug: vddk: config key=vm, value=moref=vm-11007
nbdkit: debug: vddk: config key=snapshot, value=snapshot-19611
nbdkit: debug: vddk: config key=file, value=[sas_n1_vmnfs1] alm-smartm.alm.mentorg.com/alm-smartm.alm.mentorg.com.vmdk
nbdkit: debug: vddk: config_complete
nbdkit: debug: using thread model: parallel
nbdkit: debug: vddk: get_ready
nbdkit: debug: original command line occupies 593 bytes
nbdkit: debug: adding reexeced_=
nbdkit: debug: re-executing with updated LD_LIBRARY_PATH=/home/fedora/vmware-vix-disklib-distrib/lib64
nbdkit: debug: nbdkit 1.42.3 (nbdkit-1.42.3-1.fc42)
nbdkit: debug: TLS disabled: could not load TLS certificates
nbdkit: debug: service mode: unix socket
nbdkit: debug: NBD URI: nbd+unix://?socket=/tmp/nbdkit-5371759/nbdkit.sock
nbdkit: debug: registering plugin /usr/lib64/nbdkit/plugins/nbdkit-vddk-plugin.so
nbdkit: debug: registered plugin /usr/lib64/nbdkit/plugins/nbdkit-vddk-plugin.so (name vddk)
nbdkit: debug: vddk: load
nbdkit: warning: debug flag -D  nbdkit.backend.datapath was not used
nbdkit: warning: debug flag -D  vddk.datapath was not used
nbdkit: debug: vddk: config key=libdir, value=/home/fedora/vmware-vix-disklib-distrib
nbdkit: debug: vddk: config key=server, value=ALM-VC-01.alm.mentorg.com
nbdkit: debug: vddk: config key=user, value=mgc\\svc_vcenter
nbdkit: debug: vddk: config key=thumbprint, value=ee:da:39:bb:b1:83:79:aa:f3:b1:7c:7b:2d:51:45:a4:93:ec:b6:a6
nbdkit: debug: vddk: config key=compression, value=fastlz
nbdkit: debug: vddk: config key=config, value=/home/fedora/vddk.conf
nbdkit: debug: vddk: config key=transports, value=file:nbdssl:nbd
nbdkit: debug: vddk: config key=vm, value=moref=vm-11007
nbdkit: debug: vddk: config key=snapshot, value=snapshot-19611
nbdkit: debug: vddk: config key=file, value=[sas_n1_vmnfs1] alm-smartm.alm.mentorg.com/alm-smartm.alm.mentorg.com.vmdk
nbdkit: debug: vddk: config key=password, value=-3
nbdkit: debug: vddk: config key=reexeced_, value=
nbdkit: debug: vddk: config_complete
nbdkit: debug: cleaning up after re-exec
nbdkit: debug: using thread model: parallel
nbdkit: debug: vddk: get_ready
nbdkit: debug: bound to unix socket /tmp/nbdkit-5371759/nbdkit.sock
nbdkit: debug: written pidfile /tmp/nbdkit-5371759/nbdkit.pid
nbdkit: debug: vddk: after_fork
nbdkit: debug: VDDK call: VixDiskLib_InitEx (6, 5, &debug_fn, &error_fn, &error_fn, /home/fedora/vmware-vix-disklib-distrib, /home/fedora/vddk.conf)
nbdkit: debug: OBJLIB-LIB: Objlib initialized.
nbdkit: debug: VixDiskLib: Attempting to locate advanced transport module in "/home/fedora/vmware-vix-disklib-distrib".
nbdkit: debug: VixDiskLib: Advanced transport plugin /home/fedora/vmware-vix-disklib-distrib/lib64/libdiskLibPlugin.so was successfully loaded into vixDiskLib.
nbdkit: debug: VixDiskLib: Enabling advanced transport modes.
nbdkit: debug: DictionaryLoad: Cannot open file "/etc/vmware/config": No such file or directory.
nbdkit: debug: 2025-06-20T04:56:29.587Z info -[01092] [Originator@6876 sub=ThreadPool] Entering IO thread loop
nbdkit: debug: [msg.dictionary.load.openFailed] Cannot open file "/etc/vmware/config": No such file or directory.
nbdkit: debug: PREF Optional preferences file not found at /etc/vmware/config. Using default values.
nbdkit: debug: DictionaryLoad: Cannot open file "/usr/lib/vmware/settings": No such file or directory.
nbdkit: debug: [msg.dictionary.load.openFailed] Cannot open file "/usr/lib/vmware/settings": No such file or directory.
nbdkit: debug: PREF Optional preferences file not found at /usr/lib/vmware/settings. Using default values.
nbdkit: debug: DictionaryLoad: Cannot open file "/usr/lib/vmware/config": No such file or directory.
nbdkit: debug: [msg.dictionary.load.openFailed] Cannot open file "/usr/lib/vmware/config": No such file or directory.
nbdkit: debug: PREF Optional preferences file not found at /usr/lib/vmware/config. Using default values.
nbdkit: debug: DictionaryLoad: Cannot open file "/root/.vmware/config": No such file or directory.
nbdkit: debug: [msg.dictionary.load.openFailed] Cannot open file "/root/.vmware/config": No such file or directory.
nbdkit: debug: PREF Optional preferences file not found at /root/.vmware/config. Using default values.
nbdkit: debug: DictionaryLoad: Cannot open file "/root/.vmware/preferences": No such file or directory.
nbdkit: debug: 2025-06-20T04:56:29.587Z trivia -[01093] [Originator@6876 sub=ThreadPool] Thread enlisted
nbdkit: debug: [msg.dictionary.load.openFailed] Cannot open file "/root/.vmware/preferences": No such file or directory.
nbdkit: debug: PREF Optional preferences file not found at /root/.vmware/preferences. Using default values.
nbdkit: debug: 2025-06-20T04:56:29.588Z info -[01093] [Originator@6876 sub=ThreadPool] Entering fair thread loop
nbdkit: debug: lib/ssl: OpenSSL using default provider
nbdkit: debug: lib/ssl: Client usage
nbdkit: debug: lib/ssl: protocol list tls1.2
nbdkit: debug: lib/ssl: protocol min 0x303 max 0x303
nbdkit: debug: lib/ssl: protocol list tls1.2 (openssl flags 0x36000000)
nbdkit: debug: lib/ssl: cipher list ECDHE+AESGCM:RSA+AESGCM:ECDHE+AES:RSA+AES
nbdkit: debug: lib/ssl: cipher suites TLS_AES_128_GCM_SHA256:TLS_AES_256_GCM_SHA384
nbdkit: debug: lib/ssl: curves list prime256v1:secp384r1:secp521r1
nbdkit: debug: lib/ssl: Server usage
nbdkit: debug: lib/ssl: protocol list tls1.2
nbdkit: debug: lib/ssl: protocol min 0x303 max 0x303
nbdkit: debug: lib/ssl: protocol list tls1.2 (openssl flags 0x36000000)
nbdkit: debug: lib/ssl: cipher list ECDHE+AESGCM:RSA+AESGCM:ECDHE+AES:RSA+AES
nbdkit: debug: lib/ssl: cipher suites TLS_AES_128_GCM_SHA256:TLS_AES_256_GCM_SHA384
nbdkit: debug: lib/ssl: curves list prime256v1:secp384r1:secp521r1
nbdkit: debug: VixDiskLib: Initialize transport modes.
nbdkit: debug: 2025-06-20T04:56:29.717Z info -[01086] [Originator@6876 sub=Libs] [NFC VERBOSE]NFC connection accept timeout: 180000 milliseconds
nbdkit: debug: 2025-06-20T04:56:29.717Z info -[01086] [Originator@6876 sub=Libs] [NFC VERBOSE]NFC request timeout: 180000 milliseconds
nbdkit: debug: 2025-06-20T04:56:29.717Z info -[01086] [Originator@6876 sub=Libs] [NFC VERBOSE]NFC read timeout: 60000 milliseconds
nbdkit: debug: 2025-06-20T04:56:29.717Z info -[01086] [Originator@6876 sub=Libs] [NFC VERBOSE]NFC write timeout: 600000 milliseconds
nbdkit: debug: 2025-06-20T04:56:29.717Z info -[01086] [Originator@6876 sub=Libs] [NFC VERBOSE]NFC fssrvr request timeout: 0 milliseconds
nbdkit: debug: 2025-06-20T04:56:29.717Z info -[01086] [Originator@6876 sub=Libs] [NFC VERBOSE]NFC fssrvr write timeout: 0 milliseconds
nbdkit: debug: 2025-06-20T04:56:29.717Z info -[01086] [Originator@6876 sub=Libs] [NFC VERBOSE]NFC max recv retries: 1
nbdkit: debug: 2025-06-20T04:56:29.717Z info -[01086] [Originator@6876 sub=Libs] DictionaryLoad: Cannot open file "/etc/vmware/config": No such file or directory.
nbdkit: debug: 2025-06-20T04:56:29.717Z info -[01086] [Originator@6876 sub=Libs] [msg.dictionary.load.openFailed] Cannot open file "/etc/vmware/config": No such file or directory.
nbdkit: debug: 2025-06-20T04:56:29.717Z info -[01086] [Originator@6876 sub=Libs] PREF Optional preferences file not found at /etc/vmware/config. Using default values.
nbdkit: debug: 2025-06-20T04:56:29.717Z info -[01086] [Originator@6876 sub=Libs] DictionaryLoad: Cannot open file "/usr/lib/vmware/settings": No such file or directory.
nbdkit: debug: 2025-06-20T04:56:29.717Z info -[01086] [Originator@6876 sub=Libs] [msg.dictionary.load.openFailed] Cannot open file "/usr/lib/vmware/settings": No such file or directory.
nbdkit: debug: 2025-06-20T04:56:29.717Z info -[01086] [Originator@6876 sub=Libs] PREF Optional preferences file not found at /usr/lib/vmware/settings. Using default values.
nbdkit: debug: 2025-06-20T04:56:29.717Z info -[01086] [Originator@6876 sub=Libs] DictionaryLoad: Cannot open file "/usr/lib/vmware/config": No such file or directory.
nbdkit: debug: 2025-06-20T04:56:29.717Z info -[01086] [Originator@6876 sub=Libs] [msg.dictionary.load.openFailed] Cannot open file "/usr/lib/vmware/config": No such file or directory.
nbdkit: debug: 2025-06-20T04:56:29.717Z info -[01086] [Originator@6876 sub=Libs] PREF Optional preferences file not found at /usr/lib/vmware/config. Using default values.
nbdkit: debug: 2025-06-20T04:56:29.717Z info -[01086] [Originator@6876 sub=Libs] DictionaryLoad: Cannot open file "/root/.vmware/config": No such file or directory.
nbdkit: debug: 2025-06-20T04:56:29.717Z info -[01086] [Originator@6876 sub=Libs] [msg.dictionary.load.openFailed] Cannot open file "/root/.vmware/config": No such file or directory.
nbdkit: debug: 2025-06-20T04:56:29.717Z info -[01086] [Originator@6876 sub=Libs] PREF Optional preferences file not found at /root/.vmware/config. Using default values.
nbdkit: debug: 2025-06-20T04:56:29.717Z info -[01086] [Originator@6876 sub=Libs] DictionaryLoad: Cannot open file "/root/.vmware/preferences": No such file or directory.
nbdkit: debug: 2025-06-20T04:56:29.717Z info -[01086] [Originator@6876 sub=Libs] [msg.dictionary.load.openFailed] Cannot open file "/root/.vmware/preferences": No such file or directory.
nbdkit: debug: 2025-06-20T04:56:29.717Z info -[01086] [Originator@6876 sub=Libs] PREF Optional preferences file not found at /root/.vmware/preferences. Using default values.
nbdkit: debug: 2025-06-20T04:56:29.717Z info -[01086] [Originator@6876 sub=Libs] lib/ssl: OpenSSL using default provider
nbdkit: debug: 2025-06-20T04:56:29.718Z info -[01086] [Originator@6876 sub=Libs] lib/ssl: Client usage
nbdkit: debug: 2025-06-20T04:56:29.718Z info -[01086] [Originator@6876 sub=Libs] lib/ssl: protocol list tls1.2
nbdkit: debug: 2025-06-20T04:56:29.718Z info -[01086] [Originator@6876 sub=Libs] lib/ssl: protocol min 0x303 max 0x303
nbdkit: debug: 2025-06-20T04:56:29.718Z info -[01086] [Originator@6876 sub=Libs] lib/ssl: protocol list tls1.2 (openssl flags 0x36000000)
nbdkit: debug: 2025-06-20T04:56:29.718Z info -[01086] [Originator@6876 sub=Libs] lib/ssl: cipher list ECDHE+AESGCM:RSA+AESGCM:ECDHE+AES:RSA+AES
nbdkit: debug: 2025-06-20T04:56:29.718Z info -[01086] [Originator@6876 sub=Libs] lib/ssl: cipher suites TLS_AES_128_GCM_SHA256:TLS_AES_256_GCM_SHA384
nbdkit: debug: 2025-06-20T04:56:29.718Z info -[01086] [Originator@6876 sub=Libs] lib/ssl: curves list prime256v1:secp384r1:secp521r1
nbdkit: debug: 2025-06-20T04:56:29.718Z info -[01086] [Originator@6876 sub=Libs] lib/ssl: Server usage
nbdkit: debug: 2025-06-20T04:56:29.718Z info -[01086] [Originator@6876 sub=Libs] lib/ssl: protocol list tls1.2
nbdkit: debug: 2025-06-20T04:56:29.718Z info -[01086] [Originator@6876 sub=Libs] lib/ssl: protocol min 0x303 max 0x303
nbdkit: debug: 2025-06-20T04:56:29.718Z info -[01086] [Originator@6876 sub=Libs] lib/ssl: protocol list tls1.2 (openssl flags 0x36000000)
nbdkit: debug: 2025-06-20T04:56:29.718Z info -[01086] [Originator@6876 sub=Libs] lib/ssl: cipher list ECDHE+AESGCM:RSA+AESGCM:ECDHE+AES:RSA+AES
nbdkit: debug: 2025-06-20T04:56:29.718Z info -[01086] [Originator@6876 sub=Libs] lib/ssl: cipher suites TLS_AES_128_GCM_SHA256:TLS_AES_256_GCM_SHA384
nbdkit: debug: 2025-06-20T04:56:29.718Z info -[01086] [Originator@6876 sub=Libs] lib/ssl: curves list prime256v1:secp384r1:secp521r1
nbdkit: debug: 2025-06-20T04:56:29.851Z info -[01086] [Originator@6876 sub=Libs] [NFC INFO]Nfc_Init: Poll not initialized.
nbdkit: debug: VixDiskLib: Available transport modes: file:san:hotadd:nbdssl:nbd.
nbdkit: debug: VMware VixDiskLib (8.0.3) Release build-23950268
nbdkit: debug: VixDiskLib: PhoneHome is disabled.
nbdkit: debug: accepted connection
nbdkit: vddk[1]: debug: vddk: preconnect
nbdkit: vddk[1]: debug: newstyle negotiation: flags: global 0x3
nbdkit: vddk[1]: debug: newstyle negotiation: client flags: 0x3
nbdkit: vddk[1]: debug: replying to NBD_OPT_EXTENDED_HEADERS with NBD_REP_ERR_UNSUP
nbdkit: vddk[1]: debug: newstyle negotiation: NBD_OPT_STRUCTURED_REPLY: client requested structured replies
nbdkit: vddk[1]: debug: replying to NBD_OPT_STRUCTURED_REPLY with NBD_REP_ACK
nbdkit: vddk[1]: debug: newstyle negotiation: NBD_OPT_SET_META_CONTEXT: client requested export ''
nbdkit: vddk[1]: debug: newstyle negotiation: NBD_OPT_SET_META_CONTEXT: set count: 1
nbdkit: vddk[1]: debug: newstyle negotiation: NBD_OPT_SET_META_CONTEXT: set base:allocation
nbdkit: vddk[1]: debug: newstyle negotiation: NBD_OPT_SET_META_CONTEXT: replying with base:allocation id 1
nbdkit: vddk[1]: debug: replying to NBD_OPT_SET_META_CONTEXT with NBD_REP_ACK
nbdkit: vddk[1]: debug: newstyle negotiation: NBD_OPT_SET_META_CONTEXT: reply complete
nbdkit: vddk[1]: debug: newstyle negotiation: NBD_OPT_GO: client requested export ''
nbdkit: vddk[1]: debug: vddk: open readonly=1 exportname="" tls=0
nbdkit: vddk[1]: debug: vddk: default_export readonly=1 tls=0
nbdkit: vddk[1]: debug: VDDK call: VixDiskLib_AllocateConnectParams ()
nbdkit: vddk[1]: debug: VDDK call: VixDiskLib_ConnectEx (h->params, 1, snapshot-19611, file:nbdssl:nbd, &connection)
nbdkit: vddk[1]: debug: VixDiskLib: VixDiskLib_ConnectEx: Establish connection using file:nbdssl:nbd.
nbdkit: vddk[1]: debug: VixDiskLib: VixDiskLibConnectInt: Establish connection.
nbdkit: vddk[1]: debug: VixDiskLib: Resolve host.
nbdkit: vddk[1]: debug: 2025-06-20T04:56:33.480Z warning -[01095] [Originator@6876 sub=transport] Can't find the snapshot snapshot-19611
nbdkit: vddk[1]: debug: 2025-06-20T04:56:33.491Z error -[01095] [Originator@6876 sub=Default] Cannot use advanced transport modes for 134.86.102.119/moref=vm-11007/snapshot-19611: Snapshot with ID=snapshot-19611 can't apply for the object with ID:42273642-a942-3e8b-81e0-8dac066afec2..
nbdkit: vddk[1]: debug: VixDiskLib: VixDiskLib_ConnectEx: Advanced transport modes not available for opening moref=vm-11007. (Cannot use advanced transport modes for 134.86.102.119/moref=vm-11007/snapshot-19611: Snapshot with ID=snapshot-19611 can't apply for the object with ID:42273642-a942-3e8b-81e0-8dac066afec2..)
nbdkit: vddk[1]: debug: VDDK call: VixDiskLib_Open (connection, [sas_n1_vmnfs1] alm-smartm.alm.mentorg.com/alm-smartm.alm.mentorg.com.vmdk, 36, &handle)
nbdkit: vddk[1]: debug: VixDiskLib: VixDiskLib_OpenEx: Open disk '[sas_n1_vmnfs1] alm-smartm.alm.mentorg.com/alm-smartm.alm.mentorg.com.vmdk'.
nbdkit: vddk[1]: debug: 2025-06-20T04:56:35.433Z warning -[01095] [Originator@6876 sub=vimaccess] Can't find the snapshot snapshot-19611
nbdkit: vddk[1]: debug: NBD_ClientOpen: attempting to create connection to FASTLZ-vpxa-nfc://[sas_n1_vmnfs1] alm-smartm.alm.mentorg.com/alm-smartm.alm.mentorg.com.vmdk@esx-47.alm.mentorg.com:902!52 4d 19 1b 83 c3 1d a2-d9 e0 0a cc 90 4c 01 6f
nbdkit: vddk[1]: debug: NfcAioOpenSession: the socket options client snd buffer size 87040,           rcv buffer size 131072.
nbdkit: vddk[1]: debug: NfcAioOpenSession: the socket options server snd buffer size 293058,           rcv buffer size 293058.
nbdkit: vddk[1]: debug: Opening file [sas_n1_vmnfs1] alm-smartm.alm.mentorg.com/alm-smartm.alm.mentorg.com.vmdk (FASTLZ-vpxa-nfc://[sas_n1_vmnfs1] alm-smartm.alm.mentorg.com/alm-smartm.alm.mentorg.com.vmdk@esx-47.alm.mentorg.com:902!52 4d 19 1b 83 c3 1d a2-d9 e0 0a cc 90 4c 01 6f)
nbdkit: vddk[1]: debug: Nbd_ClientSetCallback: Set callback on '[sas_n1_vmnfs1] alm-smartm.alm.mentorg.com/alm-smartm.alm.mentorg.com.vmdk' with type 0.
nbdkit: vddk[1]: debug: VDDK call: VixDiskLib_GetTransportMode (handle)
nbdkit: vddk[1]: debug: VixDiskLib: VixDiskLib_GetTransportMode: Retrieve transport mode.
nbdkit: vddk[1]: debug: transport mode: nbd
nbdkit: vddk[1]: debug: vddk: open returned handle 0x7fdee8001a30
nbdkit: vddk[1]: debug: vddk: prepare readonly=1
nbdkit: vddk[1]: debug: vddk: get_size
nbdkit: debug: VDDK call: VixDiskLib_GetInfo (handle, info)
nbdkit: debug: VixDiskLib: VixDiskLib_GetInfo: Retrieve disk info.
nbdkit: vddk[1]: debug: VDDK call: VixDiskLib_FreeInfo (info)
nbdkit: vddk[1]: debug: VixDiskLib: VixDiskLib_FreeInfo: Clean up VixDiskLib.
nbdkit: vddk[1]: debug: vddk: can_zero
nbdkit: vddk[1]: debug: vddk: can_fast_zero
nbdkit: vddk[1]: debug: vddk: can_trim
nbdkit: vddk[1]: debug: vddk: can_fua
nbdkit: vddk[1]: debug: vddk: can_flush
nbdkit: vddk[1]: debug: vddk: is_rotational
nbdkit: vddk[1]: debug: vddk: can_multi_conn
nbdkit: vddk[1]: debug: vddk: can_cache
nbdkit: vddk[1]: debug: vddk: can_extents
nbdkit: debug: VDDK call: VixDiskLib_QueryAllocatedBlocks (handle, 0, 128 sectors, 128 sectors)
nbdkit: debug: VixDiskLib: VixDiskLib_QueryAllocatedBlocks: Query allocated blocks.
nbdkit: debug: VDDK call: VixDiskLib_FreeBlockList (block_list)
nbdkit: vddk[1]: debug: newstyle negotiation: flags: export 0x87
nbdkit: vddk[1]: debug: vddk: block_size
nbdkit: debug: VDDK call: VixDiskLib_GetInfo (handle, info)
nbdkit: debug: VixDiskLib: VixDiskLib_GetInfo: Retrieve disk info.
nbdkit: vddk[1]: debug: VDDK call: VixDiskLib_FreeInfo (info)
nbdkit: vddk[1]: debug: VixDiskLib: VixDiskLib_FreeInfo: Clean up VixDiskLib.
nbdkit: vddk[1]: debug: replying to NBD_OPT_GO with NBD_REP_ACK
nbdkit: vddk[1]: debug: handshake complete, processing requests with 16 threads
nbdkit: debug: starting worker thread vddk.0
nbdkit: vddk.0: debug: vddk: extents count=2359296 offset=1399770841088 req_one=1
nbdkit: debug: VDDK call: VixDiskLib_QueryAllocatedBlocks (handle, 2733927424 sectors, 4608 sectors, 128 sectors)
nbdkit: debug: starting worker thread vddk.2
nbdkit: debug: VixDiskLib: VixDiskLib_QueryAllocatedBlocks: Query allocated blocks.
nbdkit: debug: starting worker thread vddk.1
nbdkit: debug: starting worker thread vddk.3
nbdkit: debug: starting worker thread vddk.5
nbdkit: debug: starting worker thread vddk.4
nbdkit: debug: starting worker thread vddk.6
nbdkit: debug: starting worker thread vddk.7
nbdkit: debug: starting worker thread vddk.9
nbdkit: debug: starting worker thread vddk.8
nbdkit: debug: starting worker thread vddk.11
nbdkit: debug: starting worker thread vddk.10
nbdkit: debug: starting worker thread vddk.13
nbdkit: debug: starting worker thread vddk.15
nbdkit: debug: starting worker thread vddk.14
nbdkit: debug: starting worker thread vddk.12
nbdkit: debug: VDDK call: VixDiskLib_FreeBlockList (block_list)
nbdkit: vddk.2: debug: vddk: extents count=2621440 offset=5511839744 req_one=1
nbdkit: debug: VDDK call: VixDiskLib_QueryAllocatedBlocks (handle, 10765312 sectors, 5120 sectors, 128 sectors)
nbdkit: debug: VixDiskLib: VixDiskLib_QueryAllocatedBlocks: Query allocated blocks.
nbdkit: debug: VDDK call: VixDiskLib_FreeBlockList (block_list)
nbdkit: vddk.1: debug: vddk: extents count=2883584 offset=85854781440 req_one=1
nbdkit: debug: VDDK call: VixDiskLib_QueryAllocatedBlocks (handle, 167685120 sectors, 5632 sectors, 128 sectors)
nbdkit: debug: VixDiskLib: VixDiskLib_QueryAllocatedBlocks: Query allocated blocks.
nbdkit: debug: VDDK call: VixDiskLib_FreeBlockList (block_list)
nbdkit: vddk.3: debug: vddk: extents count=1048576 offset=870635274240 req_one=1
nbdkit: debug: VDDK call: VixDiskLib_QueryAllocatedBlocks (handle, 1700459520 sectors, 2048 sectors, 128 sectors)
nbdkit: debug: VixDiskLib: VixDiskLib_QueryAllocatedBlocks: Query allocated blocks.
nbdkit: debug: VDDK call: VixDiskLib_FreeBlockList (block_list)
nbdkit: vddk.5: debug: vddk: extents count=4194304 offset=643209101312 req_one=1
nbdkit: debug: VDDK call: VixDiskLib_QueryAllocatedBlocks (handle, 1256267776 sectors, 8192 sectors, 128 sectors)
nbdkit: debug: VixDiskLib: VixDiskLib_QueryAllocatedBlocks: Query allocated blocks.
nbdkit: debug: VDDK call: VixDiskLib_FreeBlockList (block_list)
nbdkit: vddk.4: debug: vddk: extents count=1048576 offset=162136064000 req_one=1
nbdkit: debug: VDDK call: VixDiskLib_QueryAllocatedBlocks (handle, 316672000 sectors, 2048 sectors, 128 sectors)
nbdkit: debug: VixDiskLib: VixDiskLib_QueryAllocatedBlocks: Query allocated blocks.
nbdkit: debug: VDDK call: VixDiskLib_FreeBlockList (block_list)
nbdkit: vddk.6: debug: vddk: extents count=1310720 offset=1687682809856 req_one=1
nbdkit: debug: VDDK call: VixDiskLib_QueryAllocatedBlocks (handle, 3296255488 sectors, 2560 sectors, 128 sectors)
nbdkit: debug: VixDiskLib: VixDiskLib_QueryAllocatedBlocks: Query allocated blocks.
nbdkit: debug: VDDK call: VixDiskLib_FreeBlockList (block_list)
nbdkit: vddk.7: debug: vddk: extents count=1048576 offset=1687684907008 req_one=1
nbdkit: debug: VDDK call: VixDiskLib_QueryAllocatedBlocks (handle, 3296259584 sectors, 2048 sectors, 128 sectors)
nbdkit: debug: VixDiskLib: VixDiskLib_QueryAllocatedBlocks: Query allocated blocks.
nbdkit: debug: VDDK call: VixDiskLib_FreeBlockList (block_list)
nbdkit: vddk.9: debug: vddk: extents count=2621440 offset=1687679926272 req_one=1
nbdkit: debug: VDDK call: VixDiskLib_QueryAllocatedBlocks (handle, 3296249856 sectors, 5120 sectors, 128 sectors)
nbdkit: debug: VixDiskLib: VixDiskLib_QueryAllocatedBlocks: Query allocated blocks.
nbdkit: debug: VDDK call: VixDiskLib_FreeBlockList (block_list)
nbdkit: vddk.8: debug: vddk: extents count=1310720 offset=5510004736 req_one=1
nbdkit: debug: VDDK call: VixDiskLib_QueryAllocatedBlocks (handle, 10761728 sectors, 2560 sectors, 128 sectors)
nbdkit: debug: VixDiskLib: VixDiskLib_QueryAllocatedBlocks: Query allocated blocks.
nbdkit: debug: VDDK call: VixDiskLib_FreeBlockList (block_list)
nbdkit: vddk.11: debug: vddk: extents count=1048576 offset=1695114854400 req_one=1
nbdkit: debug: VDDK call: VixDiskLib_QueryAllocatedBlocks (handle, 3310771200 sectors, 2048 sectors, 128 sectors)
nbdkit: debug: VixDiskLib: VixDiskLib_QueryAllocatedBlocks: Query allocated blocks.
nbdkit: debug: VDDK call: VixDiskLib_FreeBlockList (block_list)
nbdkit: vddk.10: debug: vddk: extents count=1310720 offset=1695128485888 req_one=1
nbdkit: debug: VDDK call: VixDiskLib_QueryAllocatedBlocks (handle, 3310797824 sectors, 2560 sectors, 128 sectors)
nbdkit: debug: VixDiskLib: VixDiskLib_QueryAllocatedBlocks: Query allocated blocks.
nbdkit: debug: VDDK call: VixDiskLib_FreeBlockList (block_list)
nbdkit: vddk.13: debug: vddk: extents count=1572864 offset=1695125864448 req_one=1
nbdkit: debug: VDDK call: VixDiskLib_QueryAllocatedBlocks (handle, 3310792704 sectors, 3072 sectors, 128 sectors)
nbdkit: debug: VixDiskLib: VixDiskLib_QueryAllocatedBlocks: Query allocated blocks.
nbdkit: debug: VDDK call: VixDiskLib_FreeBlockList (block_list)
nbdkit: vddk.15: debug: vddk: extents count=2621440 offset=1695133466624 req_one=1
nbdkit: debug: VDDK call: VixDiskLib_QueryAllocatedBlocks (handle, 3310807552 sectors, 5120 sectors, 128 sectors)
nbdkit: debug: VixDiskLib: VixDiskLib_QueryAllocatedBlocks: Query allocated blocks.
nbdkit: debug: VDDK call: VixDiskLib_FreeBlockList (block_list)
nbdkit: vddk.14: debug: vddk: extents count=1572864 offset=1695136350208 req_one=1
nbdkit: debug: VDDK call: VixDiskLib_QueryAllocatedBlocks (handle, 3310813184 sectors, 3072 sectors, 128 sectors)
nbdkit: debug: VixDiskLib: VixDiskLib_QueryAllocatedBlocks: Query allocated blocks.
nbdkit: debug: VDDK call: VixDiskLib_FreeBlockList (block_list)
nbdkit: vddk.12: debug: vddk: pread count=262144 offset=69794529280
nbdkit: debug: VDDK call: VixDiskLib_ReadAsync (handle, 136317440 sectors, 512 sectors, buffer, callback, 18)
nbdkit: debug: command 18 completed
nbdkit: vddk.0: debug: vddk: pread count=262144 offset=5659688960
nbdkit: debug: VDDK call: VixDiskLib_ReadAsync (handle, 11054080 sectors, 512 sectors, buffer, callback, 19)
nbdkit: debug: command 19 completed
nbdkit: vddk.2: debug: vddk: pread count=262144 offset=67714154496
nbdkit: debug: VDDK call: VixDiskLib_ReadAsync (handle, 132254208 sectors, 512 sectors, buffer, callback, 20)
nbdkit: debug: command 20 completed
nbdkit: vddk.1: debug: vddk: pread count=262144 offset=438986866688
nbdkit: debug: VDDK call: VixDiskLib_ReadAsync (handle, 857396224 sectors, 512 sectors, buffer, callback, 21)
nbdkit: debug: command 21 completed
nbdkit: vddk.3: debug: vddk: pread count=262144 offset=106455367680
nbdkit: debug: VDDK call: VixDiskLib_ReadAsync (handle, 207920640 sectors, 512 sectors, buffer, callback, 22)
nbdkit: debug: command 22 completed
nbdkit: vddk.5: debug: vddk: pread count=262144 offset=155699904512
nbdkit: debug: VDDK call: VixDiskLib_ReadAsync (handle, 304101376 sectors, 512 sectors, buffer, callback, 23)
nbdkit: debug: command 23 completed
nbdkit: vddk.4: debug: vddk: pread count=262144 offset=112743940096
nbdkit: debug: VDDK call: VixDiskLib_ReadAsync (handle, 220203008 sectors, 512 sectors, buffer, callback, 24)
nbdkit: debug: command 24 completed
nbdkit: vddk.6: debug: vddk: pread count=524288 offset=155693613056
nbdkit: debug: VDDK call: VixDiskLib_ReadAsync (handle, 304089088 sectors, 1024 sectors, buffer, callback, 25)
nbdkit: debug: command 25 completed
nbdkit: vddk.7: debug: vddk: pread count=262144 offset=108448972800
nbdkit: debug: VDDK call: VixDiskLib_ReadAsync (handle, 211814400 sectors, 512 sectors, buffer, callback, 26)
nbdkit: debug: command 26 completed
nbdkit: vddk.9: debug: vddk: pread count=262144 offset=106613440512
nbdkit: debug: VDDK call: VixDiskLib_ReadAsync (handle, 208229376 sectors, 512 sectors, buffer, callback, 27)
nbdkit: debug: command 27 completed
nbdkit: vddk.8: debug: vddk: pread count=262144 offset=155694661632
nbdkit: debug: VDDK call: VixDiskLib_ReadAsync (handle, 304091136 sectors, 512 sectors, buffer, callback, 28)
nbdkit: debug: command 28 completed
nbdkit: vddk.11: debug: vddk: pread count=262144 offset=160122798080
nbdkit: debug: VDDK call: VixDiskLib_ReadAsync (handle, 312739840 sectors, 512 sectors, buffer, callback, 29)
nbdkit: debug: command 29 completed
nbdkit: vddk.10: debug: vddk: pread count=262144 offset=160129875968
nbdkit: debug: VDDK call: VixDiskLib_ReadAsync (handle, 312753664 sectors, 512 sectors, buffer, callback, 30)
nbdkit: debug: command 30 completed
nbdkit: vddk.13: debug: vddk: pread count=262144 offset=160020037632
nbdkit: debug: VDDK call: VixDiskLib_ReadAsync (handle, 312539136 sectors, 512 sectors, buffer, callback, 31)
nbdkit: debug: command 31 completed
nbdkit: vddk.15: debug: vddk: pread count=262144 offset=160013746176
nbdkit: debug: VDDK call: VixDiskLib_ReadAsync (handle, 312526848 sectors, 512 sectors, buffer, callback, 32)
nbdkit: debug: command 32 completed
nbdkit: vddk.14: debug: vddk: pread count=262144 offset=632434982912
nbdkit: debug: VDDK call: VixDiskLib_ReadAsync (handle, 1235224576 sectors, 512 sectors, buffer, callback, 33)
nbdkit: debug: command 33 completed
nbdkit: vddk.12: debug: vddk: pread count=262144 offset=112746299392
nbdkit: debug: VDDK call: VixDiskLib_ReadAsync (handle, 220207616 sectors, 512 sectors, buffer, callback, 34)
nbdkit: debug: command 34 completed
nbdkit: vddk.0: debug: vddk: pread count=262144 offset=112788766720
nbdkit: debug: VDDK call: VixDiskLib_ReadAsync (handle, 220290560 sectors, 512 sectors, buffer, callback, 35)
nbdkit: debug: command 35 completed
nbdkit: vddk.2: debug: vddk: pread count=262144 offset=112769105920
nbdkit: debug: VDDK call: VixDiskLib_ReadAsync (handle, 220252160 sectors, 512 sectors, buffer, callback, 36)
nbdkit: debug: command 36 completed
nbdkit: vddk.1: debug: vddk: pread count=262144 offset=120486625280
nbdkit: debug: VDDK call: VixDiskLib_ReadAsync (handle, 235325440 sectors, 512 sectors, buffer, callback, 37)
nbdkit: debug: command 37 completed
nbdkit: vddk.3: debug: vddk: pread count=262144 offset=140661227520
nbdkit: debug: VDDK call: VixDiskLib_ReadAsync (handle, 274728960 sectors, 512 sectors, buffer, callback, 38)
nbdkit: debug: command 38 completed
nbdkit: vddk.5: debug: vddk: pread count=262144 offset=155728478208
nbdkit: debug: VDDK call: VixDiskLib_ReadAsync (handle, 304157184 sectors, 512 sectors, buffer, callback, 39)
nbdkit: debug: command 39 completed
nbdkit: vddk.4: debug: vddk: pread count=262144 offset=108583714816
nbdkit: debug: VDDK call: VixDiskLib_ReadAsync (handle, 212077568 sectors, 512 sectors, buffer, callback, 40)
nbdkit: debug: command 40 completed
nbdkit: vddk.6: debug: vddk: pread count=262144 offset=155729788928
nbdkit: debug: VDDK call: VixDiskLib_ReadAsync (handle, 304159744 sectors, 512 sectors, buffer, callback, 41)
nbdkit: debug: command 41 completed
nbdkit: vddk.7: debug: vddk: pread count=262144 offset=108450283520
nbdkit: debug: VDDK call: VixDiskLib_ReadAsync (handle, 211816960 sectors, 512 sectors, buffer, callback, 42)
nbdkit: debug: command 42 completed
nbdkit: vddk.9: debug: vddk: pread count=262144 offset=155941076992
nbdkit: debug: VDDK call: VixDiskLib_ReadAsync (handle, 304572416 sectors, 512 sectors, buffer, callback, 43)
nbdkit: debug: command 43 completed
nbdkit: vddk.8: debug: vddk: pread count=262144 offset=108482789376
nbdkit: debug: VDDK call: VixDiskLib_ReadAsync (handle, 211880448 sectors, 512 sectors, buffer, callback, 44)
nbdkit: debug: command 44 completed
nbdkit: vddk.11: debug: vddk: pread count=262144 offset=89751027712
nbdkit: debug: VDDK call: VixDiskLib_ReadAsync (handle, 175294976 sectors, 512 sectors, buffer, callback, 45)
nbdkit: debug: command 45 completed
nbdkit: vddk.10: debug: vddk: pread count=262144 offset=84874887168
nbdkit: debug: VDDK call: VixDiskLib_ReadAsync (handle, 165771264 sectors, 512 sectors, buffer, callback, 46)
nbdkit: debug: command 46 completed
nbdkit: vddk.13: debug: vddk: pread count=262144 offset=84878295040
nbdkit: debug: VDDK call: VixDiskLib_ReadAsync (handle, 165777920 sectors, 512 sectors, buffer, callback, 47)
nbdkit: debug: command 47 completed
nbdkit: vddk.15: debug: vddk: pread count=262144 offset=157842407424
nbdkit: debug: VDDK call: VixDiskLib_ReadAsync (handle, 308285952 sectors, 512 sectors, buffer, callback, 48)
nbdkit: debug: command 48 completed
nbdkit: vddk.14: debug: vddk: pread count=524288 offset=84915257344
nbdkit: debug: VDDK call: VixDiskLib_ReadAsync (handle, 165850112 sectors, 1024 sectors, buffer, callback, 49)
nbdkit: debug: command 49 completed
nbdkit: vddk.12: debug: vddk: pread count=262144 offset=106301489152
nbdkit: debug: VDDK call: VixDiskLib_ReadAsync (handle, 207620096 sectors, 512 sectors, buffer, callback, 50)
nbdkit: debug: command 50 completed
nbdkit: vddk.0: debug: vddk: pread count=262144 offset=89756008448
nbdkit: debug: VDDK call: VixDiskLib_ReadAsync (handle, 175304704 sectors, 512 sectors, buffer, callback, 51)
nbdkit: debug: command 51 completed
nbdkit: vddk.2: debug: vddk: pread count=262144 offset=633826181120
nbdkit: debug: VDDK call: VixDiskLib_ReadAsync (handle, 1237941760 sectors, 512 sectors, buffer, callback, 52)
nbdkit: debug: command 52 completed
nbdkit: vddk.1: debug: vddk: pread count=262144 offset=89757581312
nbdkit: debug: VDDK call: VixDiskLib_ReadAsync (handle, 175307776 sectors, 512 sectors, buffer, callback, 53)
nbdkit: debug: command 53 completed
nbdkit: vddk.3: debug: vddk: pread count=262144 offset=91269103616
nbdkit: debug: VDDK call: VixDiskLib_ReadAsync (handle, 178259968 sectors, 512 sectors, buffer, callback, 54)
nbdkit: debug: command 54 completed
nbdkit: vddk.5: debug: vddk: pread count=262144 offset=638877433856
nbdkit: debug: VDDK call: VixDiskLib_ReadAsync (handle, 1247807488 sectors, 512 sectors, buffer, callback, 55)
nbdkit: debug: command 55 completed
